IQ-TREE multicore version 2.2.2.3 COVID-edition for Linux 64-bit built Apr  7 2023
Developed by Bui Quang Minh, James Barbetti, Nguyen Lam Tung,
Olga Chernomor, Heiko Schmidt, Dominik Schrempf, Michael Woodhams, Ly Trong Nhan.

Host:    64923e67824f (AVX512, FMA3, 62 GB RAM)
Command: iqtree -T AUTO --threads-max 2 -s /app/outputs/analyses/606/20250712T034645/between_sample_distances/A/clade_A_seqs.aligned.fasta
Seed:    195788 (Using SPRNG - Scalable Parallel Random Number Generator)
Time:    Fri Jul 11 22:53:25 2025
Kernel:  AVX+FMA - auto-detect threads (36 CPU cores detected)

Reading alignment file /app/outputs/analyses/606/20250712T034645/between_sample_distances/A/clade_A_seqs.aligned.fasta ... Fasta format detected
Reading fasta file: done in 0.00067997 secs using 0.4412% CPU
Alignment most likely contains DNA/RNA sequences
Constructing alignment: done in 0.00090003 secs using 2549% CPU
Alignment has 71 sequences with 325 columns, 97 distinct patterns
54 parsimony-informative, 20 singleton sites, 251 constant sites
         Gap/Ambiguity  Composition  p-value
Analyzing sequences: done in 0.000120878 secs using 3484% CPU
   1  1919239   28.00%    passed     95.43%
   2  4230024   27.08%    passed     98.84%
   3  38154     27.69%    passed     99.59%
   4  38162     27.69%    passed     99.90%
   5  38163     27.69%    passed     98.76%
   6  4229907   27.69%    passed     99.28%
   7  38165     27.69%    passed     99.98%
   8  29206     27.69%    passed     99.90%
   9  30487     27.69%    passed     99.28%
  10  4227991    7.08%    passed     98.68%
  11  1947546   27.38%    passed     98.85%
  12  31003     28.00%    passed     96.43%
  13  3594650   28.00%    passed     92.23%
  14  62749     27.08%    passed     99.04%
  15  1265953   25.54%    passed     84.30%
  16  1265442   27.08%    passed     98.84%
  17  38182     27.69%    passed     98.99%
  18  38185     27.69%    passed     99.63%
  19  1265449   27.08%    passed     98.17%
  20  49580     27.69%    passed     98.55%
  21  136620    27.69%    passed     99.28%
  22  45742     27.69%    passed     99.93%
  23  5737005   27.69%    passed     99.98%
  24  38192     28.00%    passed     98.08%
  25  5737006   30.15%    passed     99.36%
  26  5737010   27.69%    passed     98.96%
  27  5737392   29.54%    passed     95.81%
  28  5737393   27.69%    passed     99.89%
  29  5737394   26.15%    passed     99.96%
  30  45238     27.69%    passed     99.59%
  31  5137462   28.00%    passed     96.43%
  32  5737395   28.00%    passed     98.37%
  33  448765    27.69%    passed     99.00%
  34  29370     27.08%    passed     98.32%
  35  29371     27.69%    passed     99.84%
  36  29372     27.08%    passed     97.47%
  37  2768059   27.69%    passed     99.62%
  38  4228157   28.00%    passed     95.76%
  39  45759     28.00%    passed     99.47%
  40  136513    27.69%    passed     99.57%
  41  54466     27.69%    passed     99.41%
  42  1157196   25.54%    passed     90.28%
  43  5137484   27.08%    passed     97.49%
  44  45266     27.69%    passed     99.93%
  45  43731     28.00%    passed     99.30%
  46  52307     28.00%    passed     93.26%
  47  5737049   27.69%    passed     97.43%
  48  52318     27.69%    passed     96.92%
  49  307423    27.69%    passed     99.60%
  50  72928     27.69%    passed     99.35%
  51  1913826   28.00%    passed     94.75%
  52  1913827   27.69%    passed     98.56%
  53  29284     27.69%    passed     99.57%
  54  40166     27.69%    passed     99.50%
  55  1913831   26.46%    passed     99.45%
  56  1913832   27.38%    passed     99.62%
  57  2551016   27.69%    passed     96.50%
  58  40170     27.69%    passed     99.98%
  59  4914792   27.38%    passed     99.70%
  60  3591788   28.00%    passed     97.69%
  61  3591789   27.69%    passed     97.14%
  62  5123965   28.00%    passed     99.61%
  63  5737063   27.69%    passed     97.75%
  64  190960    27.69%    passed     99.53%
  65  5737330   28.31%    passed     98.57%
  66  55155     28.00%    passed     99.61%
  67  1391092   27.38%    passed     97.61%
  68  8181      27.69%    passed     99.89%
  69  4229493   27.69%    passed     99.14%
  70  40189     27.69%    passed     99.93%
  71  30719     27.69%    passed     99.59%
****  TOTAL     27.35%  0 sequences failed composition chi2 test (p-value<5%; df=3)
Checking for duplicate sequences: done in 0.000359058 secs using 3476% CPU


Create initial parsimony tree by phylogenetic likelihood library (PLL)... 0.004 seconds
Measuring multi-threading efficiency up to 2 CPU cores
Increase to 10 rounds for branch lengths
150 trees examined
Threads: 1 / Time: 2.005 sec / Speedup: 1.000 / Efficiency: 100% / LogL: -1937
Threads: 2 / Time: 2.075 sec / Speedup: 0.966 / Efficiency: 48% / LogL: -1937
Determining AUTO threadcount: done in 4.07945 secs using 304.1% CPU
BEST NUMBER OF THREADS: 1

Perform fast likelihood tree search using GTR+I+G model...
Estimate model parameters (epsilon = 5.000)
Perform nearest neighbor interchange...
Optimizing NNI: done in 0.00780511 secs using 199.9% CPU
Estimate model parameters (epsilon = 1.000)
1. Initial log-likelihood: -1098.460
Optimal log-likelihood: -1098.456
Rate parameters:  A-C: 0.77760  A-G: 2.17408  A-T: 0.43808  C-G: 1.20347  C-T: 1.89152  G-T: 1.00000
Base frequencies:  A: 0.202  C: 0.225  G: 0.228  T: 0.345
Proportion of invariable sites: 0.370
Gamma shape alpha: 3.341
Parameters optimization took 1 rounds (0.007 sec)
Time for fast ML tree search: 0.048 seconds

NOTE: ModelFinder requires 2 MB RAM!
ModelFinder will test up to 484 DNA models (sample size: 325) ...
 No. Model         -LnL         df  AIC          AICc         BIC
  1  GTR+F         1105.812     147 2505.624     2751.455     3061.846
  2  GTR+F+I       1098.884     148 2493.769     2744.360     3053.775
  3  GTR+F+G4      1098.229     148 2492.458     2743.049     3052.464
  4  GTR+F+I+G4    1098.453     149 2494.906     2750.334     3058.695
  5  GTR+F+R2      1098.579     149 2495.157     2750.586     3058.947
  6  GTR+F+R3      1098.218     151 2498.437     2763.778     3069.794
 14  GTR+F+I+R2    1098.473     150 2496.946     2757.291     3064.519
 15  GTR+F+I+R3    1098.402     152 2500.805     2771.223     3075.946
 23  SYM           1114.017     144 2516.034     2748.034     3060.905
 24  SYM+I         1106.688     145 2503.376     2739.912     3052.030
 25  SYM+G4        1106.408     145 2502.816     2739.353     3051.471
 26  SYM+I+G4      1106.461     146 2504.923     2746.069     3057.361
 27  SYM+R2        1106.717     146 2505.434     2746.580     3057.872
 45  TVM+F         1106.030     146 2504.059     2745.205     3056.498
 46  TVM+F+I       1098.973     147 2491.945     2737.776     3048.168
 47  TVM+F+G4      1098.355     147 2490.710     2736.540     3046.932
 48  TVM+F+I+G4    1098.556     148 2493.112     2743.703     3053.118
 49  TVM+F+R2      1098.707     148 2493.414     2744.005     3053.420
 67  TVMe          1114.035     143 2514.071     2741.607     3055.158
 68  TVMe+I        1106.819     144 2501.638     2733.638     3046.509
 69  TVMe+G4       1106.487     144 2500.973     2732.973     3045.844
 70  TVMe+I+G4     1106.565     145 2503.131     2739.667     3051.786
 71  TVMe+R2       1106.791     145 2503.582     2740.118     3052.236
 89  TIM3+F        1108.287     145 2506.574     2743.110     3055.228
 90  TIM3+F+I      1101.053     146 2494.106     2735.252     3046.544
 91  TIM3+F+G4     1100.320     146 2492.640     2733.786     3045.079
 92  TIM3+F+I+G4   1100.545     147 2495.090     2740.921     3051.313
 93  TIM3+F+R2     1100.633     147 2495.266     2741.096     3051.488
111  TIM3e         1117.024     142 2518.047     2741.190     3055.350
112  TIM3e+I       1109.409     143 2504.818     2732.354     3045.905
113  TIM3e+G4      1109.065     143 2504.130     2731.666     3045.217
114  TIM3e+I+G4    1109.126     144 2506.253     2738.253     3051.123
115  TIM3e+R2      1109.343     144 2506.686     2738.686     3051.557
133  TIM2+F        1106.399     145 2502.798     2739.335     3051.453
134  TIM2+F+I      1099.509     146 2491.018     2732.164     3043.456
135  TIM2+F+G4     1098.926     146 2489.852     2730.998     3042.291
136  TIM2+F+I+G4   1099.119     147 2492.238     2738.069     3048.460
137  TIM2+F+R2     1099.266     147 2492.531     2738.362     3048.753
155  TIM2e         1114.207     142 2512.413     2735.556     3049.716
156  TIM2e+I       1106.879     143 2499.758     2727.294     3040.845
157  TIM2e+G4      1106.613     143 2499.227     2726.762     3040.314
158  TIM2e+I+G4    1106.661     144 2501.322     2733.322     3046.193
159  TIM2e+R2      1106.916     144 2501.832     2733.832     3046.703
177  TIM+F         1108.585     145 2507.171     2743.707     3055.825
178  TIM+F+I       1101.317     146 2494.634     2735.780     3047.072
179  TIM+F+G4      1100.655     146 2493.310     2734.456     3045.749
180  TIM+F+I+G4    1100.839     147 2495.678     2741.508     3051.900
181  TIM+F+R2      1100.970     147 2495.940     2741.771     3052.163
199  TIMe          1116.873     142 2517.745     2740.888     3055.048
200  TIMe+I        1109.159     143 2504.319     2731.855     3045.406
201  TIMe+G4       1108.826     143 2503.652     2731.188     3044.739
202  TIMe+I+G4     1108.872     144 2505.745     2737.745     3050.616
203  TIMe+R2       1109.109     144 2506.218     2738.218     3051.089
221  TPM3u+F       1108.506     144 2505.011     2737.011     3049.882
222  TPM3u+F+I     1101.151     145 2492.301     2728.838     3040.956
223  TPM3u+F+G4    1100.459     145 2490.918     2727.454     3039.573
224  TPM3u+F+I+G4  1100.661     146 2493.321     2734.467     3045.760
225  TPM3u+F+R2    1100.770     146 2493.540     2734.686     3045.978
243  TPM3          1117.041     141 2516.082     2734.902     3049.601
244  TPM3+I        1109.537     142 2503.074     2726.216     3040.377
245  TPM3+G4       1109.139     142 2502.279     2725.421     3039.582
246  TPM3+I+G4     1109.225     143 2504.450     2731.986     3045.537
247  TPM3+R2       1109.413     143 2504.827     2732.363     3045.914
265  TPM2u+F       1106.616     144 2501.232     2733.232     3046.102
266  TPM2u+F+I     1099.599     145 2489.197     2725.734     3037.852
267  TPM2u+F+G4    1099.056     145 2488.113     2724.649     3036.767
268  TPM2u+F+I+G4  1099.225     146 2490.450     2731.596     3042.888
269  TPM2u+F+R2    1099.398     146 2490.796     2731.942     3043.235
287  TPM2          1114.225     141 2510.450     2729.270     3043.970
288  TPM2+I        1107.014     142 2498.027     2721.170     3035.330
289  TPM2+G4       1106.694     142 2497.388     2720.531     3034.691
290  TPM2+I+G4     1106.769     143 2499.538     2727.074     3040.625
291  TPM2+R2       1106.993     143 2499.985     2727.521     3041.073
309  K3Pu+F        1108.804     144 2505.608     2737.608     3050.479
310  K3Pu+F+I      1101.415     145 2492.831     2729.367     3041.485
311  K3Pu+F+G4     1100.800     145 2491.601     2728.137     3040.255
312  K3Pu+F+I+G4   1100.958     146 2493.917     2735.063     3046.355
313  K3Pu+F+R2     1101.115     146 2494.229     2735.376     3046.668
331  K3P           1116.890     141 2515.780     2734.599     3049.299
332  K3P+I         1109.289     142 2502.579     2725.722     3039.882
333  K3P+G4        1108.901     142 2501.802     2724.945     3039.105
334  K3P+I+G4      1108.973     143 2503.945     2731.481     3045.032
335  K3P+R2        1109.182     143 2504.365     2731.901     3045.452
353  TN+F          1108.755     144 2505.511     2737.511     3050.381
354  TN+F+I        1101.511     145 2493.023     2729.559     3041.677
355  TN+F+G4       1100.852     145 2491.703     2728.240     3040.358
356  TN+F+I+G4     1101.040     146 2494.079     2735.226     3046.518
357  TN+F+R2       1101.161     146 2494.322     2735.469     3046.761
375  TNe           1117.085     141 2516.171     2734.991     3049.690
376  TNe+I         1109.420     142 2502.841     2725.984     3040.144
377  TNe+G4        1109.094     142 2502.188     2725.331     3039.492
378  TNe+I+G4      1109.144     143 2504.289     2731.825     3045.376
379  TNe+R2        1109.369     143 2504.738     2732.274     3045.825
397  HKY+F         1108.974     143 2503.948     2731.484     3045.035
398  HKY+F+I       1101.611     144 2491.222     2723.222     3036.093
399  HKY+F+G4      1100.998     144 2489.995     2721.995     3034.866
400  HKY+F+I+G4    1101.163     145 2492.326     2728.862     3040.980
401  HKY+F+R2      1101.307     145 2492.613     2729.149     3041.268
419  K2P           1117.103     140 2514.206     2728.771     3043.942
420  K2P+I         1109.551     141 2501.101     2719.921     3034.620
421  K2P+G4        1109.170     141 2500.340     2719.160     3033.859
422  K2P+I+G4      1109.246     142 2502.492     2725.635     3039.795
423  K2P+R2        1109.443     142 2502.886     2726.028     3040.189
441  F81+F         1117.444     142 2518.888     2742.030     3056.191
442  F81+F+I       1110.522     143 2507.044     2734.580     3048.131
443  F81+F+G4      1109.875     143 2505.749     2733.285     3046.836
444  F81+F+I+G4    1110.089     144 2508.178     2740.178     3053.049
445  F81+F+R2      1110.233     144 2508.466     2740.466     3053.336
463  JC            1125.767     139 2529.533     2739.912     3055.485
464  JC+I          1118.510     140 2517.020     2731.585     3046.755
465  JC+G4         1118.096     140 2516.191     2730.757     3045.927
466  JC+I+G4       1118.205     141 2518.409     2737.229     3051.928
467  JC+R2         1118.426     141 2518.852     2737.671     3052.371
Akaike Information Criterion:           TPM2u+F+G4
Corrected Akaike Information Criterion: K2P+G4
Bayesian Information Criterion:         K2P+G4
Best-fit model: K2P+G4 chosen according to BIC

All model information printed to /app/outputs/analyses/606/20250712T034645/between_sample_distances/A/clade_A_seqs.aligned.fasta.model.gz
CPU time for ModelFinder: 15.378 seconds (0h:0m:15s)
Wall-clock time for ModelFinder: 6.216 seconds (0h:0m:6s)

NOTE: 0 MB RAM (0 GB) is required!
Estimate model parameters (epsilon = 0.100)
1. Initial log-likelihood: -1109.170
Optimal log-likelihood: -1109.170
Rate parameters:  A-C: 1.00000  A-G: 2.36949  A-T: 1.00000  C-G: 1.00000  C-T: 2.36949  G-T: 1.00000
Base frequencies:  A: 0.250  C: 0.250  G: 0.250  T: 0.250
Gamma shape alpha: 0.670
Parameters optimization took 1 rounds (0.004 sec)
Wrote distance file to... 
Computing ML distances based on estimated model parameters...
Calculating distance matrix: done in 0.0243161 secs using 100% CPU
Computing ML distances took 0.024352 sec (of wall-clock time) 0.024354 sec (of CPU time)
Setting up auxiliary I and S matrices: done in 0.000433922 secs using 114.1% CPU
Constructing RapidNJ tree: done in 0.000822067 secs using 218.5% CPU
Computing RapidNJ tree took 0.001332 sec (of wall-clock time) 0.002366 sec (of CPU time)
Log-likelihood of RapidNJ tree: -1112.466
--------------------------------------------------------------------
|             INITIALIZING CANDIDATE TREE SET                      |
--------------------------------------------------------------------
Generating 98 parsimony trees... 0.172 second
Computing log-likelihood of 98 initial trees ... 0.182 seconds
Current best score: -1107.967

Do NNI search on 20 best initial trees
Optimizing NNI: done in 0.0226681 secs using 99.91% CPU
Estimate model parameters (epsilon = 0.100)
BETTER TREE FOUND at iteration 1: -1107.786
Optimizing NNI: done in 0.0225091 secs using 99.99% CPU
Optimizing NNI: done in 0.0226789 secs using 99.99% CPU
Optimizing NNI: done in 0.0221992 secs using 99.98% CPU
Optimizing NNI: done in 0.0223811 secs using 99.99% CPU
Optimizing NNI: done in 0.0229049 secs using 99.99% CPU
Optimizing NNI: done in 0.0225608 secs using 99.99% CPU
Optimizing NNI: done in 0.0222709 secs using 99.99% CPU
Optimizing NNI: done in 0.0222199 secs using 99.99% CPU
Optimizing NNI: done in 0.0222292 secs using 99.99% CPU
Iteration 10 / LogL: -1108.503 / Time: 0h:0m:0s
Optimizing NNI: done in 0.022526 secs using 99.99% CPU
Optimizing NNI: done in 0.0224111 secs using 99.99% CPU
Optimizing NNI: done in 0.0213859 secs using 99.99% CPU
Optimizing NNI: done in 0.021385 secs using 99.99% CPU
Optimizing NNI: done in 0.022341 secs using 99.98% CPU
Optimizing NNI: done in 0.0221939 secs using 99.99% CPU
Optimizing NNI: done in 0.0228 secs using 99.99% CPU
Optimizing NNI: done in 0.0226169 secs using 99.99% CPU
Optimizing NNI: done in 0.0224061 secs using 99.99% CPU
Optimizing NNI: done in 0.0221908 secs using 99.99% CPU
Iteration 20 / LogL: -1108.875 / Time: 0h:0m:0s
Finish initializing candidate tree set (20)
Current best tree score: -1107.786 / CPU time: 0.820
Number of iterations: 20
--------------------------------------------------------------------
|               OPTIMIZING CANDIDATE TREE SET                      |
--------------------------------------------------------------------
Optimizing NNI: done in 0.030057 secs using 99.92% CPU
Optimizing NNI: done in 0.0366569 secs using 99.99% CPU
Optimizing NNI: done in 0.042985 secs using 99.93% CPU
Optimizing NNI: done in 0.0375581 secs using 99.99% CPU
Optimizing NNI: done in 0.0419052 secs using 99.99% CPU
Optimizing NNI: done in 0.0333889 secs using 99.99% CPU
Optimizing NNI: done in 0.0365911 secs using 99.99% CPU
Optimizing NNI: done in 0.0411012 secs using 99.99% CPU
Optimizing NNI: done in 0.0402501 secs using 99.97% CPU
Optimizing NNI: done in 0.0444551 secs using 99.99% CPU
Iteration 30 / LogL: -1113.025 / Time: 0h:0m:1s (0h:0m:3s left)
Optimizing NNI: done in 0.0451162 secs using 99.99% CPU
Optimizing NNI: done in 0.030684 secs using 99.99% CPU
Optimizing NNI: done in 0.035893 secs using 99.99% CPU
Optimizing NNI: done in 0.0355039 secs using 99.95% CPU
Optimizing NNI: done in 0.035893 secs using 99.99% CPU
Optimizing NNI: done in 0.0373728 secs using 99.99% CPU
Optimizing NNI: done in 0.028111 secs using 99.99% CPU
Optimizing NNI: done in 0.0438001 secs using 99.99% CPU
Optimizing NNI: done in 0.041163 secs using 99.99% CPU
Optimizing NNI: done in 0.037504 secs using 99.99% CPU
Iteration 40 / LogL: -1107.821 / Time: 0h:0m:1s (0h:0m:2s left)
Optimizing NNI: done in 0.0381958 secs using 100% CPU
Optimizing NNI: done in 0.030184 secs using 99.99% CPU
Optimizing NNI: done in 0.045207 secs using 99.99% CPU
Optimizing NNI: done in 0.0351441 secs using 99.99% CPU
Optimizing NNI: done in 0.04368 secs using 99.97% CPU
Optimizing NNI: done in 0.0418839 secs using 99.97% CPU
Optimizing NNI: done in 0.0296779 secs using 99.97% CPU
Optimizing NNI: done in 0.0221801 secs using 99.99% CPU
Optimizing NNI: done in 0.0421009 secs using 99.99% CPU
Optimizing NNI: done in 0.0429938 secs using 99.99% CPU
Iteration 50 / LogL: -1107.789 / Time: 0h:0m:2s (0h:0m:2s left)
Optimizing NNI: done in 0.045105 secs using 99.99% CPU
Optimizing NNI: done in 0.043843 secs using 97.93% CPU
Optimizing NNI: done in 0.0349212 secs using 99.93% CPU
Optimizing NNI: done in 0.0364041 secs using 99.99% CPU
Optimizing NNI: done in 0.038043 secs using 99.99% CPU
Optimizing NNI: done in 0.042053 secs using 100% CPU
Optimizing NNI: done in 0.0365369 secs using 99.99% CPU
Optimizing NNI: done in 0.0591631 secs using 99.97% CPU
Optimizing NNI: done in 0.036989 secs using 99.99% CPU
BETTER TREE FOUND at iteration 59: -1107.784
Optimizing NNI: done in 0.029676 secs using 99.99% CPU
Iteration 60 / LogL: -1111.960 / Time: 0h:0m:2s (0h:0m:4s left)
Optimizing NNI: done in 0.028955 secs using 99.99% CPU
BETTER TREE FOUND at iteration 61: -1107.784
Optimizing NNI: done in 0.0490799 secs using 99.99% CPU
Optimizing NNI: done in 0.0440612 secs using 99.99% CPU
Optimizing NNI: done in 0.0294042 secs using 99.99% CPU
Optimizing NNI: done in 0.047996 secs using 99.99% CPU
Optimizing NNI: done in 0.0438209 secs using 99.99% CPU
Optimizing NNI: done in 0.0406339 secs using 99.99% CPU
Optimizing NNI: done in 0.0374639 secs using 97.37% CPU
Optimizing NNI: done in 0.0282431 secs using 99.99% CPU
Optimizing NNI: done in 0.0552509 secs using 100% CPU
Iteration 70 / LogL: -1107.794 / Time: 0h:0m:2s (0h:0m:3s left)
Optimizing NNI: done in 0.0434999 secs using 100% CPU
Optimizing NNI: done in 0.03036 secs using 99.91% CPU
Optimizing NNI: done in 0.0294261 secs using 99.99% CPU
Optimizing NNI: done in 0.0360889 secs using 99.99% CPU
Optimizing NNI: done in 0.0222049 secs using 99.99% CPU
Optimizing NNI: done in 0.0388138 secs using 100% CPU
Optimizing NNI: done in 0.0545621 secs using 99.99% CPU
Optimizing NNI: done in 0.042978 secs using 99.99% CPU
Optimizing NNI: done in 0.038125 secs using 99.99% CPU
Optimizing NNI: done in 0.029772 secs using 99.99% CPU
Iteration 80 / LogL: -1112.494 / Time: 0h:0m:3s (0h:0m:3s left)
Optimizing NNI: done in 0.0423901 secs using 99.98% CPU
Optimizing NNI: done in 0.0370941 secs using 99.99% CPU
Optimizing NNI: done in 0.037457 secs using 99.99% CPU
Optimizing NNI: done in 0.0410111 secs using 99.99% CPU
Optimizing NNI: done in 0.0294921 secs using 99.99% CPU
Optimizing NNI: done in 0.038815 secs using 99.99% CPU
Optimizing NNI: done in 0.0423639 secs using 99.99% CPU
Optimizing NNI: done in 0.0379362 secs using 97.49% CPU
Optimizing NNI: done in 0.0271721 secs using 99.97% CPU
Optimizing NNI: done in 0.043483 secs using 100% CPU
Iteration 90 / LogL: -1107.790 / Time: 0h:0m:3s (0h:0m:2s left)
Optimizing NNI: done in 0.040179 secs using 99.99% CPU
Optimizing NNI: done in 0.035579 secs using 99.99% CPU
Optimizing NNI: done in 0.0442641 secs using 99.99% CPU
Optimizing NNI: done in 0.030339 secs using 99.99% CPU
Optimizing NNI: done in 0.03635 secs using 99.99% CPU
Optimizing NNI: done in 0.0215089 secs using 99.99% CPU
Optimizing NNI: done in 0.029635 secs using 99.99% CPU
Optimizing NNI: done in 0.03373 secs using 97.12% CPU
Optimizing NNI: done in 0.0568311 secs using 99.9% CPU
Optimizing NNI: done in 0.0342889 secs using 99.99% CPU
Iteration 100 / LogL: -1111.123 / Time: 0h:0m:4s (0h:0m:2s left)
Optimizing NNI: done in 0.0427842 secs using 99.99% CPU
Optimizing NNI: done in 0.04792 secs using 99.97% CPU
Optimizing NNI: done in 0.0301549 secs using 99.99% CPU
Optimizing NNI: done in 0.0302 secs using 99.99% CPU
Optimizing NNI: done in 0.0357499 secs using 99.99% CPU
Optimizing NNI: done in 0.0333481 secs using 99.99% CPU
Optimizing NNI: done in 0.0423748 secs using 99.96% CPU
Optimizing NNI: done in 0.0436192 secs using 99.99% CPU
Optimizing NNI: done in 0.046077 secs using 99.99% CPU
Optimizing NNI: done in 0.052285 secs using 100% CPU
Iteration 110 / LogL: -1107.788 / Time: 0h:0m:4s (0h:0m:2s left)
Optimizing NNI: done in 0.0340769 secs using 99.99% CPU
Optimizing NNI: done in 0.034852 secs using 99.99% CPU
Optimizing NNI: done in 0.0253179 secs using 99.99% CPU
Optimizing NNI: done in 0.0428631 secs using 100% CPU
Optimizing NNI: done in 0.0553041 secs using 100% CPU
Optimizing NNI: done in 0.034766 secs using 99.99% CPU
Optimizing NNI: done in 0.0206079 secs using 99.99% CPU
Optimizing NNI: done in 0.034373 secs using 99.99% CPU
Optimizing NNI: done in 0.0402482 secs using 99.99% CPU
Optimizing NNI: done in 0.0456281 secs using 99.99% CPU
Iteration 120 / LogL: -1107.788 / Time: 0h:0m:4s (0h:0m:1s left)
Optimizing NNI: done in 0.029217 secs using 99.99% CPU
Optimizing NNI: done in 0.0341241 secs using 99.99% CPU
Optimizing NNI: done in 0.0301361 secs using 99.88% CPU
Optimizing NNI: done in 0.029598 secs using 99.99% CPU
Optimizing NNI: done in 0.0424049 secs using 99.97% CPU
Optimizing NNI: done in 0.0360651 secs using 99.99% CPU
Optimizing NNI: done in 0.0471511 secs using 99.99% CPU
Optimizing NNI: done in 0.036536 secs using 99.99% CPU
Optimizing NNI: done in 0.044636 secs using 99.99% CPU
Optimizing NNI: done in 0.0289271 secs using 99.99% CPU
Iteration 130 / LogL: -1114.804 / Time: 0h:0m:5s (0h:0m:1s left)
Optimizing NNI: done in 0.0296659 secs using 99.96% CPU
Optimizing NNI: done in 0.028055 secs using 99.99% CPU
Optimizing NNI: done in 0.044745 secs using 100% CPU
Optimizing NNI: done in 0.0455582 secs using 99.99% CPU
Optimizing NNI: done in 0.037184 secs using 99.99% CPU
Optimizing NNI: done in 0.039856 secs using 99.99% CPU
Optimizing NNI: done in 0.0440581 secs using 99.99% CPU
Optimizing NNI: done in 0.0372131 secs using 99.99% CPU
Optimizing NNI: done in 0.0360711 secs using 99.99% CPU
Optimizing NNI: done in 0.043025 secs using 99.97% CPU
Iteration 140 / LogL: -1107.786 / Time: 0h:0m:5s (0h:0m:0s left)
Optimizing NNI: done in 0.036221 secs using 99.99% CPU
Optimizing NNI: done in 0.022403 secs using 99.99% CPU
Optimizing NNI: done in 0.036355 secs using 99.99% CPU
Optimizing NNI: done in 0.0287399 secs using 99.99% CPU
Optimizing NNI: done in 0.027751 secs using 99.99% CPU
Optimizing NNI: done in 0.0217671 secs using 99.99% CPU
Optimizing NNI: done in 0.0483258 secs using 99.99% CPU
Optimizing NNI: done in 0.022192 secs using 99.99% CPU
Optimizing NNI: done in 0.0280221 secs using 99.95% CPU
Optimizing NNI: done in 0.0360391 secs using 99.99% CPU
Iteration 150 / LogL: -1107.787 / Time: 0h:0m:5s (0h:0m:0s left)
Optimizing NNI: done in 0.0278449 secs using 99.99% CPU
Optimizing NNI: done in 0.029299 secs using 99.99% CPU
Optimizing NNI: done in 0.03497 secs using 99.99% CPU
Optimizing NNI: done in 0.034431 secs using 99.99% CPU
Optimizing NNI: done in 0.025964 secs using 99.99% CPU
Optimizing NNI: done in 0.046731 secs using 99.99% CPU
Optimizing NNI: done in 0.044106 secs using 99.99% CPU
Optimizing NNI: done in 0.0367401 secs using 99.96% CPU
Optimizing NNI: done in 0.030093 secs using 99.99% CPU
Optimizing NNI: done in 0.0217829 secs using 99.99% CPU
Iteration 160 / LogL: -1111.086 / Time: 0h:0m:6s (0h:0m:0s left)
Optimizing NNI: done in 0.030127 secs using 99.99% CPU
Optimizing NNI: done in 0.059835 secs using 100% CPU
TREE SEARCH COMPLETED AFTER 162 ITERATIONS / Time: 0h:0m:6s

--------------------------------------------------------------------
|                    FINALIZING TREE SEARCH                        |
--------------------------------------------------------------------
Performs final model parameters optimization
Estimate model parameters (epsilon = 0.010)
1. Initial log-likelihood: -1107.784
Optimal log-likelihood: -1107.784
Rate parameters:  A-C: 1.00000  A-G: 2.46822  A-T: 1.00000  C-G: 1.00000  C-T: 2.46822  G-T: 1.00000
Base frequencies:  A: 0.250  C: 0.250  G: 0.250  T: 0.250
Gamma shape alpha: 0.667
Parameters optimization took 1 rounds (0.005 sec)
BEST SCORE FOUND : -1107.784
Total tree length: 0.487

Total number of iterations: 162
CPU time used for tree search: 6.467 sec (0h:0m:6s)
Wall-clock time used for tree search: 6.298 sec (0h:0m:6s)
Total CPU time used: 6.541 sec (0h:0m:6s)
Total wall-clock time used: 6.359 sec (0h:0m:6s)

Analysis results written to: 
  IQ-TREE report:                /app/outputs/analyses/606/20250712T034645/between_sample_distances/A/clade_A_seqs.aligned.fasta.iqtree
  Maximum-likelihood tree:       /app/outputs/analyses/606/20250712T034645/between_sample_distances/A/clade_A_seqs.aligned.fasta.treefile
  Likelihood distances:          /app/outputs/analyses/606/20250712T034645/between_sample_distances/A/clade_A_seqs.aligned.fasta.mldist
  Screen log file:               /app/outputs/analyses/606/20250712T034645/between_sample_distances/A/clade_A_seqs.aligned.fasta.log

Date and Time: Fri Jul 11 22:53:37 2025
