IQ-TREE multicore version 2.2.2.3 COVID-edition for Linux 64-bit built Apr  7 2023
Developed by Bui Quang Minh, James Barbetti, Nguyen Lam Tung,
Olga Chernomor, Heiko Schmidt, Dominik Schrempf, Michael Woodhams, Ly Trong Nhan.

Host:    64923e67824f (AVX512, FMA3, 62 GB RAM)
Command: iqtree -T AUTO --threads-max 2 -s /app/outputs/analyses/606/20250712T034645/between_sample_distances/C/clade_C_seqs.aligned.fasta
Seed:    408807 (Using SPRNG - Scalable Parallel Random Number Generator)
Time:    Fri Jul 11 23:25:57 2025
Kernel:  AVX+FMA - auto-detect threads (36 CPU cores detected)

Reading alignment file /app/outputs/analyses/606/20250712T034645/between_sample_distances/C/clade_C_seqs.aligned.fasta ... Fasta format detected
Reading fasta file: done in 0.00230312 secs using 84.8% CPU
Alignment most likely contains DNA/RNA sequences
Constructing alignment: done in 0.000844955 secs using 2912% CPU
Alignment has 202 sequences with 301 columns, 182 distinct patterns
56 parsimony-informative, 48 singleton sites, 197 constant sites
         Gap/Ambiguity  Composition  p-value
Analyzing sequences: done in 6.8903e-05 secs using 3480% CPU
   1  5736960   12.29%    passed     99.82%
   2  1         12.62%    passed     98.81%
   3  2         12.62%    passed     99.64%
   4  4         12.96%    passed     99.86%
   5  5736969   12.62%    passed     99.89%
   6  790538    12.29%    passed     99.99%
   7  5736970   12.29%    passed     99.62%
   8  1269772   12.29%    passed     99.90%
   9  5736971   12.62%    passed     99.43%
  10  5736972   12.62%    passed     99.99%
  11  5736973   14.62%    passed     99.57%
  12  5736974   12.62%    passed     99.52%
  13  5736975   12.29%    passed     99.83%
  14  5736976   12.62%    passed     99.83%
  15  32        12.62%    passed     99.99%
  16  5736996   12.62%    passed     99.89%
  17  5736997   12.62%    passed     99.43%
  18  5736998   12.62%    passed     99.41%
  19  4103207   12.62%    passed     99.82%
  20  9768      12.62%    passed     99.95%
  21  41        14.95%    passed     98.80%
  22  22569     12.62%    passed     98.32%
  23  5736999   12.62%    passed     99.99%
  24  5737000   12.62%    passed     97.70%
  25  2553      12.62%    passed     98.32%
  26  4899373   12.29%    passed     99.95%
  27  5737001   12.62%    passed     99.99%
  28  5737002   12.29%    passed     99.83%
  29  5737003   12.62%    passed     97.77%
  30  5737004   12.62%    passed     99.41%
  31  3638      12.62%    passed     99.64%
  32  5737018   20.27%    passed     89.77%
  33  59        12.62%    passed     99.82%
  34  12353     12.62%    passed     99.88%
  35  3650      12.62%    passed     99.88%
  36  1103      12.62%    passed     96.19%
  37  80        12.96%    passed     99.98%
  38  1118      12.62%    passed     95.76%
  39  16993     14.62%    passed     98.67%
  40  91240     12.62%    passed     99.10%
  41  1903216   12.29%    passed     99.82%
  42  1592438   12.29%    passed     99.95%
  43  5737080   12.29%    passed     99.89%
  44  141       12.62%    passed     99.14%
  45  11408     17.61%    passed     99.06%
  46  3376785   19.93%    passed     80.23%
  47  161       12.62%    passed     99.95%
  48  1648295   12.62%    passed     99.53%
  49  5737128   24.92%    passed     98.94%
  50  42154     12.62%    passed     99.89%
  51  42156     14.95%    passed     97.47%
  52  3655857   12.62%    passed     99.19%
  53  6839      12.62%    passed     99.83%
  54  54465     11.96%    passed     99.94%
  55  5737162   12.62%    passed     99.13%
  56  5737163   12.62%    passed     99.89%
  57  5737164   12.62%    passed     99.13%
  58  5737165   12.62%    passed     98.69%
  59  5737166   12.62%    passed     99.89%
  60  37587     12.62%    passed     97.85%
  61  5737177   12.62%    passed     99.41%
  62  5737178   12.62%    passed     99.80%
  63  5737179   12.62%    passed     99.80%
  64  5737180   12.62%    passed     99.41%
  65  1601757   12.62%    passed     99.20%
  66  5737181   12.62%    passed     99.41%
  67  5737182   12.62%    passed     99.95%
  68  5737183   12.29%    passed     99.62%
  69  46307     14.95%    passed     88.18%
  70  46311     14.95%    passed     92.63%
  71  46312     14.95%    passed     92.63%
  72  71406     20.93%    passed     98.76%
  73  85743     12.62%    passed     99.75%
  74  54000     12.62%    passed     99.83%
  75  5737200   18.60%    passed     91.43%
  76  5737201   20.60%    passed     96.05%
  77  5737205   12.62%    passed     96.03%
  78  5737206   12.62%    passed     98.40%
  79  5737207   12.29%    passed     99.81%
  80  2301      12.62%    passed     99.64%
  81  3329      15.28%    passed     99.81%
  82  68871     12.96%    passed     99.86%
  83  44812     12.62%    passed     99.82%
  84  5737232   12.62%    passed     99.64%
  85  5737233   12.62%    passed     99.13%
  86  5737234   11.96%    passed     99.94%
  87  3376403   20.27%    passed     98.82%
  88  5737235   10.30%    passed     99.61%
  89  22806     14.95%    passed     99.22%
  90  268054    12.96%    passed     99.72%
  91  5737239   12.62%    passed     99.41%
  92  5737240   12.62%    passed     99.95%
  93  5737241   12.29%    passed     97.60%
  94  5737244   12.62%    passed     99.95%
  95  71453     19.93%    passed     95.87%
  96  5737245   12.62%    passed     99.99%
  97  5737246   12.62%    passed     99.95%
  98  5737247   12.62%    passed     99.80%
  99  19236     12.62%    passed     99.88%
 100  24356     12.96%    passed     99.86%
 101  53033     12.62%    passed     99.95%
 102  5737263   12.62%    passed     99.95%
 103  5737264   12.29%    passed     99.88%
 104  5737265   12.62%    passed     99.80%
 105  54066     11.63%    passed     99.92%
 106  308       12.62%    passed     99.53%
 107  21813     12.62%    passed     99.75%
 108  20795     12.62%    passed     97.96%
 109  828       12.62%    passed     99.63%
 110  832       12.96%    passed     99.98%
 111  893761    11.30%    passed     99.74%
 112  5324096   14.95%    passed     99.33%
 113  892227    12.62%    passed     99.80%
 114  1354      12.62%    passed     99.95%
 115  848       12.62%    passed     99.99%
 116  5737301   12.29%    passed     99.81%
 117  5737302   12.62%    passed     99.95%
 118  5737303   12.62%    passed     99.53%
 119  856       12.62%    passed     99.95%
 120  5737304   12.29%    passed     99.81%
 121  5737305   12.62%    passed     99.95%
 122  5737306   12.29%    passed     99.89%
 123  1338204   11.30%    passed     99.33%
 124  5737308   12.62%    passed     99.80%
 125  901470    17.61%    passed     99.12%
 126  5737309   12.62%    passed     99.95%
 127  5737314   12.62%    passed     99.88%
 128  5737315   12.29%    passed     99.95%
 129  2787180   12.29%    passed     96.96%
 130  38269     11.30%    passed     99.71%
 131  8576      12.62%    passed     99.53%
 132  5737349   12.62%    passed     99.80%
 133  5737350   12.62%    passed     99.41%
 134  5737351   12.96%    passed     99.69%
 135  5737352   12.29%    passed     99.81%
 136  1732489   12.62%    passed     94.12%
 137  5737353   12.96%    passed     98.79%
 138  5737354   12.96%    passed     99.86%
 139  5737355   12.29%    passed     99.83%
 140  5737356   12.62%    passed     99.80%
 141  5737357   12.62%    passed     99.41%
 142  5737359   12.96%    passed     99.69%
 143  2448      11.30%    passed     99.77%
 144  5737360   12.29%    passed     99.62%
 145  5737361   12.62%    passed     99.51%
 146  5737362   12.62%    passed     99.80%
 147  5737363   14.29%    passed     99.91%
 148  5737364   12.62%    passed     99.41%
 149  47002     14.95%    passed     96.15%
 150  412       12.62%    passed     99.80%
 151  289692    12.62%    passed     99.99%
 152  476066    18.94%    passed     99.25%
 153  60838     14.95%    passed     98.27%
 154  5737382   12.29%    passed     99.83%
 155  353192    12.96%    passed     99.98%
 156  5737383   12.62%    passed     99.53%
 157  5737384   13.29%    passed     99.82%
 158  5737385   12.29%    passed     99.00%
 159  5737386   12.62%    passed     99.89%
 160  5737387   12.29%    passed     99.89%
 161  5737388   14.62%    passed     99.77%
 162  23471     12.62%    passed     99.88%
 163  5737389   12.62%    passed     99.50%
 164  1593267   12.29%    passed     99.95%
 165  894902    12.96%    passed     99.93%
 166  217021    12.96%    passed     99.60%
 167  5292490   11.96%    passed     99.95%
 168  23499     12.96%    passed     99.98%
 169  4559      12.62%    passed     99.95%
 170  17875     12.62%    passed     99.20%
 171  263123    12.96%    passed     97.39%
 172  982       12.62%    passed     99.95%
 173  21974     12.62%    passed     99.64%
 174  2520      12.29%    passed     99.99%
 175  985       12.62%    passed     99.95%
 176  33244     12.62%    passed     99.75%
 177  45023     12.62%    passed     92.32%
 178  5736931   12.62%    passed     99.95%
 179  5736932   12.29%    passed     99.81%
 180  5736933   12.62%    passed     99.99%
 181  5736934   12.29%    passed     99.89%
 182  105447    14.95%    passed     97.47%
 183  5736935   14.29%    passed     99.91%
 184  5736936   12.62%    passed     99.19%
 185  5736937   12.29%    passed     98.89%
 186  5736938   12.62%    passed     99.53%
 187  5736939   12.29%    passed     99.29%
 188  5736940   12.29%    passed     99.75%
 189  3566      12.29%    passed     99.99%
 190  5736941   12.62%    passed     99.95%
 191  5736942   12.29%    passed     99.81%
 192  5736943   12.96%    passed     99.94%
 193  5736944   12.29%    passed     99.81%
 194  1014      12.29%    passed     99.99%
 195  3575      12.62%    passed     99.64%
 196  71161     11.63%    passed     99.91%
 197  2554      12.62%    passed     99.75%
 198  2555      12.62%    passed     98.32%
 199  2556      12.62%    passed     98.65%
 200  4226557   14.95%    passed     99.85%
 201  5736958   12.62%    passed     99.41%
 202  5736959   12.62%    passed     97.85%
****  TOTAL     13.12%  0 sequences failed composition chi2 test (p-value<5%; df=3)
Checking for duplicate sequences: done in 0.00049901 secs using 3383% CPU


Create initial parsimony tree by phylogenetic likelihood library (PLL)... 0.013 seconds
Measuring multi-threading efficiency up to 2 CPU cores
Increase to 10 rounds for branch lengths
30 trees examined
Threads: 1 / Time: 2.008 sec / Speedup: 1.000 / Efficiency: 100% / LogL: -2514
Threads: 2 / Time: 1.875 sec / Speedup: 1.071 / Efficiency: 54% / LogL: -2514
Determining AUTO threadcount: done in 3.88339 secs using 311.7% CPU
BEST NUMBER OF THREADS: 2

Perform fast likelihood tree search using GTR+I+G model...
Estimate model parameters (epsilon = 5.000)
Perform nearest neighbor interchange...
Optimizing NNI: done in 0.430753 secs using 184% CPU
Estimate model parameters (epsilon = 1.000)
1. Initial log-likelihood: -1572.020
Optimal log-likelihood: -1571.990
Rate parameters:  A-C: 1.13136  A-G: 6.04834  A-T: 1.82733  C-G: 1.79693  C-T: 3.24185  G-T: 1.00000
Base frequencies:  A: 0.168  C: 0.239  G: 0.242  T: 0.351
Proportion of invariable sites: 0.300
Gamma shape alpha: 3.480
Parameters optimization took 1 rounds (0.049 sec)
Time for fast ML tree search: 0.669 seconds

NOTE: ModelFinder requires 12 MB RAM!
ModelFinder will test up to 484 DNA models (sample size: 301) ...
 No. Model         -LnL         df  AIC          AICc         BIC
WARNING: Number of threads seems too high for short alignments. Use -T AUTO to determine best number of threads.
  1  GTR+F         1581.620     409 3981.239     339361.239   5497.447
WARNING: Number of threads seems too high for short alignments. Use -T AUTO to determine best number of threads.
  2  GTR+F+I       1573.375     410 3966.749     340986.749   5486.664
WARNING: Number of threads seems too high for short alignments. Use -T AUTO to determine best number of threads.
  3  GTR+F+G4      1571.425     410 3962.851     340982.851   5482.766
WARNING: Number of threads seems too high for short alignments. Use -T AUTO to determine best number of threads.
  4  GTR+F+I+G4    1571.967     411 3965.934     342629.934   5489.556
WARNING: Number of threads seems too high for short alignments. Use -T AUTO to determine best number of threads.
  5  GTR+F+R2      1571.934     411 3965.868     342629.868   5489.490
WARNING: Number of threads seems too high for short alignments. Use -T AUTO to determine best number of threads.
  6  GTR+F+R3      1571.526     413 3969.052     345933.052   5500.088
WARNING: Number of threads seems too high for short alignments. Use -T AUTO to determine best number of threads.
 14  GTR+F+I+R2    1572.133     412 3968.266     344280.266   5495.595
WARNING: Number of threads seems too high for short alignments. Use -T AUTO to determine best number of threads.
 15  GTR+F+I+R3    1571.629     414 3971.257     347591.257   5506.001
WARNING: Number of threads seems too high for short alignments. Use -T AUTO to determine best number of threads.
 24  SYM+I         1584.656     407 3983.311     336095.311   5492.105
WARNING: Number of threads seems too high for short alignments. Use -T AUTO to determine best number of threads.
 25  SYM+G4        1582.698     407 3979.397     336091.397   5488.191
WARNING: Number of threads seems too high for short alignments. Use -T AUTO to determine best number of threads.
 26  SYM+I+G4      1583.297     408 3982.594     337726.594   5495.095
WARNING: Number of threads seems too high for short alignments. Use -T AUTO to determine best number of threads.
 27  SYM+R2        1583.262     408 3982.525     337726.525   5495.026
WARNING: Number of threads seems too high for short alignments. Use -T AUTO to determine best number of threads.
 46  TVM+F+I       1576.823     409 3971.645     339351.645   5487.853
WARNING: Number of threads seems too high for short alignments. Use -T AUTO to determine best number of threads.
 47  TVM+F+G4      1575.066     409 3968.133     339348.133   5484.341
WARNING: Number of threads seems too high for short alignments. Use -T AUTO to determine best number of threads.
 48  TVM+F+I+G4    1575.537     410 3971.073     340991.073   5490.989
WARNING: Number of threads seems too high for short alignments. Use -T AUTO to determine best number of threads.
 49  TVM+F+R2      1575.666     410 3971.333     340991.333   5491.248
WARNING: Number of threads seems too high for short alignments. Use -T AUTO to determine best number of threads.
 68  TVMe+I        1584.889     406 3981.778     334465.778   5486.864
WARNING: Number of threads seems too high for short alignments. Use -T AUTO to determine best number of threads.
 69  TVMe+G4       1583.014     406 3978.028     334462.028   5483.115
WARNING: Number of threads seems too high for short alignments. Use -T AUTO to determine best number of threads.
 70  TVMe+I+G4     1583.580     407 3981.159     336093.159   5489.953
WARNING: Number of threads seems too high for short alignments. Use -T AUTO to determine best number of threads.
 71  TVMe+R2       1583.596     407 3981.191     336093.191   5489.985
WARNING: Number of threads seems too high for short alignments. Use -T AUTO to determine best number of threads.
 90  TIM3+F+I      1575.416     408 3966.833     337710.833   5479.334
WARNING: Number of threads seems too high for short alignments. Use -T AUTO to determine best number of threads.
 91  TIM3+F+G4     1573.450     408 3962.900     337706.900   5475.401
WARNING: Number of threads seems too high for short alignments. Use -T AUTO to determine best number of threads.
 92  TIM3+F+I+G4   1574.022     409 3966.043     339346.043   5482.251
WARNING: Number of threads seems too high for short alignments. Use -T AUTO to determine best number of threads.
 93  TIM3+F+R2     1573.967     409 3965.934     339345.934   5482.142
WARNING: Number of threads seems too high for short alignments. Use -T AUTO to determine best number of threads.
112  TIM3e+I       1586.640     405 3983.280     332843.280   5484.660
WARNING: Number of threads seems too high for short alignments. Use -T AUTO to determine best number of threads.
113  TIM3e+G4      1584.725     405 3979.451     332839.451   5480.830
WARNING: Number of threads seems too high for short alignments. Use -T AUTO to determine best number of threads.
114  TIM3e+I+G4    1585.313     406 3982.627     334466.627   5487.714
WARNING: Number of threads seems too high for short alignments. Use -T AUTO to determine best number of threads.
115  TIM3e+R2      1585.211     406 3982.422     334466.422   5487.509
WARNING: Number of threads seems too high for short alignments. Use -T AUTO to determine best number of threads.
134  TIM2+F+I      1575.533     408 3967.065     337711.065   5479.566
WARNING: Number of threads seems too high for short alignments. Use -T AUTO to determine best number of threads.
135  TIM2+F+G4     1573.569     408 3963.137     337707.137   5475.638
WARNING: Number of threads seems too high for short alignments. Use -T AUTO to determine best number of threads.
136  TIM2+F+I+G4   1574.087     409 3966.173     339346.173   5482.382
WARNING: Number of threads seems too high for short alignments. Use -T AUTO to determine best number of threads.
137  TIM2+F+R2     1574.079     409 3966.159     339346.159   5482.367
WARNING: Number of threads seems too high for short alignments. Use -T AUTO to determine best number of threads.
156  TIM2e+I       1586.446     405 3982.892     332842.892   5484.271
WARNING: Number of threads seems too high for short alignments. Use -T AUTO to determine best number of threads.
157  TIM2e+G4      1584.506     405 3979.011     332839.011   5480.391
WARNING: Number of threads seems too high for short alignments. Use -T AUTO to determine best number of threads.
158  TIM2e+I+G4    1585.126     406 3982.253     334466.253   5487.340
WARNING: Number of threads seems too high for short alignments. Use -T AUTO to determine best number of threads.
159  TIM2e+R2      1585.070     406 3982.141     334466.141   5487.227
WARNING: Number of threads seems too high for short alignments. Use -T AUTO to determine best number of threads.
178  TIM+F+I       1573.404     408 3962.809     337706.809   5475.310
WARNING: Number of threads seems too high for short alignments. Use -T AUTO to determine best number of threads.
179  TIM+F+G4      1571.451     408 3958.903     337702.903   5471.404
WARNING: Number of threads seems too high for short alignments. Use -T AUTO to determine best number of threads.
180  TIM+F+I+G4    1572.000     409 3962.000     339342.000   5478.208
WARNING: Number of threads seems too high for short alignments. Use -T AUTO to determine best number of threads.
181  TIM+F+R2      1571.958     409 3961.916     339341.916   5478.124
WARNING: Number of threads seems too high for short alignments. Use -T AUTO to determine best number of threads.
200  TIMe+I        1585.086     405 3980.172     332840.172   5481.552
WARNING: Number of threads seems too high for short alignments. Use -T AUTO to determine best number of threads.
201  TIMe+G4       1583.184     405 3976.368     332836.368   5477.747
WARNING: Number of threads seems too high for short alignments. Use -T AUTO to determine best number of threads.
202  TIMe+I+G4     1583.770     406 3979.541     334463.541   5484.628
WARNING: Number of threads seems too high for short alignments. Use -T AUTO to determine best number of threads.
203  TIMe+R2       1583.746     406 3979.491     334463.491   5484.578
WARNING: Number of threads seems too high for short alignments. Use -T AUTO to determine best number of threads.
222  TPM3u+F+I     1578.851     407 3971.702     336083.702   5480.496
WARNING: Number of threads seems too high for short alignments. Use -T AUTO to determine best number of threads.
223  TPM3u+F+G4    1577.086     407 3968.173     336080.173   5476.966
WARNING: Number of threads seems too high for short alignments. Use -T AUTO to determine best number of threads.
224  TPM3u+F+I+G4  1577.580     408 3971.160     337715.160   5483.661
WARNING: Number of threads seems too high for short alignments. Use -T AUTO to determine best number of threads.
225  TPM3u+F+R2    1577.685     408 3971.371     337715.371   5483.872
WARNING: Number of threads seems too high for short alignments. Use -T AUTO to determine best number of threads.
244  TPM3+I        1586.874     404 3981.747     331221.747   5479.420
WARNING: Number of threads seems too high for short alignments. Use -T AUTO to determine best number of threads.
245  TPM3+G4       1585.031     404 3978.063     331218.063   5475.735
WARNING: Number of threads seems too high for short alignments. Use -T AUTO to determine best number of threads.
246  TPM3+I+G4     1585.564     405 3981.128     332841.128   5482.507
WARNING: Number of threads seems too high for short alignments. Use -T AUTO to determine best number of threads.
247  TPM3+R2       1585.618     405 3981.235     332841.235   5482.615
WARNING: Number of threads seems too high for short alignments. Use -T AUTO to determine best number of threads.
266  TPM2u+F+I     1579.005     407 3972.011     336084.011   5480.805
WARNING: Number of threads seems too high for short alignments. Use -T AUTO to determine best number of threads.
267  TPM2u+F+G4    1577.250     407 3968.500     336080.500   5477.294
WARNING: Number of threads seems too high for short alignments. Use -T AUTO to determine best number of threads.
268  TPM2u+F+I+G4  1577.717     408 3971.435     337715.435   5483.936
WARNING: Number of threads seems too high for short alignments. Use -T AUTO to determine best number of threads.
269  TPM2u+F+R2    1577.849     408 3971.698     337715.698   5484.199
WARNING: Number of threads seems too high for short alignments. Use -T AUTO to determine best number of threads.
288  TPM2+I        1586.682     404 3981.365     331221.365   5479.037
WARNING: Number of threads seems too high for short alignments. Use -T AUTO to determine best number of threads.
289  TPM2+G4       1584.822     404 3977.645     331217.645   5475.317
WARNING: Number of threads seems too high for short alignments. Use -T AUTO to determine best number of threads.
290  TPM2+I+G4     1585.385     405 3980.770     332840.770   5482.150
WARNING: Number of threads seems too high for short alignments. Use -T AUTO to determine best number of threads.
291  TPM2+R2       1585.404     405 3980.809     332840.809   5482.188
WARNING: Number of threads seems too high for short alignments. Use -T AUTO to determine best number of threads.
310  K3Pu+F+I      1576.848     407 3967.696     336079.696   5476.490
WARNING: Number of threads seems too high for short alignments. Use -T AUTO to determine best number of threads.
311  K3Pu+F+G4     1575.096     407 3964.192     336076.192   5472.985
WARNING: Number of threads seems too high for short alignments. Use -T AUTO to determine best number of threads.
312  K3Pu+F+I+G4   1575.569     408 3967.138     337711.138   5479.639
WARNING: Number of threads seems too high for short alignments. Use -T AUTO to determine best number of threads.
313  K3Pu+F+R2     1575.691     408 3967.382     337711.382   5479.883
WARNING: Number of threads seems too high for short alignments. Use -T AUTO to determine best number of threads.
332  K3P+I         1585.317     404 3978.634     331218.634   5476.307
WARNING: Number of threads seems too high for short alignments. Use -T AUTO to determine best number of threads.
333  K3P+G4        1583.487     404 3974.973     331214.973   5472.646
WARNING: Number of threads seems too high for short alignments. Use -T AUTO to determine best number of threads.
334  K3P+I+G4      1584.020     405 3978.040     332838.040   5479.419
WARNING: Number of threads seems too high for short alignments. Use -T AUTO to determine best number of threads.
335  K3P+R2        1584.067     405 3978.135     332838.135   5479.514
WARNING: Number of threads seems too high for short alignments. Use -T AUTO to determine best number of threads.
354  TN+F+I        1575.637     407 3965.274     336077.274   5474.068
WARNING: Number of threads seems too high for short alignments. Use -T AUTO to determine best number of threads.
355  TN+F+G4       1573.662     407 3961.324     336073.324   5470.118
WARNING: Number of threads seems too high for short alignments. Use -T AUTO to determine best number of threads.
356  TN+F+I+G4     1574.231     408 3964.461     337708.461   5476.962
WARNING: Number of threads seems too high for short alignments. Use -T AUTO to determine best number of threads.
357  TN+F+R2       1574.174     408 3964.349     337708.349   5476.850
WARNING: Number of threads seems too high for short alignments. Use -T AUTO to determine best number of threads.
376  TNe+I         1586.646     404 3981.293     331221.293   5478.965
WARNING: Number of threads seems too high for short alignments. Use -T AUTO to determine best number of threads.
377  TNe+G4        1584.737     404 3977.475     331217.475   5475.147
WARNING: Number of threads seems too high for short alignments. Use -T AUTO to determine best number of threads.
378  TNe+I+G4      1585.326     405 3980.652     332840.652   5482.032
WARNING: Number of threads seems too high for short alignments. Use -T AUTO to determine best number of threads.
379  TNe+R2        1585.302     405 3980.605     332840.605   5481.984
WARNING: Number of threads seems too high for short alignments. Use -T AUTO to determine best number of threads.
398  HKY+F+I       1579.080     406 3970.160     334454.160   5475.246
WARNING: Number of threads seems too high for short alignments. Use -T AUTO to determine best number of threads.
399  HKY+F+G4      1577.325     406 3966.649     334450.649   5471.736
WARNING: Number of threads seems too high for short alignments. Use -T AUTO to determine best number of threads.
400  HKY+F+I+G4    1577.810     407 3969.621     336081.621   5478.415
WARNING: Number of threads seems too high for short alignments. Use -T AUTO to determine best number of threads.
401  HKY+F+R2      1577.918     407 3969.836     336081.836   5478.630
WARNING: Number of threads seems too high for short alignments. Use -T AUTO to determine best number of threads.
420  K2P+I         1586.882     403 3979.764     329603.764   5473.730
WARNING: Number of threads seems too high for short alignments. Use -T AUTO to determine best number of threads.
421  K2P+G4        1585.046     403 3976.092     329600.092   5470.057
WARNING: Number of threads seems too high for short alignments. Use -T AUTO to determine best number of threads.
422  K2P+I+G4      1585.601     404 3979.201     331219.201   5476.874
WARNING: Number of threads seems too high for short alignments. Use -T AUTO to determine best number of threads.
423  K2P+R2        1585.630     404 3979.260     331219.260   5476.933
WARNING: Number of threads seems too high for short alignments. Use -T AUTO to determine best number of threads.
442  F81+F+I       1601.674     405 4013.347     332873.347   5514.727
WARNING: Number of threads seems too high for short alignments. Use -T AUTO to determine best number of threads.
443  F81+F+G4      1599.831     405 4009.663     332869.663   5511.042
WARNING: Number of threads seems too high for short alignments. Use -T AUTO to determine best number of threads.
444  F81+F+I+G4    1600.377     406 4012.755     334496.755   5517.841
WARNING: Number of threads seems too high for short alignments. Use -T AUTO to determine best number of threads.
445  F81+F+R2      1600.406     406 4012.811     334496.811   5517.898
WARNING: Number of threads seems too high for short alignments. Use -T AUTO to determine best number of threads.
464  JC+I          1610.535     402 4025.071     328037.071   5515.329
WARNING: Number of threads seems too high for short alignments. Use -T AUTO to determine best number of threads.
465  JC+G4         1608.708     402 4021.416     328033.416   5511.675
WARNING: Number of threads seems too high for short alignments. Use -T AUTO to determine best number of threads.
466  JC+I+G4       1609.239     403 4024.478     329648.478   5518.443
WARNING: Number of threads seems too high for short alignments. Use -T AUTO to determine best number of threads.
467  JC+R2         1609.286     403 4024.572     329648.572   5518.537
Akaike Information Criterion:           TIM+F+G4
Corrected Akaike Information Criterion: JC+G4
Bayesian Information Criterion:         K2P+G4
Best-fit model: K2P+G4 chosen according to BIC

All model information printed to /app/outputs/analyses/606/20250712T034645/between_sample_distances/C/clade_C_seqs.aligned.fasta.model.gz
CPU time for ModelFinder: 26.803 seconds (0h:0m:26s)
Wall-clock time for ModelFinder: 10.869 seconds (0h:0m:10s)

NOTE: 4 MB RAM (0 GB) is required!
WARNING: Number of threads seems too high for short alignments. Use -T AUTO to determine best number of threads.
Estimate model parameters (epsilon = 0.100)
1. Initial log-likelihood: -1585.046
Optimal log-likelihood: -1585.045
Rate parameters:  A-C: 1.00000  A-G: 3.01426  A-T: 1.00000  C-G: 1.00000  C-T: 3.01426  G-T: 1.00000
Base frequencies:  A: 0.250  C: 0.250  G: 0.250  T: 0.250
Gamma shape alpha: 1.027
Parameters optimization took 1 rounds (0.017 sec)
Wrote distance file to... 
Computing ML distances based on estimated model parameters...
Calculating distance matrix: done in 0.0760059 secs using 200% CPU
Computing ML distances took 0.076123 sec (of wall-clock time) 0.152220 sec (of CPU time)
Setting up auxiliary I and S matrices: done in 0.000710011 secs using 88.45% CPU
Constructing RapidNJ tree: done in 0.00546408 secs using 307.5% CPU
Computing RapidNJ tree took 0.006207 sec (of wall-clock time) 0.017467 sec (of CPU time)
Log-likelihood of RapidNJ tree: -1584.040
--------------------------------------------------------------------
|             INITIALIZING CANDIDATE TREE SET                      |
--------------------------------------------------------------------
Generating 98 parsimony trees... 0.746 second
Computing log-likelihood of 98 initial trees ... 0.700 seconds
Current best score: -1572.230

Do NNI search on 20 best initial trees
Optimizing NNI: done in 0.0602109 secs using 198.8% CPU
Estimate model parameters (epsilon = 0.100)
BETTER TREE FOUND at iteration 1: -1572.118
Optimizing NNI: done in 0.0593929 secs using 201% CPU
Optimizing NNI: done in 0.0592101 secs using 199.6% CPU
Optimizing NNI: done in 0.0614781 secs using 199.2% CPU
Optimizing NNI: done in 0.228828 secs using 200.2% CPU
Optimizing NNI: done in 0.0623519 secs using 199.8% CPU
Optimizing NNI: done in 0.0617831 secs using 198.7% CPU
Optimizing NNI: done in 0.160404 secs using 200% CPU
Optimizing NNI: done in 0.0600519 secs using 199% CPU
Optimizing NNI: done in 0.0639238 secs using 199.1% CPU
Iteration 10 / LogL: -1576.978 / Time: 0h:0m:2s
Optimizing NNI: done in 0.108118 secs using 199.3% CPU
Optimizing NNI: done in 0.147261 secs using 199.6% CPU
Optimizing NNI: done in 0.267438 secs using 199.7% CPU
Optimizing NNI: done in 0.127863 secs using 199.7% CPU
Optimizing NNI: done in 0.153408 secs using 199.9% CPU
Optimizing NNI: done in 0.341394 secs using 199.2% CPU
Optimizing NNI: done in 0.153602 secs using 199.9% CPU
Optimizing NNI: done in 0.060246 secs using 201% CPU
Optimizing NNI: done in 0.061245 secs using 199.4% CPU
Optimizing NNI: done in 0.0590708 secs using 199% CPU
Iteration 20 / LogL: -1578.963 / Time: 0h:0m:4s
Finish initializing candidate tree set (20)
Current best tree score: -1572.118 / CPU time: 3.874
Number of iterations: 20
--------------------------------------------------------------------
|               OPTIMIZING CANDIDATE TREE SET                      |
--------------------------------------------------------------------
Optimizing NNI: done in 0.161472 secs using 199.7% CPU
Optimizing NNI: done in 0.171203 secs using 199.8% CPU
Optimizing NNI: done in 0.179721 secs using 200% CPU
Optimizing NNI: done in 0.101301 secs using 199.3% CPU
Optimizing NNI: done in 0.115392 secs using 200% CPU
Optimizing NNI: done in 0.220569 secs using 200% CPU
Optimizing NNI: done in 0.254423 secs using 199.4% CPU
Optimizing NNI: done in 0.196447 secs using 199.6% CPU
Optimizing NNI: done in 0.204879 secs using 199.9% CPU
Optimizing NNI: done in 0.203374 secs using 199.8% CPU
Iteration 30 / LogL: -1572.870 / Time: 0h:0m:5s (0h:0m:14s left)
Optimizing NNI: done in 0.214111 secs using 199.2% CPU
Optimizing NNI: done in 0.182855 secs using 199.8% CPU
Optimizing NNI: done in 0.175997 secs using 199.8% CPU
Optimizing NNI: done in 0.202484 secs using 200% CPU
Optimizing NNI: done in 0.140674 secs using 200% CPU
Optimizing NNI: done in 0.120374 secs using 199.5% CPU
Optimizing NNI: done in 0.22756 secs using 199.9% CPU
Optimizing NNI: done in 0.193288 secs using 199.9% CPU
Optimizing NNI: done in 0.194922 secs using 199.3% CPU
Optimizing NNI: done in 0.141737 secs using 199.8% CPU
Iteration 40 / LogL: -1578.281 / Time: 0h:0m:7s (0h:0m:12s left)
Optimizing NNI: done in 0.142425 secs using 199.4% CPU
Optimizing NNI: done in 0.162034 secs using 199.8% CPU
Optimizing NNI: done in 0.179563 secs using 199.7% CPU
Optimizing NNI: done in 0.194504 secs using 199.5% CPU
Optimizing NNI: done in 0.140097 secs using 198.8% CPU
Optimizing NNI: done in 0.216873 secs using 200% CPU
Optimizing NNI: done in 0.166788 secs using 199.8% CPU
Optimizing NNI: done in 0.304056 secs using 200% CPU
Optimizing NNI: done in 0.298566 secs using 199.9% CPU
BETTER TREE FOUND at iteration 49: -1572.114
Optimizing NNI: done in 0.191627 secs using 199.8% CPU
Iteration 50 / LogL: -1584.899 / Time: 0h:0m:9s (0h:0m:19s left)
Optimizing NNI: done in 0.152015 secs using 199.7% CPU
Optimizing NNI: done in 0.123266 secs using 198.7% CPU
Optimizing NNI: done in 0.141405 secs using 199.8% CPU
Optimizing NNI: done in 0.173812 secs using 199.5% CPU
Optimizing NNI: done in 0.179154 secs using 199% CPU
Optimizing NNI: done in 0.244302 secs using 200% CPU
Estimate model parameters (epsilon = 0.100)
BETTER TREE FOUND at iteration 56: -1571.537
Optimizing NNI: done in 0.282203 secs using 200% CPU
Optimizing NNI: done in 0.182969 secs using 200% CPU
Optimizing NNI: done in 0.176899 secs using 200% CPU
Optimizing NNI: done in 0.171697 secs using 199.9% CPU
Iteration 60 / LogL: -1581.382 / Time: 0h:0m:11s (0h:0m:19s left)
Optimizing NNI: done in 0.329834 secs using 200% CPU
Optimizing NNI: done in 0.123316 secs using 199.9% CPU
Optimizing NNI: done in 0.169574 secs using 199.9% CPU
Optimizing NNI: done in 0.122948 secs using 200% CPU
Optimizing NNI: done in 0.127076 secs using 199.6% CPU
Optimizing NNI: done in 0.15438 secs using 199.4% CPU
Optimizing NNI: done in 0.151116 secs using 199.8% CPU
Optimizing NNI: done in 0.178837 secs using 199.5% CPU
Optimizing NNI: done in 0.213679 secs using 200% CPU
Optimizing NNI: done in 0.149892 secs using 200% CPU
Iteration 70 / LogL: -1571.548 / Time: 0h:0m:13s (0h:0m:16s left)
Optimizing NNI: done in 0.151151 secs using 199.7% CPU
Optimizing NNI: done in 0.122357 secs using 199.7% CPU
Optimizing NNI: done in 0.183967 secs using 200% CPU
Optimizing NNI: done in 0.151004 secs using 199.4% CPU
Optimizing NNI: done in 0.234501 secs using 199.5% CPU
Optimizing NNI: done in 0.158931 secs using 199.9% CPU
Optimizing NNI: done in 0.158311 secs using 199.6% CPU
Optimizing NNI: done in 0.146946 secs using 199.6% CPU
Optimizing NNI: done in 0.176529 secs using 200% CPU
Optimizing NNI: done in 0.0935259 secs using 199.3% CPU
Iteration 80 / LogL: -1587.126 / Time: 0h:0m:15s (0h:0m:14s left)
Optimizing NNI: done in 0.147783 secs using 199.4% CPU
Optimizing NNI: done in 0.225306 secs using 199.9% CPU
Optimizing NNI: done in 0.120809 secs using 199.6% CPU
Optimizing NNI: done in 0.176937 secs using 199.2% CPU
Optimizing NNI: done in 0.158878 secs using 200% CPU
Optimizing NNI: done in 0.192106 secs using 199.7% CPU
Optimizing NNI: done in 0.154088 secs using 199.9% CPU
Optimizing NNI: done in 0.121892 secs using 199.6% CPU
Optimizing NNI: done in 0.119262 secs using 199.9% CPU
Optimizing NNI: done in 0.173636 secs using 199.9% CPU
Iteration 90 / LogL: -1584.072 / Time: 0h:0m:16s (0h:0m:12s left)
Optimizing NNI: done in 0.168676 secs using 199.8% CPU
Optimizing NNI: done in 0.12221 secs using 199.5% CPU
Optimizing NNI: done in 0.122613 secs using 199.9% CPU
Optimizing NNI: done in 0.173391 secs using 200% CPU
Optimizing NNI: done in 0.139328 secs using 199% CPU
Optimizing NNI: done in 0.243179 secs using 199.8% CPU
Optimizing NNI: done in 0.127888 secs using 199.9% CPU
Optimizing NNI: done in 0.118487 secs using 199.8% CPU
Optimizing NNI: done in 0.159105 secs using 199.8% CPU
Optimizing NNI: done in 0.168184 secs using 200% CPU
Iteration 100 / LogL: -1576.442 / Time: 0h:0m:18s (0h:0m:10s left)
Optimizing NNI: done in 0.191527 secs using 200% CPU
Optimizing NNI: done in 0.147921 secs using 199.3% CPU
Optimizing NNI: done in 0.155778 secs using 199.8% CPU
Optimizing NNI: done in 0.121674 secs using 199.6% CPU
Optimizing NNI: done in 0.17507 secs using 199.9% CPU
Optimizing NNI: done in 0.192415 secs using 200% CPU
Optimizing NNI: done in 0.182385 secs using 199.5% CPU
Optimizing NNI: done in 0.179418 secs using 198.8% CPU
Optimizing NNI: done in 0.179139 secs using 199.6% CPU
Optimizing NNI: done in 0.092582 secs using 199% CPU
Iteration 110 / LogL: -1582.386 / Time: 0h:0m:20s (0h:0m:8s left)
Optimizing NNI: done in 0.147768 secs using 199.9% CPU
Optimizing NNI: done in 0.159873 secs using 199.7% CPU
Optimizing NNI: done in 0.179187 secs using 199.8% CPU
Optimizing NNI: done in 0.172053 secs using 199% CPU
Optimizing NNI: done in 0.17989 secs using 200% CPU
Optimizing NNI: done in 0.156565 secs using 199.6% CPU
Optimizing NNI: done in 0.163933 secs using 200% CPU
Optimizing NNI: done in 0.126733 secs using 199.3% CPU
Optimizing NNI: done in 0.173156 secs using 199.7% CPU
Optimizing NNI: done in 0.144986 secs using 199.9% CPU
Iteration 120 / LogL: -1588.472 / Time: 0h:0m:21s (0h:0m:6s left)
Optimizing NNI: done in 0.121592 secs using 200% CPU
Optimizing NNI: done in 0.122474 secs using 199.5% CPU
Optimizing NNI: done in 0.118494 secs using 199.9% CPU
Optimizing NNI: done in 0.175482 secs using 199.9% CPU
Optimizing NNI: done in 0.186112 secs using 199.9% CPU
Optimizing NNI: done in 0.155487 secs using 199.2% CPU
Optimizing NNI: done in 0.167147 secs using 200% CPU
Optimizing NNI: done in 0.14712 secs using 199.5% CPU
Optimizing NNI: done in 0.165825 secs using 200% CPU
Optimizing NNI: done in 0.153587 secs using 199.3% CPU
Iteration 130 / LogL: -1584.431 / Time: 0h:0m:23s (0h:0m:4s left)
Optimizing NNI: done in 0.119127 secs using 199.2% CPU
Optimizing NNI: done in 0.12434 secs using 199.3% CPU
Optimizing NNI: done in 0.189752 secs using 200% CPU
Optimizing NNI: done in 0.157114 secs using 199.9% CPU
Optimizing NNI: done in 0.205247 secs using 199.2% CPU
Optimizing NNI: done in 0.178254 secs using 199.8% CPU
Optimizing NNI: done in 0.151644 secs using 199.6% CPU
Optimizing NNI: done in 0.159999 secs using 199.9% CPU
Optimizing NNI: done in 0.151051 secs using 199.8% CPU
Optimizing NNI: done in 0.186515 secs using 199.6% CPU
Iteration 140 / LogL: -1571.552 / Time: 0h:0m:24s (0h:0m:2s left)
Optimizing NNI: done in 0.131039 secs using 199.3% CPU
Optimizing NNI: done in 0.195712 secs using 199.9% CPU
Optimizing NNI: done in 0.148967 secs using 199.8% CPU
Optimizing NNI: done in 0.181479 secs using 199.8% CPU
Optimizing NNI: done in 0.124088 secs using 199.2% CPU
Optimizing NNI: done in 0.126159 secs using 199.7% CPU
Optimizing NNI: done in 0.117944 secs using 199.9% CPU
Optimizing NNI: done in 0.0882289 secs using 200% CPU
Optimizing NNI: done in 0.117285 secs using 199.9% CPU
Optimizing NNI: done in 0.160756 secs using 199.3% CPU
Iteration 150 / LogL: -1592.526 / Time: 0h:0m:26s (0h:0m:1s left)
Optimizing NNI: done in 0.119855 secs using 199.3% CPU
Optimizing NNI: done in 0.146339 secs using 200% CPU
Optimizing NNI: done in 0.146115 secs using 199.4% CPU
Optimizing NNI: done in 0.119937 secs using 199.7% CPU
Optimizing NNI: done in 0.168065 secs using 200% CPU
Optimizing NNI: done in 0.145069 secs using 200% CPU
Optimizing NNI: done in 0.177035 secs using 199.8% CPU
TREE SEARCH COMPLETED AFTER 157 ITERATIONS / Time: 0h:0m:27s

--------------------------------------------------------------------
|                    FINALIZING TREE SEARCH                        |
--------------------------------------------------------------------
Performs final model parameters optimization
Estimate model parameters (epsilon = 0.010)
1. Initial log-likelihood: -1571.537
Optimal log-likelihood: -1571.537
Rate parameters:  A-C: 1.00000  A-G: 3.11081  A-T: 1.00000  C-G: 1.00000  C-T: 3.11081  G-T: 1.00000
Base frequencies:  A: 0.250  C: 0.250  G: 0.250  T: 0.250
Gamma shape alpha: 1.084
Parameters optimization took 1 rounds (0.014 sec)
BEST SCORE FOUND : -1571.537
Total tree length: 0.609

Total number of iterations: 157
CPU time used for tree search: 54.185 sec (0h:0m:54s)
Wall-clock time used for tree search: 27.331 sec (0h:0m:27s)
Total CPU time used: 54.593 sec (0h:0m:54s)
Total wall-clock time used: 27.513 sec (0h:0m:27s)

Analysis results written to: 
  IQ-TREE report:                /app/outputs/analyses/606/20250712T034645/between_sample_distances/C/clade_C_seqs.aligned.fasta.iqtree
  Maximum-likelihood tree:       /app/outputs/analyses/606/20250712T034645/between_sample_distances/C/clade_C_seqs.aligned.fasta.treefile
  Likelihood distances:          /app/outputs/analyses/606/20250712T034645/between_sample_distances/C/clade_C_seqs.aligned.fasta.mldist
  Screen log file:               /app/outputs/analyses/606/20250712T034645/between_sample_distances/C/clade_C_seqs.aligned.fasta.log

Date and Time: Fri Jul 11 23:26:35 2025
