IQ-TREE multicore version 2.2.2.3 COVID-edition for Linux 64-bit built Apr  7 2023
Developed by Bui Quang Minh, James Barbetti, Nguyen Lam Tung,
Olga Chernomor, Heiko Schmidt, Dominik Schrempf, Michael Woodhams, Ly Trong Nhan.

Host:    64923e67824f (AVX512, FMA3, 62 GB RAM)
Command: iqtree -T AUTO --threads-max 2 -s /app/outputs/analyses/606/20250712T034645/between_profile_distances/A/clade_A_seqs.aligned.fasta
Seed:    9146 (Using SPRNG - Scalable Parallel Random Number Generator)
Time:    Fri Jul 11 22:51:52 2025
Kernel:  AVX+FMA - auto-detect threads (36 CPU cores detected)

Reading alignment file /app/outputs/analyses/606/20250712T034645/between_profile_distances/A/clade_A_seqs.aligned.fasta ... Fasta format detected
Reading fasta file: done in 0.000315189 secs using 0.3173% CPU
Alignment most likely contains DNA/RNA sequences
Constructing alignment: done in 0.000328064 secs using 14.33% CPU
Alignment has 17 sequences with 237 columns, 31 distinct patterns
16 parsimony-informative, 13 singleton sites, 208 constant sites
         Gap/Ambiguity  Composition  p-value
Analyzing sequences: done in 0.000115871 secs using 3430% CPU
   1  136513     0.84%    passed     99.81%
   2  54466      0.84%    passed     99.36%
   3  1265442    0.00%    passed     99.31%
   4  29284      0.84%    passed     99.81%
   5  1913826    1.27%    passed     93.42%
   6  40166      0.84%    passed     99.52%
   7  2551016    0.84%    passed     96.33%
   8  38154      0.84%    passed     99.45%
   9  3591788    1.27%    passed     97.46%
  10  45266      0.84%    passed     99.93%
  11  38163      0.84%    passed     99.19%
  12  43731      1.27%    passed     99.50%
  13  8181       0.84%    passed     99.82%
  14  29206      0.84%    passed     99.94%
  15  38165      0.84%    passed     99.99%
  16  45238      0.84%    passed     99.45%
  17  62749      0.00%    passed     99.46%
****  TOTAL      0.82%  0 sequences failed composition chi2 test (p-value<5%; df=3)
Checking for duplicate sequences: done in 0.000160933 secs using 3404% CPU


Create initial parsimony tree by phylogenetic likelihood library (PLL)... 0.001 seconds
Measuring multi-threading efficiency up to 2 CPU cores
Increase to 10 rounds for branch lengths
2579 trees examined
Threads: 1 / Time: 2.001 sec / Speedup: 1.000 / Efficiency: 100% / LogL: -634
Threads: 2 / Time: 2.645 sec / Speedup: 0.756 / Efficiency: 38% / LogL: -634
Determining AUTO threadcount: done in 4.64597 secs using 290.6% CPU
BEST NUMBER OF THREADS: 1

Perform fast likelihood tree search using GTR+I+G model...
Estimate model parameters (epsilon = 5.000)
Perform nearest neighbor interchange...
Optimizing NNI: done in 0.000809193 secs using 199.3% CPU
Estimate model parameters (epsilon = 1.000)
1. Initial log-likelihood: -515.263
Optimal log-likelihood: -515.210
Rate parameters:  A-C: 0.00010  A-G: 5.03267  A-T: 0.98460  C-G: 1.43592  C-T: 3.91336  G-T: 1.00000
Warning! Some parameters hit the boundaries
Base frequencies:  A: 0.204  C: 0.224  G: 0.227  T: 0.344
Proportion of invariable sites: 0.432
Gamma shape alpha: 998.440
Parameters optimization took 1 rounds (0.002 sec)
Time for fast ML tree search: 0.010 seconds

NOTE: ModelFinder requires 0 MB RAM!
ModelFinder will test up to 484 DNA models (sample size: 237) ...
 No. Model         -LnL         df  AIC          AICc         BIC
  1  GTR+F         514.916      39  1107.832     1123.670     1243.086
  2  GTR+F+I       514.878      40  1109.756     1126.490     1248.478
  3  GTR+F+G4      514.889      40  1109.778     1126.513     1248.500
  4  GTR+F+I+G4    515.104      41  1112.207     1129.869     1254.398
  5  GTR+F+R2      514.948      41  1111.896     1129.557     1254.086
  6  GTR+F+R3      514.992      43  1115.984     1135.590     1265.110
 14  GTR+F+I+R2    515.228      42  1114.457     1133.075     1260.115
 15  GTR+F+I+R3    515.149      44  1118.298     1138.923     1270.893
 23  SYM           520.578      36  1113.156     1126.476     1238.007
 24  SYM+I         520.543      37  1115.086     1129.217     1243.404
 25  SYM+G4        520.553      37  1115.106     1129.237     1243.424
 45  TVM+F         515.041      38  1106.082     1121.052     1237.868
 46  TVM+F+I       515.009      39  1108.017     1123.855     1243.272
 47  TVM+F+G4      515.022      39  1108.044     1123.882     1243.298
 67  TVMe          520.578      35  1111.155     1123.693     1232.537
 68  TVMe+I        520.539      36  1113.077     1126.397     1237.928
 69  TVMe+G4       520.547      36  1113.095     1126.415     1237.945
 89  TIM3+F        516.797      37  1107.593     1121.724     1235.911
 90  TIM3+F+I      516.758      38  1109.516     1124.485     1241.302
 91  TIM3+F+G4     516.771      38  1109.542     1124.512     1241.329
111  TIM3e         522.557      34  1113.114     1124.896     1231.028
112  TIM3e+I       522.513      35  1115.025     1127.563     1236.408
113  TIM3e+G4      522.523      35  1115.047     1127.584     1236.429
133  TIM2+F        516.380      37  1106.759     1120.890     1235.077
134  TIM2+F+I      516.344      38  1108.689     1123.659     1240.475
135  TIM2+F+G4     516.360      38  1108.721     1123.690     1240.507
155  TIM2e         522.246      34  1112.493     1124.275     1230.407
156  TIM2e+I       522.211      35  1114.423     1126.960     1235.805
157  TIM2e+G4      522.225      35  1114.449     1126.987     1235.831
177  TIM+F         516.795      37  1107.590     1121.720     1235.908
178  TIM+F+I       516.758      38  1109.516     1124.486     1241.302
179  TIM+F+G4      516.769      38  1109.539     1124.509     1241.325
199  TIMe          522.794      34  1113.587     1125.370     1231.501
200  TIMe+I        522.759      35  1115.517     1128.055     1236.900
201  TIMe+G4       522.767      35  1115.535     1128.072     1236.917
221  TPM3u+F       516.935      36  1105.871     1119.191     1230.721
222  TPM3u+F+I     516.889      37  1107.778     1121.908     1236.096
223  TPM3u+F+G4    516.904      37  1107.809     1121.939     1236.127
243  TPM3          522.557      33  1111.113     1122.168     1225.559
244  TPM3+I        522.513      34  1113.026     1124.808     1230.940
245  TPM3+G4       522.523      34  1113.047     1124.829     1230.961
265  TPM2u+F       516.520      36  1105.040     1118.360     1229.890
266  TPM2u+F+I     516.477      37  1106.954     1121.085     1235.272
267  TPM2u+F+G4    516.495      37  1106.990     1121.121     1235.309
287  TPM2          522.246      33  1110.493     1121.547     1224.939
288  TPM2+I        522.211      34  1112.423     1124.205     1230.337
289  TPM2+G4       522.225      34  1112.449     1124.231     1230.363
309  K3Pu+F        516.934      36  1105.868     1119.188     1230.719
310  K3Pu+F+I      516.889      37  1107.778     1121.909     1236.097
311  K3Pu+F+G4     516.903      37  1107.806     1121.936     1236.124
331  K3P           522.794      33  1111.587     1122.642     1226.033
332  K3P+I         522.759      34  1113.517     1125.300     1231.431
333  K3P+G4        522.767      34  1113.535     1125.317     1231.449
353  TN+F          517.003      36  1106.006     1119.326     1230.856
354  TN+F+I        516.963      37  1107.926     1122.057     1236.244
355  TN+F+G4       516.977      37  1107.954     1122.085     1236.272
375  TNe           522.981      33  1111.962     1123.017     1226.408
376  TNe+I         522.943      34  1113.886     1125.668     1231.800
377  TNe+G4        522.954      34  1113.908     1125.690     1231.822
397  HKY+F         517.142      35  1104.284     1116.821     1225.666
398  HKY+F+I       517.094      36  1106.188     1119.508     1231.038
399  HKY+F+G4      517.110      36  1106.221     1119.541     1231.071
419  K2P           522.981      32  1109.962     1120.315     1220.940
420  K2P+I         522.943      33  1111.886     1122.940     1226.332
421  K2P+G4        522.954      33  1111.908     1122.962     1226.354
441  F81+F         524.715      34  1117.429     1129.211     1235.343
442  F81+F+I       524.688      35  1119.376     1131.914     1240.759
443  F81+F+G4      524.700      35  1119.401     1131.938     1240.783
463  JC            530.665      31  1123.330     1133.008     1230.840
464  JC+I          530.637      32  1125.274     1135.627     1236.252
465  JC+G4         530.648      32  1125.296     1135.649     1236.274
Akaike Information Criterion:           HKY+F
Corrected Akaike Information Criterion: HKY+F
Bayesian Information Criterion:         K2P
Best-fit model: K2P chosen according to BIC

All model information printed to /app/outputs/analyses/606/20250712T034645/between_profile_distances/A/clade_A_seqs.aligned.fasta.model.gz
CPU time for ModelFinder: 15.445 seconds (0h:0m:15s)
Wall-clock time for ModelFinder: 4.842 seconds (0h:0m:4s)

NOTE: 0 MB RAM (0 GB) is required!
Estimate model parameters (epsilon = 0.100)
1. Initial log-likelihood: -522.981
Optimal log-likelihood: -522.981
Rate parameters:  A-C: 1.00000  A-G: 4.26119  A-T: 1.00000  C-G: 1.00000  C-T: 4.26119  G-T: 1.00000
Base frequencies:  A: 0.250  C: 0.250  G: 0.250  T: 0.250
Parameters optimization took 1 rounds (0.000 sec)
Wrote distance file to... 
Computing ML distances based on estimated model parameters...
Calculating distance matrix: done in 0.000421047 secs using 195.5% CPU
Computing ML distances took 0.000440 sec (of wall-clock time) 0.000871 sec (of CPU time)
Setting up auxiliary I and S matrices: done in 3.79086e-05 secs using 94.97% CPU
Constructing RapidNJ tree: done in 4.1008e-05 secs using 92.66% CPU
Computing RapidNJ tree took 0.000105 sec (of wall-clock time) 0.000098 sec (of CPU time)
Log-likelihood of RapidNJ tree: -522.985
--------------------------------------------------------------------
|             INITIALIZING CANDIDATE TREE SET                      |
--------------------------------------------------------------------
Generating 98 parsimony trees... 0.038 second
Computing log-likelihood of 98 initial trees ... 0.018 seconds
Current best score: -522.981

Do NNI search on 20 best initial trees
Optimizing NNI: done in 0.000473976 secs
Estimate model parameters (epsilon = 0.100)
BETTER TREE FOUND at iteration 1: -522.981
Optimizing NNI: done in 0.000459909 secs
Optimizing NNI: done in 0.000456095 secs using 189.9% CPU
BETTER TREE FOUND at iteration 3: -522.981
Optimizing NNI: done in 0.000451088 secs using 199.5% CPU
Optimizing NNI: done in 0.000458002 secs using 197.6% CPU
Optimizing NNI: done in 0.000458002 secs using 199.1% CPU
Optimizing NNI: done in 0.000452995 secs using 199.8% CPU
Optimizing NNI: done in 0.000457048 secs using 199.8% CPU
Optimizing NNI: done in 0.000473022 secs using 199.4% CPU
BETTER TREE FOUND at iteration 9: -522.981
Optimizing NNI: done in 0.000456095 secs using 200% CPU
Iteration 10 / LogL: -522.981 / Time: 0h:0m:0s
Optimizing NNI: done in 0.000471115 secs using 198.7% CPU
Optimizing NNI: done in 0.000446081 secs using 198.6% CPU
Optimizing NNI: done in 0.000458956 secs using 199.6% CPU
Optimizing NNI: done in 0.000463963 secs using 199.8% CPU
Optimizing NNI: done in 0.000430107 secs using 198.8% CPU
Optimizing NNI: done in 0.000452995 secs using 199.1% CPU
Optimizing NNI: done in 0.000469923 secs using 199.2% CPU
Optimizing NNI: done in 0.000473976 secs using 199.6% CPU
Optimizing NNI: done in 0.000475168 secs using 198.7% CPU
Optimizing NNI: done in 0.000472069 secs using 198.9% CPU
Iteration 20 / LogL: -522.981 / Time: 0h:0m:0s
Finish initializing candidate tree set (20)
Current best tree score: -522.981 / CPU time: 0.069
Number of iterations: 20
--------------------------------------------------------------------
|               OPTIMIZING CANDIDATE TREE SET                      |
--------------------------------------------------------------------
Optimizing NNI: done in 0.00106311 secs using 199.2% CPU
Optimizing NNI: done in 0.001616 secs using 199.7% CPU
Optimizing NNI: done in 0.000989914 secs using 199.7% CPU
Optimizing NNI: done in 0.00134993 secs using 199.6% CPU
Optimizing NNI: done in 0.00143099 secs using 199.3% CPU
Optimizing NNI: done in 0.000919819 secs using 199.6% CPU
Optimizing NNI: done in 0.00093317 secs using 199.4% CPU
Optimizing NNI: done in 0.000919104 secs using 199.7% CPU
Optimizing NNI: done in 0.0014348 secs using 199.8% CPU
Optimizing NNI: done in 0.00176191 secs using 199.7% CPU
Iteration 30 / LogL: -529.877 / Time: 0h:0m:0s (0h:0m:0s left)
Optimizing NNI: done in 0.000926971 secs using 199.5% CPU
BETTER TREE FOUND at iteration 31: -522.981
Optimizing NNI: done in 0.000977993 secs using 200% CPU
Optimizing NNI: done in 0.000941038 secs using 199.4% CPU
Optimizing NNI: done in 0.000972986 secs using 100% CPU
Optimizing NNI: done in 0.00122809 secs using 199.9% CPU
Optimizing NNI: done in 0.00142384 secs using 200.1% CPU
Optimizing NNI: done in 0.00048399 secs using 199.8% CPU
Optimizing NNI: done in 0.00112391 secs using 199.9% CPU
Optimizing NNI: done in 0.00236917 secs using 199.6% CPU
Optimizing NNI: done in 0.000906944 secs using 199.6% CPU
Iteration 40 / LogL: -568.251 / Time: 0h:0m:0s (0h:0m:0s left)
Optimizing NNI: done in 0.00150394 secs using 199.7% CPU
Optimizing NNI: done in 0.00146794 secs using 199.6% CPU
Optimizing NNI: done in 0.000985146 secs using 199.4% CPU
Optimizing NNI: done in 0.00101304 secs using 199.7% CPU
Optimizing NNI: done in 0.002177 secs using 200% CPU
Optimizing NNI: done in 0.00086689 secs using 199.7% CPU
Optimizing NNI: done in 0.000445127 secs using 198.4% CPU
Optimizing NNI: done in 0.00145316 secs using 132.3% CPU
Optimizing NNI: done in 0.0014782 secs using 198.9% CPU
Optimizing NNI: done in 0.00181603 secs using 200.1% CPU
Iteration 50 / LogL: -522.982 / Time: 0h:0m:0s (0h:0m:0s left)
Optimizing NNI: done in 0.000476122 secs using 199.3% CPU
Optimizing NNI: done in 0.000953913 secs using 200% CPU
Optimizing NNI: done in 0.000921011 secs using 199.6% CPU
Optimizing NNI: done in 0.000926018 secs using 199.8% CPU
Optimizing NNI: done in 0.00139403 secs using 199.8% CPU
Optimizing NNI: done in 0.00141287 secs using 128.7% CPU
Optimizing NNI: done in 0.00172496 secs using 199.7% CPU
Optimizing NNI: done in 0.000928164 secs using 199.9% CPU
Optimizing NNI: done in 0.00132394 secs using 199.6% CPU
Optimizing NNI: done in 0.000952959 secs using 199.5% CPU
Iteration 60 / LogL: -522.981 / Time: 0h:0m:0s (0h:0m:0s left)
Optimizing NNI: done in 0.00150895 secs using 199.9% CPU
Optimizing NNI: done in 0.000445843 secs using 198.9% CPU
Optimizing NNI: done in 0.000865936 secs using 199.9% CPU
Optimizing NNI: done in 0.00097084 secs using 199.4% CPU
Optimizing NNI: done in 0.000859976 secs using 199.3% CPU
Optimizing NNI: done in 0.00132394 secs using 199.9% CPU
Optimizing NNI: done in 0.000481129 secs using 199.1% CPU
Optimizing NNI: done in 0.0014081 secs using 199.9% CPU
Optimizing NNI: done in 0.000844955 secs using 199.3% CPU
Optimizing NNI: done in 0.000985861 secs using 200% CPU
Iteration 70 / LogL: -522.982 / Time: 0h:0m:0s (0h:0m:0s left)
Optimizing NNI: done in 0.00136518 secs using 199.7% CPU
Optimizing NNI: done in 0.001405 secs using 199.9% CPU
Optimizing NNI: done in 0.000998974 secs using 199.9% CPU
Optimizing NNI: done in 0.000476122 secs using 199.3% CPU
Optimizing NNI: done in 0.00148392 secs using 199.8% CPU
Optimizing NNI: done in 0.000897169 secs using 199.2% CPU
Optimizing NNI: done in 0.000468969 secs using 198.3% CPU
Optimizing NNI: done in 0.00139093 secs using 199.8% CPU
Optimizing NNI: done in 0.00138021 secs using 199.6% CPU
Optimizing NNI: done in 0.000946045 secs using 199.6% CPU
Iteration 80 / LogL: -528.692 / Time: 0h:0m:0s (0h:0m:0s left)
Optimizing NNI: done in 0.000965834 secs using 200% CPU
Optimizing NNI: done in 0.00118995 secs using 199.9% CPU
Optimizing NNI: done in 0.00125694 secs using 148% CPU
Optimizing NNI: done in 0.000456095 secs using 189.7% CPU
Optimizing NNI: done in 0.000458956 secs using 199.8% CPU
Optimizing NNI: done in 0.000844002 secs using 200.1% CPU
Optimizing NNI: done in 0.000931978 secs using 199.7% CPU
Optimizing NNI: done in 0.000473976 secs using 199.8% CPU
Optimizing NNI: done in 0.000895023 secs using 199.4% CPU
BETTER TREE FOUND at iteration 89: -522.981
Optimizing NNI: done in 0.001405 secs using 199.7% CPU
Iteration 90 / LogL: -522.981 / Time: 0h:0m:0s (0h:0m:0s left)
Optimizing NNI: done in 0.000933886 secs using 199.7% CPU
Optimizing NNI: done in 0.00048399 secs using 199.4% CPU
Optimizing NNI: done in 0.000993013 secs using 199.4% CPU
Optimizing NNI: done in 0.00153112 secs using 199.5% CPU
Optimizing NNI: done in 0.000458956 secs using 0.6537% CPU
Optimizing NNI: done in 0.00138116 secs using 195.9% CPU
Optimizing NNI: done in 0.001441 secs using 199.2% CPU
Optimizing NNI: done in 0.00226998 secs using 199.8% CPU
Optimizing NNI: done in 0.00134587 secs using 199.7% CPU
Optimizing NNI: done in 0.000893831 secs using 200.1% CPU
Iteration 100 / LogL: -528.692 / Time: 0h:0m:0s (0h:0m:0s left)
Optimizing NNI: done in 0.00141907 secs using 199.8% CPU
Optimizing NNI: done in 0.00100899 secs
Optimizing NNI: done in 0.00132799 secs using 197.6% CPU
Optimizing NNI: done in 0.000466824 secs using 199% CPU
Optimizing NNI: done in 0.000971079 secs using 199.4% CPU
Optimizing NNI: done in 0.000903845 secs using 199.8% CPU
Optimizing NNI: done in 0.00110698 secs using 153.2% CPU
UPDATE BEST LOG-LIKELIHOOD: -522.981
Optimizing NNI: done in 0.000896931 secs using 164.2% CPU
Optimizing NNI: done in 0.00228381 secs using 99.92% CPU
Optimizing NNI: done in 0.000892878 secs using 99.79% CPU
Iteration 110 / LogL: -522.981 / Time: 0h:0m:0s (0h:0m:0s left)
Optimizing NNI: done in 0.00097394 secs using 99.8% CPU
Optimizing NNI: done in 0.00125313 secs using 99.83% CPU
BETTER TREE FOUND at iteration 112: -522.981
Optimizing NNI: done in 0.00124478 secs using 52.14% CPU
Optimizing NNI: done in 0.000876904 secs using 99.78% CPU
Optimizing NNI: done in 0.00119781 secs using 99.18% CPU
Optimizing NNI: done in 0.00148988 secs using 99.94% CPU
Optimizing NNI: done in 0.00120997 secs using 99.92% CPU
Optimizing NNI: done in 0.00101495 secs using 99.81% CPU
Optimizing NNI: done in 0.000460863 secs using 99.6% CPU
Optimizing NNI: done in 0.00149298 secs using 99.93% CPU
Iteration 120 / LogL: -522.982 / Time: 0h:0m:0s (0h:0m:0s left)
Optimizing NNI: done in 0.000477076 secs using 99.77% CPU
Optimizing NNI: done in 0.00142097 secs using 99.93% CPU
Optimizing NNI: done in 0.00144291 secs using 99.94% CPU
Optimizing NNI: done in 0.00175691 secs using 99.89% CPU
Optimizing NNI: done in 0.000971079 secs using 99.89% CPU
Optimizing NNI: done in 0.000874996 secs using 99.89% CPU
Optimizing NNI: done in 0.000864029 secs using 99.88% CPU
Optimizing NNI: done in 0.00126791 secs using 99.85% CPU
Optimizing NNI: done in 0.00165391 secs using 99.94% CPU
Optimizing NNI: done in 0.000476837 secs using 99.61% CPU
Iteration 130 / LogL: -522.981 / Time: 0h:0m:0s (0h:0m:0s left)
Optimizing NNI: done in 0.00133491 secs using 99.86% CPU
Optimizing NNI: done in 0.00200605 secs using 99.5% CPU
Optimizing NNI: done in 0.00121808 secs using 99.91% CPU
Optimizing NNI: done in 0.000473976 secs using 99.58% CPU
Optimizing NNI: done in 0.000449181 secs using 99.74% CPU
Optimizing NNI: done in 0.000448942 secs using 99.57% CPU
Optimizing NNI: done in 0.000841141 secs using 99.75% CPU
Optimizing NNI: done in 0.00099802 secs using 99.9% CPU
Optimizing NNI: done in 0.00113297 secs using 99.83% CPU
Optimizing NNI: done in 0.0010829 secs using 99.82% CPU
Iteration 140 / LogL: -561.357 / Time: 0h:0m:0s (0h:0m:0s left)
Optimizing NNI: done in 0.00158095 secs using 100% CPU
Optimizing NNI: done in 0.000890017 secs using 99.77% CPU
Optimizing NNI: done in 0.000974178 secs using 99.88% CPU
Optimizing NNI: done in 0.000914812 secs using 99.8% CPU
Optimizing NNI: done in 0.000803947 secs using 99.88% CPU
Optimizing NNI: done in 0.00138783 secs using 99.87% CPU
Optimizing NNI: done in 0.000911951 secs using 99.9% CPU
Optimizing NNI: done in 0.000950098 secs using 99.88% CPU
Optimizing NNI: done in 0.00178599 secs using 99.89% CPU
Optimizing NNI: done in 0.0012939 secs using 99.93% CPU
Iteration 150 / LogL: -522.981 / Time: 0h:0m:0s (0h:0m:0s left)
Optimizing NNI: done in 0.000837088 secs using 99.87% CPU
Optimizing NNI: done in 0.00119591 secs using 99.84% CPU
Optimizing NNI: done in 0.000839949 secs using 99.77% CPU
Optimizing NNI: done in 0.00100684 secs using 99.82% CPU
Optimizing NNI: done in 0.000878096 secs using 99.88% CPU
Optimizing NNI: done in 0.00153899 secs using 99.87% CPU
Optimizing NNI: done in 0.00119996 secs using 99.84% CPU
Optimizing NNI: done in 0.000946999 secs using 99.79% CPU
Optimizing NNI: done in 0.00143814 secs using 99.92% CPU
Optimizing NNI: done in 0.000938892 secs using 99.8% CPU
Iteration 160 / LogL: -522.981 / Time: 0h:0m:0s (0h:0m:0s left)
Optimizing NNI: done in 0.00046587 secs using 99.6% CPU
Optimizing NNI: done in 0.00179601 secs using 99.89% CPU
Optimizing NNI: done in 0.00100017 secs using 99.78% CPU
Optimizing NNI: done in 0.00144196 secs using 99.86% CPU
Optimizing NNI: done in 0.000936031 secs using 99.89% CPU
Optimizing NNI: done in 0.00146008 secs using 99.86% CPU
Optimizing NNI: done in 0.000981092 secs using 99.79% CPU
Optimizing NNI: done in 0.000957012 secs using 99.79% CPU
Optimizing NNI: done in 0.000932932 secs using 99.79% CPU
Optimizing NNI: done in 0.000926971 secs using 99.79% CPU
Iteration 170 / LogL: -522.981 / Time: 0h:0m:0s (0h:0m:0s left)
Optimizing NNI: done in 0.000459909 secs using 99.8% CPU
Optimizing NNI: done in 0.000468016 secs using 99.78% CPU
Optimizing NNI: done in 0.000993967 secs using 99.9% CPU
Optimizing NNI: done in 0.000784874 secs using 99.89% CPU
Optimizing NNI: done in 0.000961065 secs using 99.89% CPU
Optimizing NNI: done in 0.000872135 secs using 99.76% CPU
Optimizing NNI: done in 0.00120592 secs using 99.84% CPU
Optimizing NNI: done in 0.00123 secs using 99.92% CPU
Optimizing NNI: done in 0.000910044 secs using 99.89% CPU
Optimizing NNI: done in 0.00092411 secs using 99.77% CPU
Iteration 180 / LogL: -522.983 / Time: 0h:0m:0s (0h:0m:0s left)
Optimizing NNI: done in 0.000871897 secs using 99.78% CPU
Optimizing NNI: done in 0.000432968 secs using 99.55% CPU
Optimizing NNI: done in 0.00134778 secs using 99.94% CPU
Optimizing NNI: done in 0.000961065 secs using 99.79% CPU
Optimizing NNI: done in 0.000943899 secs using 99.9% CPU
Optimizing NNI: done in 0.000833035 secs using 99.76% CPU
Optimizing NNI: done in 0.000912905 secs using 99.79% CPU
Optimizing NNI: done in 0.00141907 secs using 99.85% CPU
Optimizing NNI: done in 0.002666 secs using 99.93% CPU
Optimizing NNI: done in 0.00127292 secs using 99.85% CPU
Iteration 190 / LogL: -522.981 / Time: 0h:0m:0s (0h:0m:0s left)
Optimizing NNI: done in 0.000930071 secs using 99.88% CPU
Optimizing NNI: done in 0.000842094 secs using 99.87% CPU
Optimizing NNI: done in 0.000470161 secs using 99.75% CPU
Optimizing NNI: done in 0.000928879 secs using 99.69% CPU
Optimizing NNI: done in 0.000454187 secs using 99.74% CPU
Optimizing NNI: done in 0.000930071 secs using 99.67% CPU
Optimizing NNI: done in 0.000949144 secs using 99.77% CPU
Optimizing NNI: done in 0.000449896 secs using 99.58% CPU
Optimizing NNI: done in 0.000843048 secs using 99.88% CPU
Optimizing NNI: done in 0.000437975 secs using 99.55% CPU
BETTER TREE FOUND at iteration 200: -522.981
Iteration 200 / LogL: -522.981 / Time: 0h:0m:0s (0h:0m:0s left)
Optimizing NNI: done in 0.00139904 secs using 99.78% CPU
Optimizing NNI: done in 0.000971079 secs using 99.89% CPU
Optimizing NNI: done in 0.000950098 secs using 99.78% CPU
Optimizing NNI: done in 0.00152087 secs using 99.94% CPU
Optimizing NNI: done in 0.000915051 secs using 99.89% CPU
Optimizing NNI: done in 0.00185108 secs using 99.89% CPU
Optimizing NNI: done in 0.000928164 secs using 99.77% CPU
Optimizing NNI: done in 0.000936031 secs using 99.89% CPU
Optimizing NNI: done in 0.00105 secs using 99.71% CPU
Optimizing NNI: done in 0.00140405 secs using 99.85% CPU
Iteration 210 / LogL: -531.271 / Time: 0h:0m:0s (0h:0m:0s left)
Optimizing NNI: done in 0.000892162 secs using 99.76% CPU
Optimizing NNI: done in 0.00128102 secs using 99.92% CPU
Optimizing NNI: done in 0.00139904 secs using 99.78% CPU
Optimizing NNI: done in 0.00149393 secs using 99.87% CPU
Optimizing NNI: done in 0.000824928 secs using 99.77% CPU
Optimizing NNI: done in 0.000778913 secs using 99.75% CPU
Optimizing NNI: done in 0.000909805 secs using 99.8% CPU
Optimizing NNI: done in 0.000449181 secs using 99.51% CPU
Optimizing NNI: done in 0.00124002 secs using 99.92% CPU
Optimizing NNI: done in 0.000916004 secs using 99.78% CPU
Iteration 220 / LogL: -561.355 / Time: 0h:0m:0s (0h:0m:0s left)
Optimizing NNI: done in 0.00087285 secs using 99.9% CPU
Optimizing NNI: done in 0.00139904 secs using 99.85% CPU
Optimizing NNI: done in 0.00138402 secs using 100% CPU
Optimizing NNI: done in 0.000996113 secs using 99.79% CPU
Optimizing NNI: done in 0.000765085 secs using 99.86% CPU
Optimizing NNI: done in 0.000458956 secs using 99.79% CPU
Optimizing NNI: done in 0.000427961 secs using 99.54% CPU
Optimizing NNI: done in 0.00127602 secs using 99.84% CPU
Optimizing NNI: done in 0.00170016 secs using 99.87% CPU
Optimizing NNI: done in 0.000842094 secs using 99.87% CPU
Iteration 230 / LogL: -522.981 / Time: 0h:0m:0s (0h:0m:0s left)
Optimizing NNI: done in 0.000926971 secs using 99.79% CPU
Optimizing NNI: done in 0.00165391 secs using 99.88% CPU
Optimizing NNI: done in 0.00123501 secs using 99.92% CPU
Optimizing NNI: done in 0.00128818 secs using 99.83% CPU
Optimizing NNI: done in 0.00129986 secs using 99.86% CPU
Optimizing NNI: done in 0.00137305 secs using 99.92% CPU
Optimizing NNI: done in 0.00146484 secs using 99.94% CPU
Optimizing NNI: done in 0.00134301 secs using 99.92% CPU
Optimizing NNI: done in 0.0015769 secs using 99.94% CPU
Optimizing NNI: done in 0.00154114 secs using 99.86% CPU
Iteration 240 / LogL: -522.984 / Time: 0h:0m:0s (0h:0m:0s left)
Optimizing NNI: done in 0.00129914 secs using 99.91% CPU
Optimizing NNI: done in 0.00189018 secs using 99.94% CPU
Optimizing NNI: done in 0.00183201 secs using 99.89% CPU
Optimizing NNI: done in 0.00078702 secs using 99.87% CPU
Optimizing NNI: done in 0.000985861 secs using 99.91% CPU
Optimizing NNI: done in 0.000813961 secs using 99.76% CPU
Optimizing NNI: done in 0.00145221 secs using 99.92% CPU
Optimizing NNI: done in 0.000633001 secs using 99.68% CPU
Optimizing NNI: done in 0.00113106 secs using 99.82% CPU
Optimizing NNI: done in 0.00141883 secs using 99.94% CPU
Iteration 250 / LogL: -522.982 / Time: 0h:0m:0s (0h:0m:0s left)
Optimizing NNI: done in 0.00185704 secs using 99.94% CPU
Optimizing NNI: done in 0.0012958 secs using 99.78% CPU
Optimizing NNI: done in 0.000834942 secs using 99.77% CPU
Optimizing NNI: done in 0.000847101 secs using 99.75% CPU
Optimizing NNI: done in 0.000971079 secs using 99.79% CPU
Optimizing NNI: done in 0.00136805 secs using 99.85% CPU
Optimizing NNI: done in 0.00136518 secs using 99.91% CPU
Optimizing NNI: done in 0.000868797 secs using 99.91% CPU
Optimizing NNI: done in 0.00123096 secs using 99.84% CPU
Optimizing NNI: done in 0.00106907 secs using 99.71% CPU
Iteration 260 / LogL: -522.981 / Time: 0h:0m:0s (0h:0m:0s left)
Optimizing NNI: done in 0.000930071 secs using 99.78% CPU
Optimizing NNI: done in 0.000933886 secs using 99.91% CPU
BETTER TREE FOUND at iteration 262: -522.981
Optimizing NNI: done in 0.00158906 secs using 63.06% CPU
Optimizing NNI: done in 0.000854015 secs using 99.76% CPU
Optimizing NNI: done in 0.000898123 secs using 99.87% CPU
Optimizing NNI: done in 0.000848055 secs using 99.76% CPU
Optimizing NNI: done in 0.00127792 secs using 99.93% CPU
Optimizing NNI: done in 0.000957012 secs using 99.89% CPU
Optimizing NNI: done in 0.000864983 secs using 99.77% CPU
Optimizing NNI: done in 0.00107503 secs using 99.81% CPU
Iteration 270 / LogL: -522.981 / Time: 0h:0m:0s (0h:0m:0s left)
Optimizing NNI: done in 0.00162292 secs using 99.88% CPU
Optimizing NNI: done in 0.000832081 secs using 99.75% CPU
Optimizing NNI: done in 0.000892162 secs using 99.76% CPU
Optimizing NNI: done in 0.00145221 secs using 99.92% CPU
Optimizing NNI: done in 0.00137687 secs using 99.94% CPU
Optimizing NNI: done in 0.000967979 secs using 99.8% CPU
Optimizing NNI: done in 0.00166512 secs using 99.87% CPU
Optimizing NNI: done in 0.00120807 secs using 99.83% CPU
Optimizing NNI: done in 0.00177193 secs using 99.89% CPU
Optimizing NNI: done in 0.00089407 secs using 99.77% CPU
Iteration 280 / LogL: -522.982 / Time: 0h:0m:0s (0h:0m:0s left)
Optimizing NNI: done in 0.000972986 secs using 99.8% CPU
Optimizing NNI: done in 0.00159597 secs using 99.88% CPU
Optimizing NNI: done in 0.00165987 secs using 99.95% CPU
Optimizing NNI: done in 0.000926971 secs using 99.79% CPU
Optimizing NNI: done in 0.00119901 secs using 99.92% CPU
Optimizing NNI: done in 0.000859976 secs using 99.77% CPU
Optimizing NNI: done in 0.000469923 secs using 99.8% CPU
Optimizing NNI: done in 0.00188708 secs using 99.94% CPU
Optimizing NNI: done in 0.000735998 secs using 99.73% CPU
Optimizing NNI: done in 0.00127292 secs using 99.85% CPU
Iteration 290 / LogL: -522.982 / Time: 0h:0m:0s (0h:0m:0s left)
Optimizing NNI: done in 0.000945091 secs using 99.88% CPU
Optimizing NNI: done in 0.000838995 secs using 99.76% CPU
Optimizing NNI: done in 0.000970125 secs using 99.78% CPU
Optimizing NNI: done in 0.000833035 secs using 99.76% CPU
Optimizing NNI: done in 0.00170183 secs using 99.95% CPU
Optimizing NNI: done in 0.00090909 secs using 99.88% CPU
Optimizing NNI: done in 0.000923872 secs using 99.91% CPU
Optimizing NNI: done in 0.000945091 secs using 99.78% CPU
Optimizing NNI: done in 0.00180793 secs using 99.95% CPU
Optimizing NNI: done in 0.000955105 secs using 99.88% CPU
Iteration 300 / LogL: -522.981 / Time: 0h:0m:0s (0h:0m:0s left)
Optimizing NNI: done in 0.000916004 secs using 99.78% CPU
Optimizing NNI: done in 0.00157595 secs using 99.88% CPU
Optimizing NNI: done in 0.000700951 secs using 99.86% CPU
Optimizing NNI: done in 0.000488043 secs using 99.79% CPU
Optimizing NNI: done in 0.000952959 secs using 99.79% CPU
Optimizing NNI: done in 0.000870943 secs using 99.78% CPU
Optimizing NNI: done in 0.00135684 secs using 99.94% CPU
Optimizing NNI: done in 0.000884056 secs using 99.77% CPU
Optimizing NNI: done in 0.000457048 secs using 99.77% CPU
Optimizing NNI: done in 0.00177908 secs using 99.94% CPU
Iteration 310 / LogL: -531.272 / Time: 0h:0m:0s (0h:0m:0s left)
Optimizing NNI: done in 0.00135303 secs using 99.26% CPU
Optimizing NNI: done in 0.00144887 secs using 99.87% CPU
Optimizing NNI: done in 0.000447989 secs using 99.56% CPU
Optimizing NNI: done in 0.000472069 secs using 99.56% CPU
Optimizing NNI: done in 0.00137782 secs using 99.94% CPU
Optimizing NNI: done in 0.000942945 secs using 100% CPU
Optimizing NNI: done in 0.00101399 secs using 99.9% CPU
Optimizing NNI: done in 0.00146389 secs using 99.87% CPU
Optimizing NNI: done in 0.000968218 secs using 99.87% CPU
Optimizing NNI: done in 0.000949144 secs using 99.88% CPU
Iteration 320 / LogL: -522.981 / Time: 0h:0m:0s (0h:0m:0s left)
Optimizing NNI: done in 0.000911951 secs using 99.79% CPU
Optimizing NNI: done in 0.000925064 secs using 99.88% CPU
Optimizing NNI: done in 0.000920057 secs using 99.89% CPU
Optimizing NNI: done in 0.0014019 secs using 99.86% CPU
Optimizing NNI: done in 0.000877857 secs using 99.79% CPU
Optimizing NNI: done in 0.00149703 secs using 99.86% CPU
Optimizing NNI: done in 0.0010891 secs using 99.81% CPU
Optimizing NNI: done in 0.000905991 secs using 99.89% CPU
Optimizing NNI: done in 0.00160098 secs using 99.94% CPU
Optimizing NNI: done in 0.000879049 secs using 99.77% CPU
Iteration 330 / LogL: -522.981 / Time: 0h:0m:0s (0h:0m:0s left)
Optimizing NNI: done in 0.00146103 secs using 99.86% CPU
Optimizing NNI: done in 0.00088191 secs using 99.78% CPU
Optimizing NNI: done in 0.000929832 secs using 99.8% CPU
Optimizing NNI: done in 0.00158119 secs using 99.92% CPU
Optimizing NNI: done in 0.000969172 secs using 99.78% CPU
Optimizing NNI: done in 0.00156999 secs using 99.94% CPU
Optimizing NNI: done in 0.00106001 secs using 99.9% CPU
Optimizing NNI: done in 0.00120115 secs using 99.82% CPU
Optimizing NNI: done in 0.000442982 secs using 99.55% CPU
Optimizing NNI: done in 0.000838041 secs using 99.76% CPU
Iteration 340 / LogL: -522.981 / Time: 0h:0m:0s (0h:0m:0s left)
Optimizing NNI: done in 0.00102305 secs using 99.8% CPU
Optimizing NNI: done in 0.000882864 secs using 99.79% CPU
Optimizing NNI: done in 0.000874996 secs using 99.77% CPU
Optimizing NNI: done in 0.00142288 secs using 99.94% CPU
Optimizing NNI: done in 0.000890017 secs using 99.66% CPU
Optimizing NNI: done in 0.00086689 secs using 99.78% CPU
Optimizing NNI: done in 0.00132203 secs using 99.77% CPU
Optimizing NNI: done in 0.00102282 secs using 99.92% CPU
Optimizing NNI: done in 0.00090003 secs using 99.89% CPU
Optimizing NNI: done in 0.000463009 secs using 99.78% CPU
Iteration 350 / LogL: -522.981 / Time: 0h:0m:0s (0h:0m:0s left)
Optimizing NNI: done in 0.000457048 secs using 99.77% CPU
Optimizing NNI: done in 0.000962973 secs using 99.9% CPU
Optimizing NNI: done in 0.0011251 secs using 99.81% CPU
Optimizing NNI: done in 0.000447989 secs using 99.56% CPU
Optimizing NNI: done in 0.000797987 secs using 99.63% CPU
Optimizing NNI: done in 0.00121593 secs using 99.92% CPU
Optimizing NNI: done in 0.00114989 secs using 99.92% CPU
Optimizing NNI: done in 0.00047183 secs using 99.61% CPU
Optimizing NNI: done in 0.00140905 secs using 99.93% CPU
Optimizing NNI: done in 0.001508 secs using 99.93% CPU
Iteration 360 / LogL: -522.982 / Time: 0h:0m:0s (0h:0m:0s left)
Optimizing NNI: done in 0.000823975 secs using 99.76% CPU
Optimizing NNI: done in 0.00144506 secs using 99.79% CPU
Optimizing NNI: done in 0.000825882 secs using 99.77% CPU
TREE SEARCH COMPLETED AFTER 363 ITERATIONS / Time: 0h:0m:0s

--------------------------------------------------------------------
|                    FINALIZING TREE SEARCH                        |
--------------------------------------------------------------------
Performs final model parameters optimization
Estimate model parameters (epsilon = 0.010)
1. Initial log-likelihood: -522.981
Optimal log-likelihood: -522.981
Rate parameters:  A-C: 1.00000  A-G: 4.26151  A-T: 1.00000  C-G: 1.00000  C-T: 4.26151  G-T: 1.00000
Base frequencies:  A: 0.250  C: 0.250  G: 0.250  T: 0.250
Parameters optimization took 1 rounds (0.000 sec)
BEST SCORE FOUND : -522.981
Total tree length: 0.134

Total number of iterations: 363
CPU time used for tree search: 0.691 sec (0h:0m:0s)
Wall-clock time used for tree search: 0.541 sec (0h:0m:0s)
Total CPU time used: 0.715 sec (0h:0m:0s)
Total wall-clock time used: 0.558 sec (0h:0m:0s)

Analysis results written to: 
  IQ-TREE report:                /app/outputs/analyses/606/20250712T034645/between_profile_distances/A/clade_A_seqs.aligned.fasta.iqtree
  Maximum-likelihood tree:       /app/outputs/analyses/606/20250712T034645/between_profile_distances/A/clade_A_seqs.aligned.fasta.treefile
  Likelihood distances:          /app/outputs/analyses/606/20250712T034645/between_profile_distances/A/clade_A_seqs.aligned.fasta.mldist
  Screen log file:               /app/outputs/analyses/606/20250712T034645/between_profile_distances/A/clade_A_seqs.aligned.fasta.log

Date and Time: Fri Jul 11 22:51:57 2025
