IQ-TREE multicore version 2.2.2.3 COVID-edition for Linux 64-bit built Apr  7 2023
Developed by Bui Quang Minh, James Barbetti, Nguyen Lam Tung,
Olga Chernomor, Heiko Schmidt, Dominik Schrempf, Michael Woodhams, Ly Trong Nhan.

Host:    64923e67824f (AVX512, FMA3, 62 GB RAM)
Command: iqtree -T AUTO --threads-max 2 -s /app/outputs/analyses/606/20250712T034645/between_sample_distances/B/clade_B_seqs.aligned.fasta
Seed:    918849 (Using SPRNG - Scalable Parallel Random Number Generator)
Time:    Fri Jul 11 22:57:42 2025
Kernel:  AVX+FMA - auto-detect threads (36 CPU cores detected)

Reading alignment file /app/outputs/analyses/606/20250712T034645/between_sample_distances/B/clade_B_seqs.aligned.fasta ... Fasta format detected
Reading fasta file: done in 0.0402029 secs using 95.53% CPU
Alignment most likely contains DNA/RNA sequences
Constructing alignment: done in 0.0140579 secs using 3268% CPU
Alignment has 1266 sequences with 929 columns, 599 distinct patterns
192 parsimony-informative, 92 singleton sites, 645 constant sites
         Gap/Ambiguity  Composition  p-value
Analyzing sequences: done in 0.000390053 secs using 2531% CPU
   1  2768899   70.94%    passed     98.93%
   2  319519    71.04%    passed     98.84%
   3  2768937   71.47%    passed     98.65%
   4  2768938   70.83%    passed     99.55%
   5  2768939   70.83%    passed     98.73%
   6  2768941   71.37%    passed     99.57%
   7  90158     71.15%    passed     99.40%
   8  2768942   73.95%    passed     98.17%
   9  2768943   70.72%    passed     96.66%
  10  2768945   78.26%    passed     96.65%
  11  4874296   71.04%    passed     99.30%
  12  2768960   74.27%    passed     98.58%
  13  2768977   71.04%    passed     99.65%
  14  2768982   70.83%    passed     98.74%
  15  2768984   71.15%    passed     99.91%
  16  2154593   70.94%    passed     96.29%
  17  2154609   71.04%    passed     99.69%
  18  2769011   71.69%    passed     98.34%
  19  90255     71.04%    passed     99.16%
  20  3375248   68.57%    passed     95.10%
  21  4235411   74.92%    passed     99.86%
  22  2769048   75.35%    passed     98.19%
  23  2769049   69.64%    passed     95.25%
  24  2769050   70.29%    passed     99.36%
  25  4464794   71.04%    passed     99.10%
  26  65729     71.04%    passed     98.57%
  27  90320     71.04%    passed     98.76%
  28  2769105   71.04%    passed     99.75%
  29  2769115   71.04%    passed     95.49%
  30  2769133   70.94%    passed     98.88%
  31  90350     71.04%    passed     97.26%
  32  3375351   70.51%    passed     97.75%
  33  2769155   70.94%    passed     98.93%
  34  2539782   70.83%    passed     97.86%
  35  368924    71.04%    passed     99.30%
  36  2769188   75.24%    passed     99.10%
  37  90417     71.04%    passed     99.75%
  38  3375433   71.04%    passed     98.66%
  39  696650    71.04%    passed     99.30%
  40  4940121   71.37%    passed     98.32%
  41  90473     71.04%    passed     98.76%
  42  3629419   71.04%    passed     99.65%
  43  37524     71.04%    passed     99.16%
  44  90498     71.04%    passed     99.72%
  45  4874634   71.15%    passed     99.51%
  46  5071242   72.44%    passed     93.87%
  47  369071    71.04%    passed     99.30%
  48  696802    71.04%    passed     96.68%
  49  1466884   71.04%    passed     97.46%
  50  696848    74.17%    passed     97.68%
  51  4227600   70.51%    passed     99.30%
  52  1466911   70.83%    passed     99.73%
  53  4227618   70.29%    passed     99.75%
  54  4227619   68.35%    passed     96.71%
  55  4227622   71.47%    passed     98.63%
  56  3654189   72.44%    passed     90.51%
  57  3654190   71.04%    passed     98.84%
  58  3654196   70.94%    passed     98.22%
  59  3654197   71.04%    passed     95.20%
  60  3654201   71.04%    passed     98.54%
  61  3654204   70.94%    passed     95.32%
  62  4227644   71.04%    passed     99.97%
  63  3629630   70.94%    passed     98.47%
  64  3654207   71.04%    passed     86.47%
  65  4227645   70.94%    passed     98.47%
  66  4227647   70.72%    passed     98.05%
  67  4227648   71.91%    passed     99.93%
  68  4227649   71.91%    passed     99.95%
  69  4227652   71.04%    passed     96.68%
  70  4227655   71.04%    passed     93.41%
  71  3654217   71.04%    passed     98.98%
  72  4227670   74.06%    passed     95.95%
  73  3654246   71.04%    passed     96.93%
  74  3654272   72.44%    passed     95.50%
  75  3375760   71.04%    passed     99.98%
  76  4227746   70.94%    passed     96.61%
  77  4227747   71.04%    passed     97.20%
  78  4227748   71.04%    passed     95.06%
  79  4227757   73.84%    passed     99.51%
  80  4227758   75.13%    passed     96.65%
  81  1467065   71.15%    passed     96.39%
  82  3654377   77.83%    passed     98.42%
  83  3654381   69.64%    passed     98.90%
  84  4227827   69.64%    passed     99.61%
  85  4883250   70.94%    passed     99.60%
  86  295732    71.04%    passed     99.65%
  87  4227902   72.34%    passed     97.17%
  88  4227903   72.66%    passed     96.88%
  89  4227904   70.61%    passed     99.52%
  90  4227905   70.61%    passed     99.89%
  91  3654471   71.04%    passed     99.98%
  92  3375949   71.04%    passed     98.76%
  93  25424     71.04%    passed     98.54%
  94  1917802   71.04%    passed     99.30%
  95  4236140   71.04%    passed     96.68%
  96  3376049   71.04%    passed     99.65%
  97  3376056   71.37%    passed     99.62%
  98  3654599   71.04%    passed     98.93%
  99  3654604   70.72%    passed     96.09%
 100  3654680   71.04%    passed     98.76%
 101  4228120   71.58%    passed     99.80%
 102  3654683   72.34%    passed     93.71%
 103  3654734   71.04%    passed     95.66%
 104  3376222   71.69%    passed     96.54%
 105  4883555   71.15%    passed     99.75%
 106  1778788   71.47%    passed     99.54%
 107  3654777   71.04%    passed     98.54%
 108  3654778   71.04%    passed     99.77%
 109  3654787   70.83%    passed     98.47%
 110  1778841   71.47%    passed     99.54%
 111  50356     71.04%    passed     99.91%
 112  4875471   71.04%    passed     97.02%
 113  25829     71.04%    passed     98.54%
 114  1918268   71.04%    passed     99.16%
 115  1402208   70.61%    passed     99.43%
 116  1402209   72.01%    passed     94.51%
 117  1402212   66.85%    passed     98.05%
 118  779625    71.47%    passed     99.72%
 119  304500    71.04%    passed     99.30%
 120  4941219   71.04%    passed     99.16%
 121  4875698   70.94%    passed     98.47%
 122  4883924   71.04%    passed     97.20%
 123  4941287   71.04%    passed     99.10%
 124  304619    71.04%    passed     96.37%
 125  3655205   71.04%    passed     98.76%
 126  3655207   71.04%    passed     99.77%
 127  3655209   71.04%    passed     99.16%
 128  5047851   71.47%    passed     98.44%
 129  2156148   71.04%    passed     96.07%
 130  697994    70.94%    passed     97.58%
 131  698020    67.81%    passed     95.61%
 132  4236965   70.83%    passed     99.99%
 133  59082     71.04%    passed     98.54%
 134  59085     70.94%    passed     98.93%
 135  59086     70.94%    passed     98.67%
 136  2156252   71.04%    passed     99.11%
 137  4876025   71.04%    passed     97.63%
 138  698114    71.04%    passed     99.16%
 139  4237069   72.44%    passed     86.63%
 140  59177     71.04%    passed     96.93%
 141  59184     71.04%    passed     98.84%
 142  2541365   76.53%    passed     97.88%
 143  698180    71.15%    passed     99.75%
 144  1918792   71.04%    passed     96.37%
 145  2156381   73.52%    passed     98.82%
 146  2787203   72.44%    passed     99.36%
 147  59288     74.17%    passed     99.26%
 148  59364     71.15%    passed     99.14%
 149  4892644   73.84%    passed     99.19%
 150  59366     71.04%    passed     99.30%
 151  305136    71.04%    passed     97.11%
 152  1468403   72.44%    passed     94.59%
 153  698375    71.15%    passed     97.54%
 154  51225     71.04%    passed     98.31%
 155  305260    71.04%    passed     98.76%
 156  4876422   72.23%    passed     97.96%
 157  1157286   71.47%    passed     99.89%
 158  3655866   69.43%    passed     99.45%
 159  3655872   71.15%    passed     98.96%
 160  3655876   71.80%    passed     96.67%
 161  2156752   73.52%    passed     93.11%
 162  3655895   71.15%    passed     98.15%
 163  305383    71.04%    passed     93.25%
 164  4237547   73.52%    passed     99.47%
 165  903408    71.04%    passed     98.66%
 166  903414    71.04%    passed     99.91%
 167  1157374   71.47%    passed     99.47%
 168  2156799   73.20%    passed     98.84%
 169  903436    74.17%    passed     99.57%
 170  903478    74.17%    passed     99.30%
 171  43338     71.04%    passed     98.31%
 172  4884836   73.09%    passed     94.05%
 173  903526    71.04%    passed     99.77%
 174  698768    71.15%    passed     99.51%
 175  5048720   71.04%    passed     99.16%
 176  2787760   71.04%    passed     97.39%
 177  43451     71.04%    passed     96.68%
 178  2533825   74.92%    passed     99.17%
 179  43481     71.04%    passed     99.16%
 180  903644    71.04%    passed     96.54%
 181  5736925   75.35%    passed     94.54%
 182  5736926   70.94%    passed     99.38%
 183  5736927   71.04%    passed     90.29%
 184  5736928   75.35%    passed     94.15%
 185  5736929   71.04%    passed     98.54%
 186  5736930   72.12%    passed    100.00%
 187  2533871   70.83%    passed     99.70%
 188  5736945   71.04%    passed     98.54%
 189  5736946   72.01%    passed     98.03%
 190  5736947   70.94%    passed     94.64%
 191  43508     71.04%    passed     99.16%
 192  5736948   71.04%    passed     96.07%
 193  5736949   73.30%    passed     94.16%
 194  5736951   71.04%    passed     99.98%
 195  5736950   72.87%    passed     98.95%
 196  5736953   67.17%    passed     97.62%
 197  5736954   73.74%    passed     92.36%
 198  5736955   72.44%    passed     99.54%
 199  5736956   72.23%    passed     98.89%
 200  5736957   72.23%    passed     98.42%
 201  5736961   71.37%    passed     99.57%
 202  5736962   70.51%    passed     94.41%
 203  5736963   70.51%    passed     99.07%
 204  5736964   71.15%    passed     98.33%
 205  5736965   73.41%    passed     98.65%
 206  5736966   72.23%    passed     99.96%
 207  5736967   71.26%    passed     98.21%
 208  4540936   71.04%    passed     97.11%
 209  5736968   73.52%    passed     98.84%
 210  5736977   71.15%    passed     98.94%
 211  5736978   74.06%    passed     99.71%
 212  1468947   71.04%    passed     98.76%
 213  5736979   73.84%    passed     99.47%
 214  5736980   71.37%    passed     99.05%
 215  5736981   70.61%    passed     99.17%
 216  5736982   72.77%    passed     97.55%
 217  5736983   72.23%    passed     97.25%
 218  5736984   70.61%    passed     98.80%
 219  5736985   71.04%    passed     97.20%
 220  5736986   68.03%    passed     99.25%
 221  5736987   71.04%    passed     96.68%
 222  5736988   70.83%    passed     97.86%
 223  5736989   73.20%    passed     93.68%
 224  5736991   72.34%    passed     99.22%
 225  5736990   70.51%    passed     99.89%
 226  5736992   73.52%    passed     99.19%
 227  5736993   71.26%    passed     99.94%
 228  5736994   73.52%    passed     98.75%
 229  5736995   71.15%    passed     97.96%
 230  5737007   72.23%    passed     96.98%
 231  5737008   72.23%    passed     98.46%
 232  5737009   72.12%    passed     99.71%
 233  5737011   72.66%    passed     98.51%
 234  5737012   72.66%    passed     99.33%
 235  5737013   72.44%    passed     99.62%
 236  5737014   72.01%    passed     98.03%
 237  5737015   70.29%    passed     99.36%
 238  5737016   74.92%    passed     99.17%
 239  5737017   73.63%    passed     98.97%
 240  5737019   74.92%    passed     98.86%
 241  5737020   74.70%    passed     99.62%
 242  5737021   75.24%    passed     99.42%
 243  5737022   73.30%    passed     98.14%
 244  5737023   70.83%    passed     97.86%
 245  5737024   70.72%    passed     98.23%
 246  5737025   73.95%    passed     98.64%
 247  5737026   70.94%    passed     99.82%
 248  5737027   71.04%    passed     97.46%
 249  5737028   71.04%    passed     93.09%
 250  5737029   70.61%    passed     90.73%
 251  5737030   70.61%    passed     87.60%
 252  5737031   71.04%    passed     95.20%
 253  5737032   71.04%    passed     97.93%
 254  5737033   71.37%    passed     99.05%
 255  5737034   71.04%    passed     98.54%
 256  895563    71.37%    passed     98.01%
 257  5737035   71.04%    passed     97.46%
 258  5737036   71.04%    passed     94.02%
 259  5737037   71.04%    passed     95.61%
 260  5737039   70.94%    passed     97.58%
 261  5737038   71.04%    passed     98.57%
 262  5737040   71.04%    passed     94.02%
 263  5737041   70.94%    passed     95.35%
 264  363091    71.04%    passed     99.05%
 265  5737043   71.15%    passed     98.94%
 266  5737042   70.61%    passed     94.97%
 267  51798     71.04%    passed     97.93%
 268  43607     71.04%    passed     98.31%
 269  5737046   72.77%    passed     97.94%
 270  2533977   70.94%    passed     98.67%
 271  5737047   70.08%    passed     99.90%
 272  5737048   71.04%    passed     98.66%
 273  5737052   74.92%    passed     91.07%
 274  5737053   74.27%    passed     96.85%
 275  5737050   73.63%    passed     98.97%
 276  5737051   72.23%    passed     95.52%
 277  5737054   70.61%    passed     99.03%
 278  5737055   71.04%    passed     99.75%
 279  5737056   71.04%    passed     99.13%
 280  5737057   71.47%    passed     98.56%
 281  5737058   71.37%    passed     99.60%
 282  5737060   71.04%    passed     98.54%
 283  5737061   71.04%    passed     99.10%
 284  5737062   68.46%    passed     98.37%
 285  5737059   72.12%    passed     98.15%
 286  5737065   70.40%    passed     99.85%
 287  5737064   72.77%    passed     91.58%
 288  5737066   71.04%    passed     94.02%
 289  5737067   70.51%    passed     98.30%
 290  5737068   73.74%    passed     96.96%
 291  5737069   74.17%    passed     95.02%
 292  5737070   71.69%    passed     99.35%
 293  5737071   72.77%    passed     98.89%
 294  5737072   67.81%    passed     99.64%
 295  5737073   67.71%    passed     97.11%
 296  5737074   71.47%    passed     99.09%
 297  5737075   71.58%    passed     99.98%
 298  5737077   70.94%    passed     98.36%
 299  5737078   70.72%    passed     99.21%
 300  5737079   69.21%    passed     99.30%
 301  2787960   72.44%    passed     97.22%
 302  5737081   70.94%    passed     96.61%
 303  5737082   71.37%    passed     98.36%
 304  5737083   70.94%    passed     98.93%
 305  5737084   70.94%    passed     98.93%
 306  5737085   70.94%    passed     98.93%
 307  5737086   72.77%    passed     96.15%
 308  5737087   71.04%    passed     95.37%
 309  5737088   70.94%    passed     99.60%
 310  699009    71.04%    passed     98.31%
 311  5737089   70.94%    passed     99.47%
 312  5737090   70.94%    passed     99.41%
 313  5737092   75.03%    passed     99.36%
 314  2787973   71.04%    passed     99.16%
 315  5737091   74.70%    passed     99.84%
 316  5737093   74.38%    passed     99.48%
 317  5737094   71.04%    passed     97.11%
 318  5737095   71.47%    passed     91.62%
 319  5737096   71.58%    passed     99.78%
 320  5737097   71.80%    passed     97.08%
 321  5737098   77.72%    passed     83.84%
 322  5737099   71.04%    passed     98.93%
 323  5737100   69.86%    passed     97.58%
 324  5737101   71.15%    passed     94.43%
 325  5737102   72.87%    passed     98.41%
 326  2787985   71.04%    passed     97.39%
 327  5737103   71.69%    passed     98.59%
 328  5737104   69.86%    passed     97.72%
 329  5737105   73.30%    passed     99.94%
 330  5737109   73.30%    passed     99.54%
 331  5737106   72.01%    passed     99.46%
 332  5737107   73.20%    passed     99.56%
 333  5737108   73.30%    passed     99.36%
 334  5737110   73.52%    passed     97.03%
 335  5737111   74.06%    passed     96.00%
 336  5737112   74.49%    passed     98.91%
 337  5737113   74.70%    passed     99.56%
 338  5737114   74.81%    passed     99.38%
 339  5737115   74.06%    passed     97.43%
 340  5737116   71.04%    passed     93.41%
 341  5737117   71.37%    passed     99.62%
 342  5737121   73.41%    passed     97.74%
 343  5737118   70.51%    passed     99.11%
 344  5737119   74.06%    passed     98.40%
 345  5737120   73.41%    passed     98.41%
 346  5737125   72.23%    passed     99.71%
 347  5737122   75.89%    passed     99.17%
 348  5737127   71.04%    passed     98.66%
 349  322215    71.04%    passed     98.31%
 350  2534056   72.55%    passed     99.39%
 351  5737123   72.44%    passed     99.54%
 352  5737124   72.66%    passed     99.52%
 353  5737126   71.04%    passed     97.39%
 354  5737129   73.20%    passed     93.58%
 355  5737130   73.20%    passed     89.55%
 356  5737131   71.04%    passed     98.37%
 357  764592    70.83%    passed     99.55%
 358  5737137   75.03%    passed     98.74%
 359  5737138   72.23%    passed     99.86%
 360  5737132   72.44%    passed     96.44%
 361  5737140   74.17%    passed     99.20%
 362  5737133   73.20%    passed     99.11%
 363  5737134   74.17%    passed     96.74%
 364  5737135   70.51%    passed     97.49%
 365  5737136   70.40%    passed    100.00%
 366  5737139   74.27%    passed     99.11%
 367  895674    71.04%    passed     98.76%
 368  2534074   71.15%    passed     99.90%
 369  5737141   70.72%    passed     99.97%
 370  2788029   71.04%    passed     96.94%
 371  5737142   72.77%    passed     94.72%
 372  5737143   70.94%    passed     96.55%
 373  5737146   73.84%    passed     97.30%
 374  5737147   74.27%    passed     95.91%
 375  5737148   71.04%    passed     98.76%
 376  5737149   72.98%    passed     99.82%
 377  5737150   72.12%    passed     98.87%
 378  5737151   69.21%    passed     99.32%
 379  5737152   71.04%    passed     96.93%
 380  5737153   70.83%    passed     98.39%
 381  5737154   70.51%    passed     97.36%
 382  5737155   70.83%    passed     96.20%
 383  5737156   70.83%    passed     99.41%
 384  5737157   70.83%    passed     98.26%
 385  5737158   70.83%    passed     99.41%
 386  5737159   71.04%    passed     94.44%
 387  5737160   72.44%    passed     90.04%
 388  5737161   70.72%    passed     96.66%
 389  5737167   71.15%    passed     96.96%
 390  5737168   71.15%    passed     90.21%
 391  51922     70.94%    passed     98.47%
 392  5737169   70.40%    passed     98.52%
 393  5737171   71.04%    passed     99.22%
 394  4238037   71.04%    passed     93.92%
 395  5737172   72.44%    passed     86.63%
 396  5737173   71.47%    passed     95.31%
 397  51928     70.94%    passed     96.29%
 398  51929     70.94%    passed     99.25%
 399  51930     70.40%    passed     93.73%
 400  51931     71.04%    passed     99.05%
 401  322265    71.04%    passed     97.11%
 402  5737174   70.61%    passed     97.64%
 403  5737175   70.61%    passed     99.03%
 404  5737176   72.44%    passed     98.80%
 405  5737184   71.15%    passed     99.91%
 406  5737185   71.15%    passed     94.63%
 407  5737186   73.84%    passed     97.40%
 408  1403619   71.69%    passed     92.61%
 409  2788067   71.04%    passed     96.94%
 410  5737187   71.37%    passed     99.46%
 411  5737188   71.26%    passed     97.81%
 412  5737189   67.60%    passed     96.86%
 413  5737190   73.74%    passed     99.65%
 414  5737191   72.34%    passed     99.98%
 415  5737192   70.94%    passed     99.26%
 416  5737193   70.83%    passed     99.83%
 417  5737194   72.34%    passed     99.90%
 418  5737195   71.47%    passed     98.56%
 419  5737196   75.46%    passed     98.85%
 420  5737197   73.20%    passed     94.91%
 421  5737198   75.24%    passed     97.60%
 422  5737199   75.35%    passed     98.19%
 423  5737202   74.70%    passed     99.57%
 424  5737203   74.70%    passed     99.56%
 425  5737204   75.03%    passed     97.95%
 426  5737208   71.15%    passed     99.75%
 427  1403641   71.37%    passed     98.98%
 428  5737209   72.23%    passed     99.99%
 429  5737210   71.04%    passed     95.99%
 430  5737211   76.21%    passed     99.04%
 431  5737212   73.41%    passed     91.76%
 432  5737213   71.04%    passed     97.75%
 433  5737214   71.04%    passed     98.57%
 434  5737215   71.15%    passed     99.05%
 435  5737216   71.04%    passed     96.13%
 436  5737217   71.04%    passed     92.23%
 437  5737218   72.12%    passed     99.55%
 438  5737219   73.52%    passed     95.73%
 439  5737221   69.00%    passed     98.27%
 440  5737222   66.74%    passed     99.80%
 441  5737223   72.77%    passed     99.66%
 442  5737224   74.70%    passed     99.44%
 443  5737225   71.15%    passed     99.51%
 444  5737226   70.61%    passed     99.07%
 445  5737227   70.51%    passed     99.85%
 446  5737228   71.04%    passed     94.44%
 447  5737229   73.20%    passed     99.36%
 448  5737230   70.72%    passed     98.83%
 449  5737231   71.15%    passed     99.97%
 450  5737236   71.04%    passed     99.16%
 451  5737237   74.81%    passed     88.13%
 452  5737238   70.94%    passed     96.89%
 453  5737242   77.50%    passed     99.62%
 454  5737243   70.72%    passed     97.81%
 455  5737248   74.06%    passed     96.07%
 456  5737249   71.58%    passed     99.56%
 457  5737250   70.94%    passed     99.60%
 458  5737251   70.94%    passed     98.11%
 459  5737252   71.04%    passed     99.77%
 460  5737253   70.83%    passed     99.55%
 461  5737254   71.04%    passed     94.44%
 462  5737255   70.61%    passed     94.40%
 463  5737256   71.04%    passed     96.94%
 464  5737257   71.15%    passed     96.88%
 465  5737258   70.83%    passed     97.54%
 466  5737259   71.47%    passed     97.91%
 467  5737260   71.47%    passed     98.27%
 468  5737261   74.38%    passed     97.47%
 469  5737262   72.55%    passed     97.56%
 470  5737267   73.63%    passed     99.24%
 471  5737268   74.81%    passed     94.46%
 472  5737269   75.03%    passed     96.69%
 473  5737270   70.72%    passed     99.97%
 474  5737271   75.03%    passed     91.84%
 475  5737272   71.15%    passed     99.75%
 476  5737273   74.06%    passed     98.74%
 477  5737274   71.58%    passed     99.56%
 478  5737275   70.94%    passed     98.04%
 479  5737276   70.83%    passed     98.70%
 480  5737277   71.04%    passed     95.20%
 481  5737278   71.80%    passed     93.66%
 482  5737280   77.83%    passed     95.79%
 483  5737281   70.61%    passed     96.68%
 484  5286722   70.72%    passed     99.48%
 485  5737282   73.84%    passed     97.08%
 486  5737283   74.81%    passed     99.38%
 487  5737284   74.06%    passed     95.95%
 488  5737285   72.87%    passed     95.34%
 489  5737286   74.81%    passed     99.94%
 490  5737287   72.66%    passed     93.46%
 491  5737288   70.94%    passed     98.93%
 492  5737289   71.58%    passed     98.67%
 493  5737290   70.29%    passed     95.70%
 494  5737292   72.77%    passed     92.01%
 495  5737293   71.04%    passed     94.02%
 496  5737294   71.15%    passed     98.09%
 497  5737295   70.72%    passed     96.09%
 498  2534224   71.15%    passed     99.14%
 499  5737296   72.44%    passed     94.20%
 500  5737297   70.72%    passed     99.80%
 501  5737298   73.52%    passed     97.34%
 502  5737299   71.04%    passed     97.63%
 503  5737300   70.51%    passed     99.16%
 504  5737307   73.63%    passed     98.13%
 505  5737311   70.83%    passed     98.74%
 506  5737312   71.04%    passed     94.02%
 507  5737313   71.04%    passed     99.75%
 508  5737318   71.04%    passed     97.63%
 509  5737319   70.94%    passed     99.25%
 510  5737320   72.44%    passed     87.89%
 511  5737321   72.44%    passed     96.40%
 512  5737322   71.04%    passed     98.54%
 513  5737324   70.61%    passed     99.52%
 514  5737325   76.43%    passed     91.98%
 515  5737326   76.43%    passed     88.22%
 516  5737327   72.44%    passed     93.03%
 517  5737328   71.04%    passed     96.54%
 518  5737329   71.04%    passed     99.22%
 519  5737331   73.84%    passed     88.09%
 520  5737332   70.94%    passed     98.93%
 521  5737333   70.94%    passed     96.89%
 522  5737334   73.52%    passed     99.96%
 523  5737335   73.52%    passed     99.45%
 524  5737336   72.44%    passed     93.75%
 525  5737337   71.04%    passed     96.93%
 526  5737338   71.04%    passed     99.10%
 527  5737339   71.15%    passed     99.89%
 528  5737341   72.34%    passed     99.83%
 529  5737342   71.04%    passed     98.76%
 530  5737343   71.04%    passed     99.65%
 531  5737344   71.80%    passed     97.58%
 532  5737345   71.15%    passed     98.09%
 533  5737346   71.04%    passed     96.86%
 534  5737347   71.04%    passed     98.95%
 535  5737348   69.97%    passed     97.65%
 536  5737358   74.92%    passed     98.50%
 537  5737365   71.04%    passed     98.19%
 538  5737366   74.70%    passed     99.57%
 539  5737367   70.72%    passed     99.52%
 540  5737368   73.30%    passed     85.62%
 541  5737369   72.98%    passed     99.67%
 542  5737370   74.70%    passed     98.25%
 543  5737371   70.51%    passed     98.90%
 544  5737372   70.94%    passed     96.61%
 545  5737373   71.69%    passed     96.87%
 546  5737374   70.83%    passed     95.91%
 547  5737375   74.60%    passed     98.31%
 548  5737376   70.61%    passed     96.74%
 549  5737377   70.72%    passed     97.47%
 550  5737378   73.52%    passed     99.56%
 551  5737379   71.04%    passed     99.22%
 552  5737380   73.52%    passed     99.64%
 553  5737390   70.94%    passed     99.82%
 554  5737391   70.94%    passed     96.45%
 555  5737396   72.12%    passed     95.76%
 556  2788300   72.44%    passed     97.22%
 557  4230148   73.30%    passed     97.82%
 558  2853944   71.26%    passed     97.81%
 559  4230200   71.47%    passed     98.65%
 560  52285     71.04%    passed     98.37%
 561  2788419   71.04%    passed     97.11%
 562  4230247   71.04%    passed     99.65%
 563  322678    71.04%    passed     99.30%
 564  44201     71.04%    passed     99.11%
 565  44205     71.04%    passed     98.41%
 566  44220     71.04%    passed     98.76%
 567  44224     70.61%    passed     99.03%
 568  44226     71.04%    passed     99.72%
 569  44228     73.20%    passed     93.68%
 570  44230     71.04%    passed     99.65%
 571  5287122   71.04%    passed     98.57%
 572  2788599   71.04%    passed     97.39%
 573  896251    71.04%    passed     99.26%
 574  896311    71.04%    passed     97.63%
 575  896324    73.20%    passed     94.03%
 576  896361    71.04%    passed     86.94%
 577  896368    71.04%    passed     95.21%
 578  52671     71.04%    passed     99.69%
 579  4894187   71.04%    passed     99.16%
 580  306680    71.15%    passed     99.40%
 581  5180955   71.04%    passed     98.84%
 582  44589     71.04%    passed     99.69%
 583  52799     71.04%    passed     99.86%
 584  52811     71.04%    passed     99.97%
 585  4468314   74.81%    passed     97.89%
 586  2788966   71.15%    passed     99.05%
 587  44651     71.04%    passed     99.11%
 588  5033584   71.69%    passed     96.54%
 589  896640    71.04%    passed     99.65%
 590  290437    71.04%    passed     99.30%
 591  5287578   71.04%    passed     93.41%
 592  5287611   71.04%    passed     97.20%
 593  2166494   71.04%    passed     99.10%
 594  2543343   71.91%    passed     99.93%
 595  896757    71.47%    passed     99.90%
 596  4230908   70.51%    passed     99.93%
 597  53079     71.04%    passed     99.72%
 598  2535260   70.83%    passed     98.47%
 599  2789216   72.44%    passed     97.22%
 600  896876    71.04%    passed     99.05%
 601  896885    74.17%    passed     95.54%
 602  896906    71.04%    passed     98.76%
 603  3592075   71.04%    passed     99.77%
 604  3657651   70.51%    passed     99.92%
 605  53205     71.04%    passed     98.54%
 606  5017570   72.44%    passed     97.46%
 607  5074918   70.94%    passed     95.71%
 608  2772977   70.94%    passed     99.78%
 609  61432     71.47%    passed     99.89%
 610  3592187   71.04%    passed     97.63%
 611  5737045   71.04%    passed     96.68%
 612  2772992   71.69%    passed     99.12%
 613  3592230   71.04%    passed     99.16%
 614  5017649   71.04%    passed     98.66%
 615  3592250   71.04%    passed     98.57%
 616  53343     71.04%    passed     99.16%
 617  53344     71.04%    passed     92.16%
 618  53469     71.47%    passed     98.04%
 619  4944119   71.04%    passed     96.31%
 620  4231436   71.04%    passed     97.93%
 621  3690781   71.04%    passed     99.72%
 622  4944184   74.81%    passed     95.88%
 623  4231506   72.66%    passed     98.42%
 624  4231515   74.38%    passed     99.42%
 625  2150827   70.83%    passed     98.39%
 626  2150830   70.94%    passed     98.93%
 627  4886958   74.17%    passed     97.18%
 628  3658166   68.68%    passed     97.78%
 629  2150844   70.94%    passed     97.11%
 630  3592642   71.80%    passed     99.30%
 631  45534     71.04%    passed     99.72%
 632  45536     71.04%    passed     96.68%
 633  61924     71.04%    passed     99.60%
 634  61925     71.04%    passed     97.27%
 635  45548     71.04%    passed     98.31%
 636  2535958   70.94%    passed     98.67%
 637  29213     71.04%    passed     98.54%
 638  29217     71.04%    passed     97.20%
 639  29227     70.94%    passed     95.66%
 640  29228     71.04%    passed     97.20%
 641  4231726   70.94%    passed     98.67%
 642  29235     71.04%    passed     99.10%
 643  29242     70.94%    passed     97.35%
 644  29245     71.04%    passed     99.10%
 645  29247     71.04%    passed     99.10%
 646  29250     71.04%    passed     99.10%
 647  29264     71.04%    passed     95.21%
 648  29266     71.15%    passed     99.14%
 649  2151003   71.15%    passed     99.14%
 650  29275     71.04%    passed     99.77%
 651  29280     71.04%    passed     99.77%
 652  29281     71.04%    passed     99.77%
 653  29282     71.04%    passed     99.10%
 654  2536044   73.52%    passed     98.95%
 655  897646    74.17%    passed     94.39%
 656  5737170   69.97%    passed     93.32%
 657  29303     70.94%    passed     98.88%
 658  2151034   70.94%    passed     97.11%
 659  2151035   70.94%    passed     97.11%
 660  29308     71.04%    passed     99.77%
 661  29307     71.04%    passed     99.10%
 662  29324     71.04%    passed     99.10%
 663  37517     71.04%    passed     99.72%
 664  37518     71.04%    passed     99.58%
 665  37520     71.04%    passed     98.31%
 666  37521     71.04%    passed     99.98%
 667  29330     71.04%    passed     99.10%
 668  29331     71.04%    passed     97.20%
 669  2847379   71.04%    passed     99.11%
 670  29332     71.04%    passed     99.10%
 671  37525     71.04%    passed     99.98%
 672  37526     72.12%    passed     94.42%
 673  37527     71.15%    passed     99.40%
 674  37528     70.72%    passed     98.42%
 675  37529     72.01%    passed     98.10%
 676  37530     70.72%    passed     97.76%
 677  37531     70.72%    passed     99.67%
 678  29341     71.04%    passed     99.77%
 679  37532     72.23%    passed     93.80%
 680  29343     71.04%    passed     97.93%
 681  29344     71.04%    passed     99.30%
 682  37533     71.04%    passed     98.31%
 683  29346     71.04%    passed     99.10%
 684  37534     71.04%    passed     97.11%
 685  37540     70.94%    passed     99.78%
 686  29358     71.04%    passed     99.10%
 687  29359     71.04%    passed     97.20%
 688  29360     71.04%    passed     97.20%
 689  37562     71.04%    passed     97.26%
 690  37563     71.04%    passed     99.77%
 691  37564     72.23%    passed     96.01%
 692  37567     71.04%    passed     99.16%
 693  37569     71.04%    passed     99.10%
 694  29380     71.04%    passed     99.10%
 695  29395     71.04%    passed     98.54%
 696  37591     71.04%    passed     99.72%
 697  37593     72.23%    passed     89.42%
 698  37595     71.04%    passed     97.11%
 699  37600     70.51%    passed     96.67%
 700  37601     71.04%    passed     99.10%
 701  37603     71.04%    passed     99.16%
 702  29416     71.04%    passed     97.20%
 703  37609     71.04%    passed     96.68%
 704  29418     71.04%    passed     97.20%
 705  37612     71.04%    passed     98.76%
 706  29423     71.04%    passed     97.20%
 707  29424     71.04%    passed     99.10%
 708  29425     71.04%    passed     98.54%
 709  3658484   70.51%    passed     99.92%
 710  29436     71.04%    passed     97.20%
 711  29437     71.04%    passed     97.20%
 712  1913600   70.61%    passed     99.53%
 713  29442     71.04%    passed     99.10%
 714  29443     71.04%    passed     99.10%
 715  2151171   70.94%    passed     92.16%
 716  2151173   70.72%    passed     97.33%
 717  2536198   71.15%    passed     99.05%
 718  29447     71.04%    passed     97.20%
 719  37640     71.04%    passed     97.26%
 720  45833     71.04%    passed     98.76%
 721  5624591   71.04%    passed     97.76%
 722  29472     71.04%    passed     98.54%
 723  29476     71.04%    passed     97.20%
 724  29479     71.04%    passed     99.10%
 725  29481     71.04%    passed     99.77%
 726  1913651   71.04%    passed     96.94%
 727  29495     71.04%    passed     99.10%
 728  29499     71.04%    passed     97.20%
 729  324431    71.04%    passed     96.93%
 730  4946      71.04%    passed     99.16%
 731  897886    71.04%    passed     97.46%
 732  2773881   71.04%    passed     99.30%
 733  4461442   70.51%    passed     93.36%
 734  4461449   71.04%    passed     96.93%
 735  37772     70.94%    passed     98.67%
 736  2151308   73.30%    passed     99.19%
 737  2151309   70.72%    passed     98.29%
 738  2151311   70.61%    passed     99.97%
 739  29621     71.04%    passed     99.10%
 740  29623     71.04%    passed     98.54%
 741  29625     71.04%    passed     99.77%
 742  324537    71.04%    passed     96.94%
 743  2773948   72.44%    passed     97.22%
 744  37823     71.04%    passed     99.16%
 745  29632     71.04%    passed     99.77%
 746  37826     71.04%    passed     98.66%
 747  29635     71.04%    passed     99.77%
 748  29636     71.04%    passed     98.54%
 749  2773958   72.44%    passed     96.57%
 750  2773963   71.04%    passed     97.39%
 751  29646     71.04%    passed     98.54%
 752  37844     71.47%    passed     99.47%
 753  29665     71.04%    passed     99.10%
 754  29667     71.04%    passed     96.93%
 755  4887523   71.04%    passed     99.30%
 756  29672     71.04%    passed     98.54%
 757  4887530   71.04%    passed     99.91%
 758  5067764   70.94%    passed     98.31%
 759  37898     72.12%    passed     91.93%
 760  29707     71.04%    passed     98.54%
 761  3593244   70.94%    passed     98.22%
 762  5043228   72.34%    passed     99.46%
 763  2774054   72.34%    passed     97.09%
 764  29739     71.04%    passed     97.20%
 765  5665844   71.47%    passed     94.87%
 766  29752     71.04%    passed     98.57%
 767  29755     71.04%    passed     99.10%
 768  1913931   70.72%    passed     99.02%
 769  2536524   73.52%    passed     98.95%
 770  308310    71.04%    passed     99.16%
 771  29788     71.04%    passed     99.10%
 772  29789     71.04%    passed     99.05%
 773  29800     71.04%    passed     98.54%
 774  29801     71.04%    passed     98.54%
 775  29802     71.04%    passed     99.77%
 776  29806     71.04%    passed     98.54%
 777  46220     71.47%    passed     99.47%
 778  46221     71.47%    passed     99.47%
 779  898194    74.17%    passed     98.48%
 780  29847     71.04%    passed     99.10%
 781  1160347   71.04%    passed     99.72%
 782  693411    74.17%    passed     97.62%
 783  693415    71.15%    passed     99.91%
 784  38056     72.23%    passed     93.55%
 785  1160369   71.04%    passed     99.72%
 786  46285     71.47%    passed     99.47%
 787  1897681   70.94%    passed     98.88%
 788  5737291   72.87%    passed     95.92%
 789  308435    71.04%    passed     97.11%
 790  693487    74.27%    passed     99.76%
 791  2544885   71.04%    passed     99.30%
 792  693494    74.17%    passed     98.50%
 793  693502    71.15%    passed     99.75%
 794  5035265   70.94%    passed     96.55%
 795  4232467   72.55%    passed     99.49%
 796  1914146   70.61%    passed     99.52%
 797  62760     71.04%    passed     99.10%
 798  308520    71.04%    passed     99.72%
 799  5059881   71.04%    passed     97.11%
 800  62764     70.94%    passed     99.89%
 801  62765     71.04%    passed     97.26%
 802  439598    70.94%    passed     93.37%
 803  439599    70.94%    passed     95.26%
 804  914732    75.67%    passed     99.41%
 805  62769     71.04%    passed     96.37%
 806  1914158   71.04%    passed     97.41%
 807  2774318   71.04%    passed     98.57%
 808  693563    71.15%    passed     99.69%
 809  693570    70.94%    passed     98.67%
 810  898372    71.04%    passed     96.94%
 811  54604     71.15%    passed     99.40%
 812  38226     71.04%    passed     99.16%
 813  30050     71.04%    passed     98.76%
 814  30054     71.04%    passed     99.10%
 815  30069     71.04%    passed     97.11%
 816  898421    71.04%    passed     99.30%
 817  1389962   70.40%    passed     95.09%
 818  1389972   70.72%    passed     99.67%
 819  1389973   71.04%    passed     96.94%
 820  1389974   70.94%    passed     99.82%
 821  1389975   71.04%    passed     98.66%
 822  1389976   71.80%    passed     98.65%
 823  1389977   72.23%    passed     98.84%
 824  21914     71.47%    passed     99.90%
 825  1389978   66.95%    passed     99.52%
 826  1389979   71.04%    passed     98.54%
 827  1389981   71.04%    passed     97.02%
 828  1389982   73.41%    passed     90.51%
 829  1389983   72.44%    passed     99.92%
 830  1389984   72.55%    passed     98.94%
 831  1389985   72.77%    passed     98.29%
 832  1389986   70.72%    passed     98.94%
 833  1389988   70.72%    passed     98.42%
 834  1389992   71.04%    passed     99.72%
 835  30123     71.04%    passed     98.54%
 836  1389996   71.69%    passed     99.80%
 837  30125     71.04%    passed     99.77%
 838  30126     71.04%    passed     99.77%
 839  1389997   72.98%    passed     98.69%
 840  1389998   71.37%    passed     99.75%
 841  1389999   70.61%    passed     99.97%
 842  30130     71.04%    passed     97.20%
 843  1390000   71.37%    passed     99.94%
 844  1390001   70.94%    passed     99.60%
 845  1390002   70.94%    passed     99.84%
 846  1390003   68.25%    passed     98.98%
 847  30135     71.04%    passed     98.54%
 848  1390004   70.61%    passed     99.87%
 849  1390005   70.61%    passed     99.87%
 850  1390006   71.04%    passed     99.22%
 851  1390008   70.61%    passed     99.97%
 852  1390010   71.15%    passed     99.98%
 853  1390012   71.58%    passed     99.68%
 854  1390013   68.25%    passed     97.82%
 855  1390014   71.58%    passed     99.91%
 856  1390015   71.47%    passed     90.24%
 857  1390020   71.04%    passed     99.75%
 858  1390023   70.94%    passed     98.88%
 859  1390032   71.91%    passed     97.97%
 860  1390033   70.40%    passed     99.19%
 861  1390034   70.51%    passed    100.00%
 862  1390035   68.68%    passed     98.78%
 863  1390038   72.98%    passed     97.15%
 864  1390042   71.47%    passed     98.87%
 865  3659231   70.51%    passed     99.92%
 866  1390049   70.94%    passed     96.45%
 867  1914338   71.04%    passed     99.72%
 868  1390051   75.57%    passed     99.53%
 869  1390052   72.77%    passed     94.89%
 870  1390055   72.44%    passed     97.37%
 871  1390058   71.04%    passed     98.66%
 872  1390061   69.97%    passed     97.57%
 873  898545    74.17%    passed     96.69%
 874  1390070   71.80%    passed     99.82%
 875  1390071   74.27%    passed     98.72%
 876  1390074   70.51%    passed     97.49%
 877  2774523   71.04%    passed     96.54%
 878  22017     71.47%    passed     99.81%
 879  1390085   70.61%    passed     98.00%
 880  1390092   71.04%    passed     95.66%
 881  1390097   68.68%    passed     98.78%
 882  1390103   71.04%    passed     98.76%
 883  1390104   71.04%    passed     93.25%
 884  4445731   71.04%    passed     96.31%
 885  2536996   76.21%    passed     99.75%
 886  30251     70.94%    passed     91.42%
 887  4445740   71.04%    passed     96.93%
 888  4445741   71.26%    passed     97.72%
 889  1390127   70.94%    passed     96.45%
 890  1390128   71.91%    passed     99.23%
 891  1390129   69.97%    passed     93.32%
 892  4445743   71.26%    passed     97.72%
 893  1390132   69.97%    passed     96.05%
 894  1390137   68.46%    passed     97.88%
 895  30266     71.04%    passed     99.91%
 896  1390138   70.94%    passed     99.82%
 897  4445755   71.04%    passed     98.84%
 898  71231     71.04%    passed     98.54%
 899  5183042   71.04%    passed     99.91%
 900  1390153   72.77%    passed     97.16%
 901  693834    71.04%    passed     96.94%
 902  1390154   74.38%    passed     98.48%
 903  1390158   72.12%    passed     99.39%
 904  1390164   72.34%    passed     99.83%
 905  2545238   72.44%    passed     96.06%
 906  693858    71.04%    passed     99.30%
 907  30309     70.94%    passed     98.67%
 908  30312     71.04%    passed     97.26%
 909  1390195   73.52%    passed     98.95%
 910  1390196   71.04%    passed     99.91%
 911  1390197   73.52%    passed     98.28%
 912  4863606   71.04%    passed     99.11%
 913  1390199   71.15%    passed     99.14%
 914  1390200   71.26%    passed     99.23%
 915  1390201   71.91%    passed     99.29%
 916  4863607   71.04%    passed     98.66%
 917  4863608   71.04%    passed     95.06%
 918  4445831   70.94%    passed     99.54%
 919  30344     71.04%    passed     97.26%
 920  30349     71.04%    passed     99.16%
 921  1390227   70.83%    passed     99.73%
 922  30356     71.04%    passed     99.10%
 923  1390228   72.66%    passed     98.34%
 924  30358     71.04%    passed     99.10%
 925  1390229   70.94%    passed     99.41%
 926  1390230   72.98%    passed     99.93%
 927  30365     71.04%    passed     98.54%
 928  4224669   71.91%    passed     99.56%
 929  4224671   70.51%    passed     94.65%
 930  4224672   73.63%    passed     93.86%
 931  4224673   72.01%    passed     97.09%
 932  30370     71.04%    passed     99.77%
 933  4224675   72.77%    passed     96.58%
 934  4224677   72.98%    passed     99.46%
 935  30378     71.04%    passed     99.77%
 936  4232884   71.04%    passed     99.75%
 937  1914549   70.94%    passed     99.41%
 938  4224700   71.04%    passed     99.72%
 939  4224701   73.20%    passed     97.72%
 940  30401     71.04%    passed     98.57%
 941  3593937   72.12%    passed     98.60%
 942  3593938   71.04%    passed     96.94%
 943  2774746   71.04%    passed     99.30%
 944  30427     70.94%    passed     98.67%
 945  3593948   71.47%    passed     98.63%
 946  1390301   71.58%    passed     99.80%
 947  4224732   72.01%    passed     98.01%
 948  898783    71.04%    passed     99.16%
 949  3659487   71.80%    passed     98.58%
 950  4224733   74.17%    passed     97.31%
 951  1390306   69.11%    passed     99.57%
 952  4232922   72.34%    passed     96.49%
 953  4224740   71.04%    passed     94.02%
 954  30442     71.15%    passed     99.17%
 955  2537199   71.15%    passed     99.05%
 956  1390325   70.94%    passed     99.82%
 957  30454     71.15%    passed     99.40%
 958  30456     71.04%    passed     96.93%
 959  1390331   71.47%    passed     99.38%
 960  694024    71.04%    passed     99.72%
 961  898845    71.47%    passed     96.89%
 962  1390374   70.94%    passed     99.92%
 963  1390381   70.61%    passed     99.89%
 964  1390384   71.15%    passed     99.54%
 965  1390385   71.69%    passed     99.55%
 966  1390391   71.37%    passed     99.18%
 967  1390393   70.83%    passed     99.97%
 968  1390394   70.94%    passed    100.00%
 969  1390396   71.47%    passed     98.44%
 970  1390397   73.09%    passed     99.14%
 971  1390399   71.47%    passed     99.72%
 972  1390400   71.04%    passed     99.81%
 973  1390401   70.94%    passed     99.92%
 974  1390403   71.47%    passed     99.81%
 975  1390404   73.41%    passed     98.41%
 976  1390408   71.69%    passed     99.33%
 977  5658442   72.34%    passed     98.14%
 978  1390417   68.25%    passed     98.74%
 979  30548     71.04%    passed     99.16%
 980  1390422   71.04%    passed     99.79%
 981  1390424   71.37%    passed     99.86%
 982  30556     71.04%    passed     99.10%
 983  22371     71.47%    passed     98.08%
 984  4863844   70.72%    passed     98.68%
 985  30572     71.04%    passed     98.54%
 986  1390448   71.04%    passed     96.68%
 987  30585     71.04%    passed     99.91%
 988  2774912   72.44%    passed     97.14%
 989  30613     71.04%    passed     98.57%
 990  43543     71.04%    passed     99.11%
 991  1390536   71.04%    passed     97.46%
 992  1390538   70.94%    passed     99.82%
 993  2774993   74.17%    passed     98.50%
 994  30675     71.04%    passed     99.05%
 995  4224985   71.58%    passed     99.78%
 996  4224987   72.55%    passed     99.04%
 997  2537437   71.15%    passed     97.60%
 998  4224994   72.55%    passed     97.90%
 999  1390564   71.15%    passed     99.14%
1000  2537445   71.15%    passed     99.89%
1001  4225009   70.72%    passed     97.67%
1002  2537480   71.15%    passed     99.91%
1003  432163    71.04%    passed     98.84%
1004  4225080   71.04%    passed     99.72%
1005  2537536   70.83%    passed     98.47%
1006  4225089   71.04%    passed     99.86%
1007  1390665   71.04%    passed     98.57%
1008  4225102   71.04%    passed     98.98%
1009  4225130   72.98%    passed     99.78%
1010  30829     71.04%    passed     98.54%
1011  1390707   71.80%    passed     98.60%
1012  1914997   72.01%    passed     99.26%
1013  5093495   71.04%    passed     97.32%
1014  30842     71.04%    passed     99.77%
1015  30853     71.04%    passed     99.10%
1016  694435    71.04%    passed     99.16%
1017  30901     71.04%    passed     98.54%
1018  2545856   71.04%    passed     96.94%
1019  2160834   71.04%    passed     99.10%
1020  694468    71.04%    passed     98.31%
1021  1915078   71.15%    passed     99.51%
1022  1915079   71.04%    passed     99.30%
1023  30920     71.04%    passed     99.91%
1024  2775239   70.72%    passed     99.48%
1025  1931466   71.04%    passed     99.61%
1026  4225226   71.04%    passed     99.05%
1027  1390800   71.15%    passed     99.40%
1028  694491    74.17%    passed     99.30%
1029  1390819   73.52%    passed     98.84%
1030  899301    71.04%    passed     99.65%
1031  694505    74.27%    passed     99.72%
1032  1390857   70.18%    passed     97.62%
1033  30990     71.04%    passed     99.05%
1034  2775326   71.04%    passed     95.79%
1035  31011     71.04%    passed     99.10%
1036  1390883   71.04%    passed     97.39%
1037  1390885   71.91%    passed     99.56%
1038  4462893   71.04%    passed     91.65%
1039  1390894   71.04%    passed     98.84%
1040  4462894   73.52%    passed     98.49%
1041  2775357   71.04%    passed     99.91%
1042  31040     71.04%    passed     98.54%
1043  3373382   73.52%    passed     99.69%
1044  694600    71.04%    passed     96.94%
1045  694608    71.04%    passed     96.94%
1046  3373400   73.52%    passed     98.28%
1047  3373402   71.04%    passed     99.65%
1048  3373403   73.52%    passed     98.82%
1049  3373413   72.44%    passed     97.47%
1050  1390951   70.72%    passed     99.51%
1051  1390954   71.04%    passed     99.16%
1052  3373423   72.44%    passed     98.42%
1053  432503    71.04%    passed     99.30%
1054  3373433   71.04%    passed     99.11%
1055  694650    71.04%    passed     99.16%
1056  3373435   71.04%    passed     97.50%
1057  3373436   71.04%    passed     98.95%
1058  4233596   71.04%    passed     96.68%
1059  3373438   71.04%    passed     99.11%
1060  4233599   71.04%    passed     96.93%
1061  5052797   70.94%    passed     96.55%
1062  3373442   71.04%    passed     97.28%
1063  3373446   71.04%    passed     98.68%
1064  694663    71.04%    passed     99.16%
1065  3373448   71.26%    passed     99.23%
1066  3373449   66.74%    passed     95.42%
1067  1390986   74.17%    passed     95.54%
1068  3373450   70.61%    passed     99.07%
1069  4233612   71.04%    passed     98.84%
1070  3373453   67.17%    passed     96.07%
1071  4233618   71.04%    passed     98.84%
1072  3373461   71.04%    passed     98.80%
1073  3373462   71.04%    passed     98.74%
1074  3373467   70.83%    passed     99.97%
1075  3373468   71.04%    passed     99.30%
1076  432542    71.04%    passed     98.31%
1077  3373470   71.04%    passed     99.98%
1078  4233643   71.04%    passed     96.93%
1079  63929     72.44%    passed     93.77%
1080  4233666   71.04%    passed     96.68%
1081  4233672   71.04%    passed     96.93%
1082  367051    73.52%    passed     98.82%
1083  4872663   74.17%    passed     98.04%
1084  4233693   71.04%    passed     96.68%
1085  3373535   71.04%    passed     97.11%
1086  4233705   71.04%    passed     99.10%
1087  3373546   71.04%    passed     98.93%
1088  3373558   73.52%    passed     96.88%
1089  3373594   71.04%    passed     99.77%
1090  5110315   71.04%    passed     99.30%
1091  3373613   71.15%    passed     99.89%
1092  694832    71.04%    passed     96.37%
1093  1915458   71.04%    passed     98.57%
1094  4463173   71.04%    passed     99.05%
1095  3373652   71.04%    passed     99.15%
1096  4225623   71.04%    passed     99.65%
1097  3373659   71.15%    passed     99.03%
1098  4233820   71.04%    passed     99.65%
1099  2169447   70.94%    passed     97.19%
1100  3373674   71.15%    passed     99.00%
1101  3373676   71.26%    passed     99.77%
1102  3373677   73.63%    passed     99.22%
1103  3373682   71.04%    passed     98.76%
1104  3373691   73.52%    passed     98.55%
1105  2775692   71.04%    passed     99.72%
1106  694969    71.04%    passed     97.11%
1107  4233916   71.37%    passed     99.62%
1108  694980    71.04%    passed     99.16%
1109  326345    71.04%    passed     98.31%
1110  5036745   70.94%    passed     98.93%
1111  23262     71.04%    passed     98.54%
1112  695008    74.17%    passed     99.81%
1113  4233967   70.94%    passed     99.82%
1114  4225776   72.34%    passed     98.85%
1115  3373819   72.44%    passed     94.79%
1116  432896    71.04%    passed     98.76%
1117  4225832   73.20%    passed     95.90%
1118  47928     71.04%    passed     97.26%
1119  3373888   71.15%    passed     99.57%
1120  3373896   71.04%    passed     98.80%
1121  3373897   71.15%    passed     98.51%
1122  47974     71.04%    passed     99.05%
1123  3373943   71.91%    passed     98.07%
1124  695176    71.15%    passed     99.75%
1125  3373964   71.04%    passed     99.16%
1126  4234155   71.15%    passed     99.03%
1127  695214    70.94%    passed     98.67%
1128  3374031   70.61%    passed     95.58%
1129  2546670   70.94%    passed     98.67%
1130  89110     71.04%    passed     98.54%
1131  89115     71.04%    passed     99.91%
1132  89116     71.04%    passed     98.54%
1133  89127     71.04%    passed     98.54%
1134  4463659   71.04%    passed     95.15%
1135  89133     71.04%    passed     99.91%
1136  89134     71.04%    passed     99.05%
1137  89135     71.04%    passed     99.77%
1138  89146     71.04%    passed     96.93%
1139  89149     71.04%    passed     99.75%
1140  89154     71.04%    passed     99.05%
1141  89162     71.04%    passed     99.77%
1142  89164     71.04%    passed     96.93%
1143  89166     71.04%    passed     98.54%
1144  89179     71.04%    passed     98.54%
1145  89180     71.04%    passed     98.54%
1146  3374188   73.52%    passed     99.59%
1147  89202     71.04%    passed     98.54%
1148  51923     70.94%    passed     96.29%
1149  5069943   71.04%    passed     98.54%
1150  89220     71.04%    passed     99.91%
1151  3374220   71.04%    passed     99.10%
1152  89232     71.04%    passed     99.75%
1153  89233     71.04%    passed     99.77%
1154  89235     71.04%    passed     98.57%
1155  89237     71.04%    passed     97.26%
1156  89242     71.04%    passed     99.05%
1157  89243     71.15%    passed     99.14%
1158  89254     71.04%    passed     98.84%
1159  3374247   71.04%    passed     99.86%
1160  72876     71.04%    passed     98.54%
1161  89263     71.04%    passed     98.54%
1162  89264     71.04%    passed     99.05%
1163  1465528   71.15%    passed     96.99%
1164  64698     73.52%    passed     97.82%
1165  89277     71.04%    passed     99.77%
1166  64703     68.14%    passed     95.72%
1167  89280     71.04%    passed     99.05%
1168  5061823   72.44%    passed     97.72%
1169  89285     71.04%    passed     99.05%
1170  892106    71.04%    passed     99.16%
1171  89321     71.04%    passed     98.57%
1172  695533    71.04%    passed     99.30%
1173  68229     71.04%    passed     97.11%
1174  4226297   71.04%    passed     99.16%
1175  89338     71.04%    passed     99.05%
1176  89339     71.04%    passed     99.05%
1177  4873466   70.83%    passed     99.57%
1178  89341     71.04%    passed     98.84%
1179  89344     71.04%    passed     99.05%
1180  4234498   71.47%    passed     99.54%
1181  89363     71.04%    passed     99.05%
1182  89365     71.04%    passed     98.57%
1183  892184    77.29%    passed     90.17%
1184  892186    71.26%    passed     99.55%
1185  89379     71.04%    passed     98.84%
1186  367933    71.04%    passed     99.30%
1187  89417     71.04%    passed     98.57%
1188  2776394   73.52%    passed     99.69%
1189  64844     73.52%    passed     98.81%
1190  89421     71.04%    passed     98.57%
1191  89422     71.04%    passed     99.75%
1192  89433     71.04%    passed     98.84%
1193  695649    71.04%    passed     96.94%
1194  3374433   70.94%    passed     99.82%
1195  89445     71.04%    passed     98.84%
1196  89455     71.04%    passed     99.05%
1197  89456     71.04%    passed     98.57%
1198  64886     71.15%    passed     95.97%
1199  3374467   72.23%    passed     99.99%
1200  2153867   71.04%    passed     98.66%
1201  3374481   70.83%    passed     98.74%
1202  3374508   71.04%    passed     98.57%
1203  3374509   71.26%    passed     99.49%
1204  368060    71.04%    passed     99.72%
1205  2776509   73.52%    passed     99.59%
1206  73152     71.04%    passed     97.26%
1207  2776515   73.52%    passed     98.95%
1208  3374532   71.26%    passed     98.13%
1209  89542     71.04%    passed     99.75%
1210  884172    71.04%    passed     98.57%
1211  2153946   71.04%    passed     98.95%
1212  4890079   74.17%    passed     98.04%
1213  89570     71.04%    passed     96.94%
1214  2153955   73.52%    passed     95.20%
1215  3374566   71.04%    passed     97.28%
1216  89601     71.04%    passed     97.26%
1217  89610     71.04%    passed     98.76%
1218  89617     71.04%    passed     99.05%
1219  89620     71.15%    passed     99.17%
1220  2768412   71.47%    passed     99.60%
1221  89634     71.04%    passed     97.26%
1222  3374635   71.04%    passed     98.37%
1223  89644     70.94%    passed     98.93%
1224  89652     71.04%    passed     97.26%
1225  89691     71.04%    passed     98.84%
1226  89696     71.04%    passed     99.75%
1227  89700     71.04%    passed     99.05%
1228  2776702   72.44%    passed     96.57%
1229  2776704   72.44%    passed     93.22%
1230  89737     71.04%    passed     98.57%
1231  3374731   70.94%    passed     98.81%
1232  4882075   70.94%    passed     98.81%
1233  2539165   73.74%    passed     99.34%
1234  4873909   71.15%    passed     99.57%
1235  908987    71.37%    passed     99.60%
1236  89801     71.04%    passed     99.75%
1237  89805     71.04%    passed     98.57%
1238  89810     71.04%    passed     99.75%
1239  2776786   70.94%    passed     97.58%
1240  89812     71.04%    passed     98.57%
1241  89819     71.04%    passed     99.75%
1242  89846     71.04%    passed     98.84%
1243  89854     71.04%    passed     99.05%
1244  900865    71.15%    passed     99.14%
1245  3374887   72.44%    passed     99.81%
1246  3374888   71.04%    passed     99.54%
1247  3374889   71.26%    passed     99.99%
1248  3374900   71.37%    passed     99.86%
1249  3374902   71.15%    passed     99.40%
1250  89926     71.04%    passed     98.84%
1251  2776902   72.44%    passed     97.22%
1252  4874057   70.83%    passed     99.76%
1253  3374950   71.37%    passed     99.53%
1254  5169018   72.44%    passed     96.06%
1255  89984     70.94%    passed     98.67%
1256  5676945   71.04%    passed     97.63%
1257  90013     71.04%    passed     97.26%
1258  90019     71.04%    passed     99.75%
1259  90020     71.04%    passed     98.57%
1260  3375017   71.15%    passed     99.97%
1261  90032     71.26%    passed     99.49%
1262  90035     71.04%    passed     98.76%
1263  90059     71.04%    passed     98.31%
1264  2154464   70.94%    passed     98.93%
1265  90087     71.15%    passed     99.14%
1266  90094     71.04%    passed     98.76%
WARNING: 1266 sequences contain more than 50% gaps/ambiguity
****  TOTAL     71.54%  0 sequences failed composition chi2 test (p-value<5%; df=3)
Checking for duplicate sequences: done in 0.00744605 secs using 3108% CPU


Create initial parsimony tree by phylogenetic likelihood library (PLL)... 0.349 seconds
Measuring multi-threading efficiency up to 2 CPU cores
7 trees examined
Threads: 1 / Time: 2.010 sec / Speedup: 1.000 / Efficiency: 100% / LogL: -17007
Threads: 2 / Time: 1.529 sec / Speedup: 1.315 / Efficiency: 66% / LogL: -17007
Determining AUTO threadcount: done in 3.55093 secs using 316% CPU
BEST NUMBER OF THREADS: 2

Perform fast likelihood tree search using GTR+I+G model...
Estimate model parameters (epsilon = 5.000)
Perform nearest neighbor interchange...
Optimizing NNI: done in 5.419 secs using 199.2% CPU
Estimate model parameters (epsilon = 1.000)
1. Initial log-likelihood: -7954.255
2. Current log-likelihood: -7951.858
3. Current log-likelihood: -7950.259
4. Current log-likelihood: -7949.128
Optimal log-likelihood: -7948.298
Rate parameters:  A-C: 1.23939  A-G: 2.47205  A-T: 1.00121  C-G: 0.65875  C-T: 2.71906  G-T: 1.00000
Base frequencies:  A: 0.171  C: 0.267  G: 0.259  T: 0.304
Proportion of invariable sites: 0.062
Gamma shape alpha: 2.365
Parameters optimization took 4 rounds (1.880 sec)
Time for fast ML tree search: 11.189 seconds

NOTE: ModelFinder requires 247 MB RAM!
ModelFinder will test up to 484 DNA models (sample size: 929) ...
 No. Model         -LnL         df  AIC          AICc         BIC
  1  GTR+F         8019.877     2537 21113.754    12898925.754 33377.888
  2  GTR+F+I       8002.893     2538 21081.787    12909045.787 33350.755
  3  GTR+F+G4      7944.516     2538 20965.033    12908929.033 33234.001
  4  GTR+F+I+G4    7945.484     2539 20968.969    12919088.969 33242.771
  5  GTR+F+R2      7936.647     2539 20951.294    12919071.294 33225.096
  6  GTR+F+R3      7928.151     2541 20938.301    12939382.301 33221.771
  7  GTR+F+R4      7926.872     2543 20939.744    12959723.744 33232.883
 14  GTR+F+I+R2    7932.665     2540 20945.330    12929225.330 33223.967
 15  GTR+F+I+R3    7927.897     2542 20939.795    12949551.795 33228.099
 27  SYM+R2        7955.490     2536 20982.981    12888646.981 33242.281
 28  SYM+R3        7946.136     2538 20968.272    12908932.272 33237.240
 36  SYM+I+R2      7951.686     2537 20977.373    12898789.373 33241.506
 37  SYM+I+R3      7945.881     2539 20969.761    12919089.761 33243.564
 49  TVM+F+R2      7936.576     2538 20949.152    12908913.152 33218.120
 50  TVM+F+R3      7928.106     2540 20936.212    12929216.212 33214.848
 58  TVM+F+I+R2    7932.690     2539 20943.380    12919063.380 33217.183
 59  TVM+F+I+R3    7927.875     2541 20937.749    12939381.749 33221.219
 71  TVMe+R2       7962.537     2535 20995.074    12878515.074 33249.539
 72  TVMe+R3       7953.940     2537 20981.879    12898793.879 33246.013
 80  TVMe+I+R2     7959.329     2536 20990.659    12888654.659 33249.958
 81  TVMe+I+R3     7953.702     2538 20983.405    12908947.405 33252.373
 93  TIM3+F+R2     7943.269     2537 20960.538    12898772.538 33224.672
 94  TIM3+F+R3     7934.697     2539 20947.394    12919067.394 33221.196
102  TIM3+F+I+R2   7939.463     2538 20954.926    12908918.926 33223.894
103  TIM3+F+I+R3   7934.582     2540 20949.163    12929229.163 33227.799
115  TIM3e+R2      7960.098     2534 20988.196    12868368.196 33237.828
116  TIM3e+R3      7950.805     2536 20973.609    12888637.609 33232.909
124  TIM3e+I+R2    7956.221     2535 20982.441    12878502.441 33236.907
125  TIM3e+I+R3    7950.569     2537 20975.137    12898787.137 33239.271
137  TIM2+F+R2     7942.117     2537 20958.235    12898770.235 33222.368
138  TIM2+F+R3     7933.352     2539 20944.705    12919064.705 33218.507
146  TIM2+F+I+R2   7938.137     2538 20952.273    12908916.273 33221.241
147  TIM2+F+I+R3   7933.205     2540 20946.411    12929226.411 33225.047
159  TIM2e+R2      7962.568     2534 20993.135    12868373.135 33242.767
160  TIM2e+R3      7952.920     2536 20977.840    12888641.840 33237.139
168  TIM2e+I+R2    7958.486     2535 20986.972    12878506.972 33241.438
169  TIM2e+I+R3    7952.843     2537 20979.686    12898791.686 33243.819
181  TIM+F+R2      7939.762     2537 20953.524    12898765.524 33217.658
182  TIM+F+R3      7930.990     2539 20939.981    12919059.981 33213.783
190  TIM+F+I+R2    7935.814     2538 20947.628    12908911.628 33216.596
191  TIM+F+I+R3    7930.956     2540 20941.912    12929221.912 33220.548
203  TIMe+R2       7957.656     2534 20983.313    12868363.313 33232.944
204  TIMe+R3       7948.086     2536 20968.173    12888632.173 33227.472
212  TIMe+I+R2     7953.511     2535 20977.021    12878497.021 33231.487
213  TIMe+I+R3     7948.020     2537 20970.041    12898782.041 33234.175
225  TPM3u+F+R2    7943.271     2536 20958.541    12888622.541 33217.841
226  TPM3u+F+R3    7934.642     2538 20945.285    12908909.285 33214.252
234  TPM3u+F+I+R2  7939.473     2537 20952.945    12898764.945 33217.079
235  TPM3u+F+I+R3  7934.572     2539 20947.144    12919067.144 33220.946
247  TPM3+R2       7967.190     2533 21000.380    12858244.380 33245.177
248  TPM3+R3       7958.766     2535 20987.533    12878507.533 33241.998
256  TPM3+I+R2     7964.002     2534 20996.005    12868376.005 33245.636
257  TPM3+I+R3     7958.639     2536 20989.278    12888653.278 33248.578
269  TPM2u+F+R2    7942.119     2536 20956.238    12888620.238 33215.538
270  TPM2u+F+R3    7933.297     2538 20942.594    12908906.594 33211.562
278  TPM2u+F+I+R2  7938.189     2537 20950.379    12898762.379 33214.513
279  TPM2u+F+I+R3  7933.188     2539 20944.376    12919064.376 33218.178
291  TPM2+R2       7969.877     2533 21005.753    12858249.753 33250.551
292  TPM2+R3       7960.713     2535 20991.426    12878511.426 33245.892
300  TPM2+I+R2     7966.501     2534 21001.002    12868381.002 33250.633
301  TPM2+I+R3     7960.722     2536 20993.445    12888657.445 33252.744
313  K3Pu+F+R2     7939.728     2536 20951.455    12888615.455 33210.755
314  K3Pu+F+R3     7930.917     2538 20937.834    12908901.834 33206.802
322  K3Pu+F+I+R2   7935.888     2537 20945.776    12898757.776 33209.910
323  K3Pu+F+I+R3   7930.943     2539 20939.887    12919059.887 33213.689
335  K3P+R2        7965.068     2533 20996.136    12858240.136 33240.934
336  K3P+R3        7956.102     2535 20982.204    12878502.204 33236.670
344  K3P+I+R2      7961.703     2534 20991.406    12868371.406 33241.037
345  K3P+I+R3      7956.128     2536 20984.257    12888648.257 33243.557
357  TN+F+R2       7944.355     2536 20960.710    12888624.710 33220.010
358  TN+F+R3       7935.436     2538 20946.873    12908910.873 33215.841
366  TN+F+I+R2     7940.411     2537 20954.823    12898766.823 33218.957
367  TN+F+I+R3     7935.509     2539 20949.019    12919069.019 33222.821
379  TNe+R2        7962.865     2533 20991.730    12858235.730 33236.527
380  TNe+R3        7953.264     2535 20976.529    12878496.529 33230.994
388  TNe+I+R2      7958.732     2534 20985.464    12868365.464 33235.096
389  TNe+I+R3      7953.248     2536 20978.495    12888642.495 33237.795
401  HKY+F+R2      7944.355     2535 20958.711    12878478.711 33213.176
402  HKY+F+R3      7935.436     2537 20944.872    12898756.872 33209.006
410  HKY+F+I+R2    7940.436     2536 20952.871    12888616.871 33212.171
411  HKY+F+I+R3    7935.501     2538 20947.002    12908911.002 33215.970
423  K2P+R2        7970.301     2532 21004.603    12848116.603 33244.566
424  K2P+R3        7961.334     2534 20990.667    12868370.667 33240.299
432  K2P+I+R2      7966.931     2533 20999.863    12858243.863 33244.660
433  K2P+I+R3      7961.361     2535 20992.721    12878512.721 33247.187
445  F81+F+R2      8058.543     2534 21185.086    12868565.086 33434.718
446  F81+F+R3      8049.476     2536 21170.953    12888834.953 33430.252
454  F81+F+I+R2    8055.325     2535 21180.651    12878700.651 33435.116
455  F81+F+I+R3    8049.234     2537 21172.468    12898984.468 33436.602
467  JC+R2         8093.387     2531 21248.775    12838232.775 33483.904
468  JC+R3         8084.427     2533 21234.854    12858478.854 33479.651
476  JC+I+R2       8090.023     2532 21244.046    12848356.046 33484.010
477  JC+I+R3       8084.452     2534 21236.905    12868616.905 33486.536
Akaike Information Criterion:           TVM+F+R3
Corrected Akaike Information Criterion: JC+R2
Bayesian Information Criterion:         K3Pu+F+R3
Best-fit model: K3Pu+F+R3 chosen according to BIC

All model information printed to /app/outputs/analyses/606/20250712T034645/between_sample_distances/B/clade_B_seqs.aligned.fasta.model.gz
CPU time for ModelFinder: 1251.302 seconds (0h:20m:51s)
Wall-clock time for ModelFinder: 624.431 seconds (0h:10m:24s)

NOTE: 74 MB RAM (0 GB) is required!
Estimate model parameters (epsilon = 0.100)
1. Initial log-likelihood: -7930.917
Optimal log-likelihood: -7930.889
Rate parameters:  A-C: 1.00000  A-G: 2.37435  A-T: 0.72519  C-G: 0.72519  C-T: 2.37435  G-T: 1.00000
Base frequencies:  A: 0.171  C: 0.267  G: 0.259  T: 0.304
Site proportion and rates:  (0.441,0.434) (0.487,1.108) (0.072,3.747)
Parameters optimization took 1 rounds (0.813 sec)
Wrote distance file to... 
Computing ML distances based on estimated model parameters...
Calculating distance matrix: done in 2.06584 secs using 199.9% CPU
Computing ML distances took 2.068557 sec (of wall-clock time) 4.134995 sec (of CPU time)
Setting up auxiliary I and S matrices: done in 0.022892 secs using 266.3% CPU
Constructing RapidNJ tree: done in 0.117225 secs using 296.1% CPU
Computing RapidNJ tree took 0.140190 sec (of wall-clock time) 0.408532 sec (of CPU time)
Log-likelihood of RapidNJ tree: -7944.694
--------------------------------------------------------------------
|             INITIALIZING CANDIDATE TREE SET                      |
--------------------------------------------------------------------
Generating 98 parsimony trees... 27.299 second
Computing log-likelihood of 98 initial trees ... 16.192 seconds
Current best score: -7930.889

Do NNI search on 20 best initial trees
Optimizing NNI: done in 3.40487 secs using 199.4% CPU
Estimate model parameters (epsilon = 0.100)
BETTER TREE FOUND at iteration 1: -7924.058
Optimizing NNI: done in 3.64316 secs using 199.5% CPU
Estimate model parameters (epsilon = 0.100)
BETTER TREE FOUND at iteration 2: -7862.495
Optimizing NNI: done in 9.32057 secs using 199.1% CPU
Optimizing NNI: done in 6.07317 secs using 199.3% CPU
Optimizing NNI: done in 15.2501 secs using 198.9% CPU
Optimizing NNI: done in 5.77871 secs using 199.2% CPU
Optimizing NNI: done in 5.20861 secs using 199.3% CPU
Optimizing NNI: done in 3.35594 secs using 199% CPU
Optimizing NNI: done in 6.62205 secs using 198% CPU
Optimizing NNI: done in 3.0503 secs using 198.8% CPU
Iteration 10 / LogL: -7913.570 / Time: 0h:2m:3s
Optimizing NNI: done in 5.46334 secs using 199% CPU
Optimizing NNI: done in 3.90616 secs using 199% CPU
Optimizing NNI: done in 5.44478 secs using 199.2% CPU
Optimizing NNI: done in 11.7815 secs using 199% CPU
Optimizing NNI: done in 7.1969 secs using 199.5% CPU
Optimizing NNI: done in 5.77629 secs using 199% CPU
Optimizing NNI: done in 5.11499 secs using 199% CPU
Optimizing NNI: done in 6.79259 secs using 197.4% CPU
Optimizing NNI: done in 5.07132 secs using 199.1% CPU
Optimizing NNI: done in 4.50304 secs using 199.2% CPU
Iteration 20 / LogL: -7920.459 / Time: 0h:3m:4s
Finish initializing candidate tree set (20)
Current best tree score: -7862.495 / CPU time: 178.054
Number of iterations: 20
--------------------------------------------------------------------
|               OPTIMIZING CANDIDATE TREE SET                      |
--------------------------------------------------------------------
Optimizing NNI: done in 8.10084 secs using 199% CPU
Optimizing NNI: done in 12.1305 secs using 199.2% CPU
Optimizing NNI: done in 6.78814 secs using 199.4% CPU
Optimizing NNI: done in 15.2144 secs using 199.2% CPU
Optimizing NNI: done in 7.6442 secs using 196.9% CPU
Optimizing NNI: done in 6.79315 secs using 199.1% CPU
Optimizing NNI: done in 5.65636 secs using 199.2% CPU
Optimizing NNI: done in 17.3078 secs using 199.2% CPU
Estimate model parameters (epsilon = 0.100)
BETTER TREE FOUND at iteration 28: -7855.697
Optimizing NNI: done in 6.65718 secs using 198.9% CPU
Optimizing NNI: done in 6.67969 secs using 199% CPU
Iteration 30 / LogL: -7886.973 / Time: 0h:4m:41s (0h:15m:50s left)
Optimizing NNI: done in 5.08149 secs using 199.1% CPU
Optimizing NNI: done in 4.56102 secs using 199.1% CPU
Optimizing NNI: done in 7.57696 secs using 197.1% CPU
Optimizing NNI: done in 5.01939 secs using 198.8% CPU
Optimizing NNI: done in 10.8257 secs using 199.1% CPU
Optimizing NNI: done in 9.86779 secs using 199.2% CPU
Estimate model parameters (epsilon = 0.100)
BETTER TREE FOUND at iteration 36: -7851.261
Optimizing NNI: done in 8.27841 secs using 198.8% CPU
Optimizing NNI: done in 11.9954 secs using 199.2% CPU
Optimizing NNI: done in 6.86769 secs using 197.5% CPU
Optimizing NNI: done in 6.2236 secs using 199.1% CPU
Iteration 40 / LogL: -7917.991 / Time: 0h:6m:1s (0h:14m:48s left)
Optimizing NNI: done in 8.74537 secs using 198.8% CPU
Optimizing NNI: done in 4.44003 secs using 198.9% CPU
Optimizing NNI: done in 5.63163 secs using 198.9% CPU
Optimizing NNI: done in 6.47286 secs using 199.1% CPU
Optimizing NNI: done in 7.68265 secs using 198.9% CPU
Estimate model parameters (epsilon = 0.100)
BETTER TREE FOUND at iteration 45: -7846.440
Optimizing NNI: done in 4.49437 secs using 199% CPU
Optimizing NNI: done in 11.5229 secs using 199.4% CPU
Optimizing NNI: done in 7.67791 secs using 197.1% CPU
Optimizing NNI: done in 13.5896 secs using 199.1% CPU
Optimizing NNI: done in 4.08137 secs using 198.9% CPU
Iteration 50 / LogL: -7892.478 / Time: 0h:7m:18s (0h:14m:9s left)
Optimizing NNI: done in 4.68816 secs using 199.3% CPU
Optimizing NNI: done in 5.29743 secs using 199% CPU
Optimizing NNI: done in 4.77272 secs using 199.1% CPU
Optimizing NNI: done in 5.52964 secs using 199% CPU
Optimizing NNI: done in 6.04407 secs using 199% CPU
Optimizing NNI: done in 11.5875 secs using 198.3% CPU
Optimizing NNI: done in 9.27508 secs using 199.2% CPU
Optimizing NNI: done in 2.82264 secs using 198.8% CPU
Optimizing NNI: done in 6.69614 secs using 199% CPU
Optimizing NNI: done in 7.86997 secs using 199.5% CPU
Iteration 60 / LogL: -7885.057 / Time: 0h:8m:24s (0h:12m:7s left)
Optimizing NNI: done in 5.93043 secs using 199% CPU
Optimizing NNI: done in 11.6119 secs using 199.2% CPU
Optimizing NNI: done in 5.00081 secs using 199.2% CPU
Optimizing NNI: done in 5.23024 secs using 198.8% CPU
Optimizing NNI: done in 4.41875 secs using 198.6% CPU
Optimizing NNI: done in 3.69979 secs using 198.9% CPU
Optimizing NNI: done in 4.05519 secs using 198.8% CPU
Optimizing NNI: done in 5.01212 secs using 199.4% CPU
Optimizing NNI: done in 4.95636 secs using 199% CPU
Optimizing NNI: done in 9.1971 secs using 198.8% CPU
Iteration 70 / LogL: -7883.556 / Time: 0h:9m:25s (0h:10m:15s left)
Optimizing NNI: done in 7.55167 secs using 199.2% CPU
Optimizing NNI: done in 8.58515 secs using 199% CPU
Optimizing NNI: done in 4.59862 secs using 199% CPU
Optimizing NNI: done in 5.33096 secs using 199.1% CPU
Optimizing NNI: done in 8.36468 secs using 198.2% CPU
Optimizing NNI: done in 2.80126 secs using 198.9% CPU
Optimizing NNI: done in 2.86754 secs using 199% CPU
Optimizing NNI: done in 5.76493 secs using 198.6% CPU
Optimizing NNI: done in 8.20647 secs using 199.1% CPU
Optimizing NNI: done in 3.33727 secs using 198.7% CPU
Iteration 80 / LogL: -7926.942 / Time: 0h:10m:25s (0h:8m:34s left)
Optimizing NNI: done in 8.29663 secs using 199.1% CPU
Optimizing NNI: done in 3.98986 secs using 199.3% CPU
Optimizing NNI: done in 3.6531 secs using 199.2% CPU
Optimizing NNI: done in 7.2078 secs using 199.1% CPU
Optimizing NNI: done in 4.14035 secs using 199% CPU
Optimizing NNI: done in 5.18493 secs using 194.3% CPU
Optimizing NNI: done in 5.65557 secs using 199.3% CPU
Optimizing NNI: done in 3.99815 secs using 199% CPU
Optimizing NNI: done in 6.33148 secs using 199% CPU
Optimizing NNI: done in 7.05811 secs using 199.2% CPU
Iteration 90 / LogL: -7927.286 / Time: 0h:11m:22s (0h:7m:2s left)
Optimizing NNI: done in 7.19444 secs using 199.3% CPU
Optimizing NNI: done in 3.22583 secs using 198.7% CPU
Optimizing NNI: done in 5.17917 secs using 198.8% CPU
Optimizing NNI: done in 6.19672 secs using 199% CPU
Optimizing NNI: done in 6.88681 secs using 199.2% CPU
Optimizing NNI: done in 2.61281 secs using 197.3% CPU
Optimizing NNI: done in 6.35851 secs using 199.2% CPU
Optimizing NNI: done in 9.03672 secs using 199.2% CPU
Optimizing NNI: done in 7.98375 secs using 199% CPU
Optimizing NNI: done in 5.74124 secs using 199.1% CPU
Iteration 100 / LogL: -7868.693 / Time: 0h:12m:25s (0h:5m:38s left)
Optimizing NNI: done in 6.18558 secs using 199% CPU
Optimizing NNI: done in 4.36696 secs using 198.8% CPU
Optimizing NNI: done in 7.87903 secs using 198.9% CPU
Optimizing NNI: done in 5.88337 secs using 199.1% CPU
Optimizing NNI: done in 3.20441 secs using 199.4% CPU
Optimizing NNI: done in 5.49443 secs using 196.5% CPU
Optimizing NNI: done in 4.37844 secs using 199.1% CPU
Optimizing NNI: done in 5.12789 secs using 198.9% CPU
Optimizing NNI: done in 6.07987 secs using 198.7% CPU
Optimizing NNI: done in 5.5294 secs using 199.2% CPU
Iteration 110 / LogL: -7875.702 / Time: 0h:13m:21s (0h:4m:17s left)
Optimizing NNI: done in 6.64661 secs using 199.2% CPU
Optimizing NNI: done in 6.29407 secs using 199.3% CPU
Optimizing NNI: done in 5.86253 secs using 199.2% CPU
Optimizing NNI: done in 12.6276 secs using 199.2% CPU
Optimizing NNI: done in 6.88028 secs using 198.7% CPU
Optimizing NNI: done in 9.60742 secs using 199.1% CPU
Optimizing NNI: done in 4.30835 secs using 199.1% CPU
Optimizing NNI: done in 4.03019 secs using 198.8% CPU
Optimizing NNI: done in 5.67465 secs using 199.1% CPU
Optimizing NNI: done in 7.15005 secs using 199.3% CPU
Iteration 120 / LogL: -7857.353 / Time: 0h:14m:32s (0h:3m:3s left)
Optimizing NNI: done in 4.98205 secs using 198.8% CPU
Optimizing NNI: done in 4.54133 secs using 199% CPU
Optimizing NNI: done in 5.10324 secs using 198.9% CPU
Optimizing NNI: done in 5.43689 secs using 199% CPU
Optimizing NNI: done in 6.89898 secs using 197% CPU
Optimizing NNI: done in 6.58997 secs using 199.1% CPU
Optimizing NNI: done in 5.17866 secs using 199.1% CPU
Optimizing NNI: done in 6.9523 secs using 199.1% CPU
Optimizing NNI: done in 5.9856 secs using 199% CPU
Optimizing NNI: done in 5.69907 secs using 198.9% CPU
Iteration 130 / LogL: -7906.043 / Time: 0h:15m:31s (0h:1m:48s left)
Optimizing NNI: done in 8.44063 secs using 199.2% CPU
Optimizing NNI: done in 7.70666 secs using 199.1% CPU
Optimizing NNI: done in 5.07755 secs using 199.2% CPU
Optimizing NNI: done in 7.78373 secs using 197% CPU
Optimizing NNI: done in 6.34547 secs using 199.4% CPU
Optimizing NNI: done in 4.59087 secs using 199.3% CPU
Optimizing NNI: done in 5.16223 secs using 199.1% CPU
Optimizing NNI: done in 5.92439 secs using 199.2% CPU
Optimizing NNI: done in 4.80133 secs using 199.2% CPU
Optimizing NNI: done in 6.34785 secs using 199.2% CPU
Iteration 140 / LogL: -7891.547 / Time: 0h:16m:36s (0h:0m:35s left)
Optimizing NNI: done in 4.53257 secs using 198.8% CPU
Optimizing NNI: done in 8.27278 secs using 199.1% CPU
Optimizing NNI: done in 7.52154 secs using 198.6% CPU
Optimizing NNI: done in 3.89957 secs using 199.1% CPU
Optimizing NNI: done in 6.47514 secs using 199.1% CPU
Optimizing NNI: done in 5.87744 secs using 199% CPU
TREE SEARCH COMPLETED AFTER 146 ITERATIONS / Time: 0h:17m:13s

--------------------------------------------------------------------
|                    FINALIZING TREE SEARCH                        |
--------------------------------------------------------------------
Performs final model parameters optimization
Estimate model parameters (epsilon = 0.010)
1. Initial log-likelihood: -7846.440
2. Current log-likelihood: -7846.392
3. Current log-likelihood: -7846.349
4. Current log-likelihood: -7846.313
5. Current log-likelihood: -7846.283
6. Current log-likelihood: -7846.258
7. Current log-likelihood: -7846.238
8. Current log-likelihood: -7846.221
9. Current log-likelihood: -7846.207
10. Current log-likelihood: -7846.195
Optimal log-likelihood: -7846.183
Rate parameters:  A-C: 1.00000  A-G: 2.41917  A-T: 0.69825  C-G: 0.69825  C-T: 2.41917  G-T: 1.00000
Base frequencies:  A: 0.171  C: 0.267  G: 0.259  T: 0.304
Site proportion and rates:  (0.672,0.531) (0.287,1.557) (0.041,4.834)
Parameters optimization took 10 rounds (6.894 sec)
BEST SCORE FOUND : -7846.183
Total tree length: 3.838

Total number of iterations: 146
CPU time used for tree search: 2014.447 sec (0h:33m:34s)
Wall-clock time used for tree search: 1026.934 sec (0h:17m:6s)
Total CPU time used: 2041.770 sec (0h:34m:1s)
Total wall-clock time used: 1040.805 sec (0h:17m:20s)

Analysis results written to: 
  IQ-TREE report:                /app/outputs/analyses/606/20250712T034645/between_sample_distances/B/clade_B_seqs.aligned.fasta.iqtree
  Maximum-likelihood tree:       /app/outputs/analyses/606/20250712T034645/between_sample_distances/B/clade_B_seqs.aligned.fasta.treefile
  Likelihood distances:          /app/outputs/analyses/606/20250712T034645/between_sample_distances/B/clade_B_seqs.aligned.fasta.mldist
  Screen log file:               /app/outputs/analyses/606/20250712T034645/between_sample_distances/B/clade_B_seqs.aligned.fasta.log

Date and Time: Fri Jul 11 23:25:28 2025
