IQ-TREE multicore version 2.2.2.3 COVID-edition for Linux 64-bit built Apr  7 2023
Developed by Bui Quang Minh, James Barbetti, Nguyen Lam Tung,
Olga Chernomor, Heiko Schmidt, Dominik Schrempf, Michael Woodhams, Ly Trong Nhan.

Host:    64923e67824f (AVX512, FMA3, 62 GB RAM)
Command: iqtree -T AUTO --threads-max 2 -s /app/outputs/analyses/606/20250712T034645/between_profile_distances/C/clade_C_seqs.aligned.fasta
Seed:    471105 (Using SPRNG - Scalable Parallel Random Number Generator)
Time:    Fri Jul 11 22:52:32 2025
Kernel:  AVX+FMA - auto-detect threads (36 CPU cores detected)

Reading alignment file /app/outputs/analyses/606/20250712T034645/between_profile_distances/C/clade_C_seqs.aligned.fasta ... Fasta format detected
Reading fasta file: done in 0.00041008 secs using 1.219% CPU
Alignment most likely contains DNA/RNA sequences
Constructing alignment: done in 0.00107908 secs using 2404% CPU
Alignment has 25 sequences with 267 columns, 34 distinct patterns
9 parsimony-informative, 11 singleton sites, 247 constant sites
         Gap/Ambiguity  Composition  p-value
Analyzing sequences: done in 5.6982e-05 secs using 4070% CPU
   1  1          1.50%    passed     99.34%
   2  2          1.50%    passed     99.81%
   3  4          1.87%    passed     99.93%
   4  32         1.50%    passed     99.99%
   5  41         4.12%    passed     98.94%
   6  23471      1.50%    passed     99.71%
   7  308        1.50%    passed     99.34%
   8  59         1.50%    passed     99.91%
   9  828        1.50%    passed     99.90%
  10  12353      1.50%    passed     99.71%
  11  1354       1.50%    passed     99.67%
  12  80         1.87%    passed     99.85%
  13  17875      1.50%    passed     99.78%
  14  37587      1.50%    passed     99.19%
  15  21974      1.50%    passed     99.81%
  16  2520       1.12%    passed     99.93%
  17  1118       1.50%    passed     97.38%
  18  45023      1.50%    passed     95.51%
  19  5736931    1.50%    passed     99.67%
  20  5736932    1.12%    passed     99.30%
  21  5736933    1.50%    passed     99.99%
  22  5736934    1.12%    passed     99.43%
  23  2553       1.50%    passed     99.04%
  24  2554       1.50%    passed     99.98%
  25  2555       1.50%    passed     99.04%
****  TOTAL      1.59%  0 sequences failed composition chi2 test (p-value<5%; df=3)
Checking for duplicate sequences: done in 0.000194788 secs using 3283% CPU


Create initial parsimony tree by phylogenetic likelihood library (PLL)... 0.001 seconds
Measuring multi-threading efficiency up to 2 CPU cores
Increase to 10 rounds for branch lengths
2007 trees examined
Threads: 1 / Time: 2.000 sec / Speedup: 1.000 / Efficiency: 100% / LogL: -624
Threads: 2 / Time: 2.318 sec / Speedup: 0.863 / Efficiency: 43% / LogL: -624
Determining AUTO threadcount: done in 4.3183 secs using 302% CPU
BEST NUMBER OF THREADS: 1

Perform fast likelihood tree search using GTR+I+G model...
Estimate model parameters (epsilon = 5.000)
Perform nearest neighbor interchange...
Optimizing NNI: done in 0.00121617 secs using 197.8% CPU
Estimate model parameters (epsilon = 1.000)
1. Initial log-likelihood: -514.287
Optimal log-likelihood: -514.287
Rate parameters:  A-C: 0.00010  A-G: 8.15075  A-T: 0.00010  C-G: 2.42421  C-T: 6.02627  G-T: 1.00000
Warning! Some parameters hit the boundaries
Base frequencies:  A: 0.167  C: 0.241  G: 0.243  T: 0.348
Proportion of invariable sites: 0.462
Gamma shape alpha: 0.681
Parameters optimization took 1 rounds (0.002 sec)
Time for fast ML tree search: 0.010 seconds

NOTE: ModelFinder requires 0 MB RAM!
ModelFinder will test up to 484 DNA models (sample size: 267) ...
 No. Model         -LnL         df  AIC          AICc         BIC
  1  GTR+F         516.102      55  1142.205     1171.399     1339.503
  2  GTR+F+I       514.215      56  1140.430     1170.830     1341.316
  3  GTR+F+G4      514.228      56  1140.456     1170.856     1341.342
  4  GTR+F+I+G4    514.286      57  1142.572     1174.209     1347.046
  5  GTR+F+R2      515.269      57  1144.538     1176.174     1349.011
  6  GTR+F+R3      514.594      59  1147.188     1181.391     1358.836
 14  GTR+F+I+R2    514.347      58  1144.693     1177.597     1352.753
 15  GTR+F+I+R3    514.304      60  1148.608     1184.142     1363.843
 23  SYM           525.149      52  1154.297     1180.054     1340.834
 24  SYM+I         523.328      53  1152.656     1179.529     1342.780
 25  SYM+G4        523.340      53  1152.680     1179.553     1342.804
 26  SYM+I+G4      523.398      54  1154.796     1182.815     1348.507
 27  SYM+R2        524.321      54  1156.642     1184.661     1350.353
 45  TVM+F         516.264      54  1140.527     1168.546     1334.238
 46  TVM+F+I       514.391      55  1138.781     1167.975     1336.080
 47  TVM+F+G4      514.400      55  1138.801     1167.995     1336.100
 48  TVM+F+I+G4    514.446      56  1140.892     1171.292     1341.778
 49  TVM+F+R2      515.427      56  1142.853     1173.253     1343.739
 67  TVMe          525.167      51  1152.335     1177.004     1335.284
 68  TVMe+I        523.322      52  1150.643     1176.400     1337.180
 69  TVMe+G4       523.339      52  1150.678     1176.435     1337.215
 70  TVMe+I+G4     523.397      53  1152.794     1179.668     1342.919
 71  TVMe+R2       524.346      53  1154.693     1181.566     1344.817
 89  TIM3+F        518.697      53  1143.394     1170.267     1333.518
 90  TIM3+F+I      516.786      54  1141.572     1169.591     1335.284
 91  TIM3+F+G4     516.798      54  1141.596     1169.615     1335.308
 92  TIM3+F+I+G4   516.859      55  1143.718     1172.912     1341.017
 93  TIM3+F+R2     517.859      55  1145.719     1174.913     1343.017
111  TIM3e         528.177      50  1156.353     1179.965     1335.716
112  TIM3e+I       526.392      51  1154.784     1179.454     1337.734
113  TIM3e+G4      526.409      51  1154.819     1179.489     1337.769
114  TIM3e+I+G4    526.462      52  1156.925     1182.682     1343.462
115  TIM3e+R2      527.358      52  1158.716     1184.473     1345.253
133  TIM2+F        516.503      53  1139.005     1165.878     1329.129
134  TIM2+F+I      514.642      54  1137.284     1165.302     1330.995
135  TIM2+F+G4     514.661      54  1137.323     1165.342     1331.034
136  TIM2+F+I+G4   514.720      55  1139.439     1168.634     1336.738
137  TIM2+F+R2     515.654      55  1141.309     1170.503     1338.607
155  TIM2e         525.324      50  1150.649     1174.260     1330.011
156  TIM2e+I       523.566      51  1149.131     1173.801     1332.081
157  TIM2e+G4      523.566      51  1149.131     1173.801     1332.081
158  TIM2e+I+G4    523.633      52  1151.267     1177.024     1337.804
159  TIM2e+R2      524.511      52  1153.023     1178.780     1339.560
177  TIM+F         518.923      53  1143.847     1170.720     1333.971
178  TIM+F+I       517.054      54  1142.107     1170.126     1335.819
179  TIM+F+G4      517.068      54  1142.135     1170.154     1335.847
180  TIM+F+I+G4    517.129      55  1144.257     1173.451     1341.556
181  TIM+F+R2      518.075      55  1146.150     1175.344     1343.448
199  TIMe          528.308      50  1156.615     1180.226     1335.978
200  TIMe+I        526.546      51  1155.092     1179.762     1338.042
201  TIMe+G4       526.565      51  1155.130     1179.799     1338.079
202  TIMe+I+G4     526.616      52  1157.232     1182.989     1343.769
203  TIMe+R2       527.498      52  1158.996     1184.753     1345.533
221  TPM3u+F       518.854      52  1141.707     1167.464     1328.244
222  TPM3u+F+I     516.973      53  1139.947     1166.820     1330.071
223  TPM3u+F+G4    516.984      53  1139.968     1166.841     1330.092
224  TPM3u+F+I+G4  517.027      54  1142.054     1170.073     1335.765
225  TPM3u+F+R2    518.018      54  1144.035     1172.054     1337.746
243  TPM3          528.195      49  1154.390     1176.971     1330.166
244  TPM3+I        526.395      50  1152.791     1176.402     1332.153
245  TPM3+G4       526.413      50  1152.826     1176.437     1332.188
246  TPM3+I+G4     526.469      51  1154.937     1179.607     1337.887
247  TPM3+R2       527.382      51  1156.764     1181.434     1339.714
265  TPM2u+F       516.614      52  1137.229     1162.986     1323.766
266  TPM2u+F+I     514.810      53  1135.621     1162.494     1325.745
267  TPM2u+F+G4    514.824      53  1135.648     1162.521     1325.772
268  TPM2u+F+I+G4  514.864      54  1137.729     1165.748     1331.440
269  TPM2u+F+R2    515.794      54  1139.589     1167.607     1333.300
287  TPM2          525.342      49  1148.683     1171.264     1324.458
288  TPM2+I        523.546      50  1147.092     1170.703     1326.454
289  TPM2+G4       523.564      50  1147.129     1170.740     1326.491
290  TPM2+I+G4     523.621      51  1149.243     1173.912     1332.192
291  TPM2+R2       524.529      51  1151.058     1175.727     1334.007
309  K3Pu+F        519.079      52  1142.159     1167.916     1328.696
310  K3Pu+F+I      517.248      53  1140.495     1167.368     1330.619
311  K3Pu+F+G4     517.260      53  1140.521     1167.394     1330.645
312  K3Pu+F+I+G4   517.303      54  1142.605     1170.624     1336.317
313  K3Pu+F+R2     518.234      54  1144.468     1172.487     1338.179
331  K3P           528.325      49  1154.650     1177.231     1330.425
332  K3P+I         526.550      50  1153.101     1176.712     1332.463
333  K3P+G4        526.569      50  1153.139     1176.750     1332.501
334  K3P+I+G4      526.624      51  1155.247     1179.917     1338.197
335  K3P+R2        527.498      51  1156.996     1181.665     1339.945
353  TN+F          519.060      52  1142.121     1167.878     1328.657
354  TN+F+I        517.203      53  1140.406     1167.279     1330.530
355  TN+F+G4       517.217      53  1140.435     1167.308     1330.559
356  TN+F+I+G4     517.276      54  1142.553     1170.572     1336.264
357  TN+F+R2       518.214      54  1144.429     1172.448     1338.140
375  TNe           528.410      49  1154.819     1177.400     1330.594
376  TNe+I         526.652      50  1153.304     1176.915     1332.667
377  TNe+G4        526.671      50  1153.341     1176.952     1332.704
378  TNe+I+G4      526.721      51  1155.441     1180.111     1338.391
379  TNe+R2        527.607      51  1157.214     1181.883     1340.163
397  HKY+F         519.217      51  1140.435     1165.104     1323.384
398  HKY+F+I       517.396      52  1138.791     1164.548     1325.328
399  HKY+F+G4      517.408      52  1138.816     1164.573     1325.353
400  HKY+F+I+G4    517.450      53  1140.899     1167.772     1331.023
401  HKY+F+R2      518.394      53  1142.787     1169.660     1332.911
419  K2P           528.427      48  1152.855     1174.433     1325.043
420  K2P+I         526.657      49  1151.313     1173.894     1327.088
421  K2P+G4        526.675      49  1151.351     1173.931     1327.126
422  K2P+I+G4      526.729      50  1153.457     1177.068     1332.820
423  K2P+R2        527.620      50  1155.239     1178.850     1334.602
441  F81+F         528.656      50  1157.311     1180.922     1336.674
442  F81+F+I       526.796      51  1155.592     1180.262     1338.542
443  F81+F+G4      526.811      51  1155.621     1180.291     1338.571
444  F81+F+I+G4    526.872      52  1157.744     1183.501     1344.281
445  F81+F+R2      527.830      52  1159.659     1185.416     1346.196
463  JC            538.180      47  1170.360     1190.962     1338.960
464  JC+I          536.390      48  1168.780     1190.358     1340.968
465  JC+G4         536.406      48  1168.813     1190.391     1341.001
466  JC+I+G4       536.457      49  1170.915     1193.495     1346.690
467  JC+R2         537.367      49  1172.733     1195.314     1348.509
Akaike Information Criterion:           TPM2u+F+I
Corrected Akaike Information Criterion: TPM2u+F+I
Bayesian Information Criterion:         HKY+F
Best-fit model: HKY+F chosen according to BIC

All model information printed to /app/outputs/analyses/606/20250712T034645/between_profile_distances/C/clade_C_seqs.aligned.fasta.model.gz
CPU time for ModelFinder: 14.137 seconds (0h:0m:14s)
Wall-clock time for ModelFinder: 4.678 seconds (0h:0m:4s)

NOTE: 0 MB RAM (0 GB) is required!
Estimate model parameters (epsilon = 0.100)
1. Initial log-likelihood: -519.217
Optimal log-likelihood: -519.217
Rate parameters:  A-C: 1.00000  A-G: 7.03012  A-T: 1.00000  C-G: 1.00000  C-T: 7.03012  G-T: 1.00000
Base frequencies:  A: 0.167  C: 0.241  G: 0.243  T: 0.348
Parameters optimization took 1 rounds (0.000 sec)
Wrote distance file to... 
Computing ML distances based on estimated model parameters...
Calculating distance matrix: done in 0.001091 secs using 98.53% CPU
Computing ML distances took 0.001116 sec (of wall-clock time) 0.001105 sec (of CPU time)
Setting up auxiliary I and S matrices: done in 7.10487e-05 secs
Constructing RapidNJ tree: done in 6.69956e-05 secs
Computing RapidNJ tree took 0.000171 sec (of wall-clock time) 0.000000 sec (of CPU time)
Log-likelihood of RapidNJ tree: -521.810
--------------------------------------------------------------------
|             INITIALIZING CANDIDATE TREE SET                      |
--------------------------------------------------------------------
Generating 98 parsimony trees... 0.059 second
Computing log-likelihood of 98 initial trees ... 0.027 seconds
Current best score: -519.217

Do NNI search on 20 best initial trees
Optimizing NNI: done in 0.000717878 secs using 198.6% CPU
Estimate model parameters (epsilon = 0.100)
BETTER TREE FOUND at iteration 1: -519.217
Optimizing NNI: done in 0.000710011 secs using 199.3% CPU
BETTER TREE FOUND at iteration 2: -519.217
Optimizing NNI: done in 0.000705004 secs using 199.6% CPU
BETTER TREE FOUND at iteration 3: -519.217
Optimizing NNI: done in 0.000715971 secs using 199.2% CPU
BETTER TREE FOUND at iteration 4: -519.217
Optimizing NNI: done in 0.00071311 secs using 199.5% CPU
Optimizing NNI: done in 0.000725985 secs using 199.2% CPU
Optimizing NNI: done in 0.000696182 secs using 199.5% CPU
Optimizing NNI: done in 0.000725985 secs using 199.2% CPU
Optimizing NNI: done in 0.000705957 secs using 199.9% CPU
Optimizing NNI: done in 0.000731945 secs using 199.2% CPU
Iteration 10 / LogL: -519.217 / Time: 0h:0m:0s
Optimizing NNI: done in 0.00067091 secs using 199.7% CPU
Optimizing NNI: done in 0.000730038 secs using 199.7% CPU
Optimizing NNI: done in 0.000725985 secs using 199.5% CPU
Optimizing NNI: done in 0.000725031 secs using 200% CPU
Optimizing NNI: done in 0.000703096 secs using 198.1% CPU
Optimizing NNI: done in 0.000725031 secs using 68.55% CPU
Optimizing NNI: done in 0.000733137 secs using 199.8% CPU
Optimizing NNI: done in 0.00072813 secs using 199.6% CPU
Optimizing NNI: done in 0.000724077 secs using 199.7% CPU
Optimizing NNI: done in 0.000725985 secs using 200% CPU
Iteration 20 / LogL: -519.954 / Time: 0h:0m:0s
Finish initializing candidate tree set (20)
Current best tree score: -519.217 / CPU time: 0.105
Number of iterations: 20
--------------------------------------------------------------------
|               OPTIMIZING CANDIDATE TREE SET                      |
--------------------------------------------------------------------
Optimizing NNI: done in 0.00257111 secs using 199.1% CPU
Optimizing NNI: done in 0.00297594 secs using 199.7% CPU
Optimizing NNI: done in 0.002177 secs using 200% CPU
Optimizing NNI: done in 0.00243902 secs using 200% CPU
Optimizing NNI: done in 0.00151587 secs using 199.8% CPU
Optimizing NNI: done in 0.00188017 secs using 200% CPU
Optimizing NNI: done in 0.00138998 secs using 199.6% CPU
Optimizing NNI: done in 0.00225806 secs using 199.6% CPU
Optimizing NNI: done in 0.00141501 secs using 199.8% CPU
Optimizing NNI: done in 0.00213695 secs using 199.8% CPU
Iteration 30 / LogL: -519.220 / Time: 0h:0m:0s (0h:0m:0s left)
Optimizing NNI: done in 0.00241184 secs using 199.8% CPU
Optimizing NNI: done in 0.00253916 secs using 199.8% CPU
Optimizing NNI: done in 0.00217414 secs using 184.1% CPU
Optimizing NNI: done in 0.00217891 secs using 199% CPU
Optimizing NNI: done in 0.00193 secs using 200.1% CPU
Optimizing NNI: done in 0.00277686 secs using 199.9% CPU
Optimizing NNI: done in 0.00150084 secs using 199.7% CPU
Optimizing NNI: done in 0.00133204 secs using 199.6% CPU
Optimizing NNI: done in 0.0015111 secs using 135.3% CPU
Optimizing NNI: done in 0.00140095 secs using 199.4% CPU
Iteration 40 / LogL: -519.218 / Time: 0h:0m:0s (0h:0m:0s left)
Optimizing NNI: done in 0.00116301 secs using 198.5% CPU
Optimizing NNI: done in 0.00295401 secs using 200% CPU
Optimizing NNI: done in 0.00283718 secs using 199.9% CPU
Optimizing NNI: done in 0.00196695 secs using 199.9% CPU
Optimizing NNI: done in 0.00194097 secs using 199.8% CPU
Optimizing NNI: done in 0.00142694 secs using 199.7% CPU
Optimizing NNI: done in 0.00247693 secs using 199.8% CPU
Optimizing NNI: done in 0.00322986 secs using 199.9% CPU
Optimizing NNI: done in 0.0021801 secs using 199.9% CPU
Optimizing NNI: done in 0.00261283 secs using 199.9% CPU
Iteration 50 / LogL: -519.219 / Time: 0h:0m:0s (0h:0m:0s left)
Optimizing NNI: done in 0.00265312 secs using 199.8% CPU
Optimizing NNI: done in 0.00284791 secs using 199.8% CPU
Optimizing NNI: done in 0.001544 secs using 200% CPU
Optimizing NNI: done in 0.002491 secs using 199.9% CPU
Optimizing NNI: done in 0.000730038 secs using 199.4% CPU
Optimizing NNI: done in 0.00142002 secs using 199.9% CPU
Optimizing NNI: done in 0.00282788 secs using 200% CPU
Optimizing NNI: done in 0.00148106 secs using 200% CPU
Optimizing NNI: done in 0.00246 secs using 144.6% CPU
Optimizing NNI: done in 0.00192714 secs using 99.89% CPU
Iteration 60 / LogL: -519.218 / Time: 0h:0m:0s (0h:0m:0s left)
Optimizing NNI: done in 0.00142407 secs using 99.78% CPU
Optimizing NNI: done in 0.00325513 secs using 99.97% CPU
Optimizing NNI: done in 0.00219011 secs using 99.9% CPU
Optimizing NNI: done in 0.00122094 secs using 99.92% CPU
Optimizing NNI: done in 0.002105 secs using 99.91% CPU
Optimizing NNI: done in 0.00243521 secs using 99.95% CPU
Optimizing NNI: done in 0.00203419 secs using 99.89% CPU
Optimizing NNI: done in 0.00331402 secs using 99.94% CPU
Optimizing NNI: done in 0.0014019 secs using 99.86% CPU
Optimizing NNI: done in 0.00137186 secs using 99.94% CPU
Iteration 70 / LogL: -519.218 / Time: 0h:0m:0s (0h:0m:0s left)
Optimizing NNI: done in 0.00222898 secs using 99.37% CPU
Optimizing NNI: done in 0.00174189 secs using 99.95% CPU
Optimizing NNI: done in 0.000694036 secs using 99.85% CPU
BETTER TREE FOUND at iteration 73: -519.217
Optimizing NNI: done in 0.00138402 secs using 99.78% CPU
Optimizing NNI: done in 0.00193882 secs using 99.96% CPU
Optimizing NNI: done in 0.00152397 secs using 99.94% CPU
Optimizing NNI: done in 0.00116992 secs using 99.84% CPU
Optimizing NNI: done in 0.00193501 secs using 99.95% CPU
Optimizing NNI: done in 0.00279498 secs using 99.96% CPU
Optimizing NNI: done in 0.00278807 secs using 99.93% CPU
Iteration 80 / LogL: -519.219 / Time: 0h:0m:0s (0h:0m:0s left)
Optimizing NNI: done in 0.00184679 secs using 99.9% CPU
Optimizing NNI: done in 0.00219607 secs using 99.95% CPU
Optimizing NNI: done in 0.00138688 secs using 99.94% CPU
Optimizing NNI: done in 0.00187898 secs using 99.89% CPU
Optimizing NNI: done in 0.00111604 secs using 99.82% CPU
Optimizing NNI: done in 0.00228596 secs using 99.91% CPU
Optimizing NNI: done in 0.00168896 secs
Optimizing NNI: done in 0.00111294 secs using 99.65% CPU
Optimizing NNI: done in 0.00205398 secs using 99.81% CPU
Optimizing NNI: done in 0.0015769 secs using 99.31% CPU
Iteration 90 / LogL: -536.825 / Time: 0h:0m:0s (0h:0m:0s left)
Optimizing NNI: done in 0.00217605 secs using 99.95% CPU
Optimizing NNI: done in 0.00206494 secs using 99.91% CPU
Optimizing NNI: done in 0.00212407 secs using 99.9% CPU
Optimizing NNI: done in 0.00247288 secs using 99.92% CPU
Optimizing NNI: done in 0.00287795 secs using 99.97% CPU
Optimizing NNI: done in 0.00306201 secs using 99.9% CPU
Optimizing NNI: done in 0.00184298 secs using 99.95% CPU
Optimizing NNI: done in 0.00152516 secs using 99.86% CPU
Optimizing NNI: done in 0.00149488 secs using 99.94% CPU
Optimizing NNI: done in 0.00148988 secs using 99.87% CPU
Iteration 100 / LogL: -524.666 / Time: 0h:0m:0s (0h:0m:0s left)
Optimizing NNI: done in 0.000673056 secs using 99.84% CPU
Optimizing NNI: done in 0.00278115 secs using 99.96% CPU
Optimizing NNI: done in 0.00206494 secs using 99.95% CPU
Optimizing NNI: done in 0.00512314 secs using 99.98% CPU
Optimizing NNI: done in 0.00135303 secs using 99.78% CPU
Optimizing NNI: done in 0.00283599 secs using 99.97% CPU
Optimizing NNI: done in 0.00195503 secs using 99.9% CPU
Optimizing NNI: done in 0.00242305 secs using 99.92% CPU
Optimizing NNI: done in 0.001086 secs using 99.91% CPU
Optimizing NNI: done in 0.00333595 secs using 99.97% CPU
Iteration 110 / LogL: -519.218 / Time: 0h:0m:0s (0h:0m:0s left)
Optimizing NNI: done in 0.00299287 secs using 99.94% CPU
Optimizing NNI: done in 0.0014739 secs using 99.87% CPU
Optimizing NNI: done in 0.00204802 secs using 99.95% CPU
Optimizing NNI: done in 0.00212193 secs using 99.91% CPU
Optimizing NNI: done in 0.00121379 secs using 99.93% CPU
Optimizing NNI: done in 0.00138998 secs using 99.93% CPU
Optimizing NNI: done in 0.00139618 secs using 99.77% CPU
Optimizing NNI: done in 0.001441 secs using 99.93% CPU
Optimizing NNI: done in 0.00270987 secs using 99.97% CPU
Optimizing NNI: done in 0.002244 secs using 99.96% CPU
Iteration 120 / LogL: -519.220 / Time: 0h:0m:0s (0h:0m:0s left)
Optimizing NNI: done in 0.00221586 secs using 99.96% CPU
Optimizing NNI: done in 0.00175309 secs using 99.94% CPU
Optimizing NNI: done in 0.00126505 secs using 99.92% CPU
Optimizing NNI: done in 0.000694036 secs using 99.85% CPU
Optimizing NNI: done in 0.00332308 secs using 99.94% CPU
Optimizing NNI: done in 0.00344586 secs using 99.95% CPU
Optimizing NNI: done in 0.00255013 secs using 99.96% CPU
Optimizing NNI: done in 0.00221586 secs using 99.96% CPU
Optimizing NNI: done in 0.00113392 secs using 99.83% CPU
Optimizing NNI: done in 0.00260592 secs using 99.96% CPU
Iteration 130 / LogL: -519.956 / Time: 0h:0m:0s (0h:0m:0s left)
Optimizing NNI: done in 0.000705957 secs using 99.86% CPU
Optimizing NNI: done in 0.00219107 secs using 99.95% CPU
Optimizing NNI: done in 0.00154495 secs using 99.81% CPU
Optimizing NNI: done in 0.00281286 secs using 99.97% CPU
Optimizing NNI: done in 0.0015049 secs using 99.94% CPU
Optimizing NNI: done in 0.00135684 secs using 99.86% CPU
Optimizing NNI: done in 0.000706911 secs using 99.87% CPU
Optimizing NNI: done in 0.00223398 secs using 99.91% CPU
Optimizing NNI: done in 0.00228715 secs using 99.91% CPU
Optimizing NNI: done in 0.00106716 secs using 99.7% CPU
Iteration 140 / LogL: -519.218 / Time: 0h:0m:0s (0h:0m:0s left)
Optimizing NNI: done in 0.00215197 secs using 99.91% CPU
Optimizing NNI: done in 0.00286007 secs using 99.93% CPU
Optimizing NNI: done in 0.00163412 secs using 99.87% CPU
Optimizing NNI: done in 0.00283003 secs using 99.96% CPU
Optimizing NNI: done in 0.00313282 secs using 99.91% CPU
Optimizing NNI: done in 0.00325394 secs using 99.97% CPU
Optimizing NNI: done in 0.00149107 secs using 99.93% CPU
Optimizing NNI: done in 0.00124693 secs using 99.85% CPU
Optimizing NNI: done in 0.001477 secs using 99.93% CPU
Optimizing NNI: done in 0.00201106 secs using 99.9% CPU
Iteration 150 / LogL: -519.219 / Time: 0h:0m:0s (0h:0m:0s left)
Optimizing NNI: done in 0.00130486 secs using 99.86% CPU
Optimizing NNI: done in 0.00144887 secs using 99.94% CPU
Optimizing NNI: done in 0.00184703 secs using 99.94% CPU
Optimizing NNI: done in 0.00147009 secs using 99.93% CPU
Optimizing NNI: done in 0.00106597 secs using 99.82% CPU
Optimizing NNI: done in 0.00200391 secs using 98.96% CPU
Optimizing NNI: done in 0.0021131 secs using 99.9% CPU
Optimizing NNI: done in 0.0014329 secs using 99.94% CPU
Optimizing NNI: done in 0.00231099 secs using 99.96% CPU
Optimizing NNI: done in 0.00221992 secs using 99.91% CPU
Iteration 160 / LogL: -527.054 / Time: 0h:0m:0s (0h:0m:0s left)
Optimizing NNI: done in 0.00251794 secs using 99.92% CPU
Optimizing NNI: done in 0.00266504 secs using 100% CPU
Optimizing NNI: done in 0.00105405 secs using 99.9% CPU
Optimizing NNI: done in 0.00206709 secs using 99.95% CPU
Optimizing NNI: done in 0.00146699 secs using 99.93% CPU
Optimizing NNI: done in 0.00173783 secs using 100% CPU
Optimizing NNI: done in 0.00221705 secs using 99.95% CPU
Optimizing NNI: done in 0.00240302 secs using 99.96% CPU
Optimizing NNI: done in 0.00116801 secs using 99.83% CPU
Optimizing NNI: done in 0.002177 secs using 99.95% CPU
Iteration 170 / LogL: -519.220 / Time: 0h:0m:0s (0h:0m:0s left)
Optimizing NNI: done in 0.00294113 secs using 99.96% CPU
Optimizing NNI: done in 0.00236011 secs using 99.91% CPU
Optimizing NNI: done in 0.00151992 secs using 99.94% CPU
Optimizing NNI: done in 0.00142694 secs using 99.93% CPU
TREE SEARCH COMPLETED AFTER 174 ITERATIONS / Time: 0h:0m:0s

--------------------------------------------------------------------
|                    FINALIZING TREE SEARCH                        |
--------------------------------------------------------------------
Performs final model parameters optimization
Estimate model parameters (epsilon = 0.010)
1. Initial log-likelihood: -519.217
Optimal log-likelihood: -519.217
Rate parameters:  A-C: 1.00000  A-G: 7.02777  A-T: 1.00000  C-G: 1.00000  C-T: 7.02777  G-T: 1.00000
Base frequencies:  A: 0.167  C: 0.241  G: 0.243  T: 0.348
Parameters optimization took 1 rounds (0.000 sec)
BEST SCORE FOUND : -519.217
Total tree length: 0.088

Total number of iterations: 174
CPU time used for tree search: 0.651 sec (0h:0m:0s)
Wall-clock time used for tree search: 0.462 sec (0h:0m:0s)
Total CPU time used: 0.664 sec (0h:0m:0s)
Total wall-clock time used: 0.474 sec (0h:0m:0s)

Analysis results written to: 
  IQ-TREE report:                /app/outputs/analyses/606/20250712T034645/between_profile_distances/C/clade_C_seqs.aligned.fasta.iqtree
  Maximum-likelihood tree:       /app/outputs/analyses/606/20250712T034645/between_profile_distances/C/clade_C_seqs.aligned.fasta.treefile
  Likelihood distances:          /app/outputs/analyses/606/20250712T034645/between_profile_distances/C/clade_C_seqs.aligned.fasta.mldist
  Screen log file:               /app/outputs/analyses/606/20250712T034645/between_profile_distances/C/clade_C_seqs.aligned.fasta.log

Date and Time: Fri Jul 11 22:52:37 2025
